[3.287s] Invoking command in '/home/koumba/robot_ws/build/navigation_cartographie_pkg': PYTHONPATH=/home/koumba/robot_ws/build/navigation_cartographie_pkg/prefix_override:/usr/lib/python3/dist-packages/colcon_core/task/python/colcon_distutils_commands:/home/koumba/robot_ws/install/navigation_cartographie_pkg/lib/python3.10/site-packages:${PYTHONPATH} /usr/bin/python3 -W ignore:setup.py install is deprecated -W ignore:easy_install command is deprecated setup.py develop --editable --build-directory /home/koumba/robot_ws/build/navigation_cartographie_pkg/build --no-deps symlink_data
[3.772s] running develop
[4.083s] running egg_info
[4.083s] creating navigation_cartographie_pkg.egg-info
[4.084s] writing navigation_cartographie_pkg.egg-info/PKG-INFO
[4.084s] writing dependency_links to navigation_cartographie_pkg.egg-info/dependency_links.txt
[4.084s] writing entry points to navigation_cartographie_pkg.egg-info/entry_points.txt
[4.085s] writing requirements to navigation_cartographie_pkg.egg-info/requires.txt
[4.085s] writing top-level names to navigation_cartographie_pkg.egg-info/top_level.txt
[4.085s] writing manifest file 'navigation_cartographie_pkg.egg-info/SOURCES.txt'
[4.088s] reading manifest file 'navigation_cartographie_pkg.egg-info/SOURCES.txt'
[4.090s] writing manifest file 'navigation_cartographie_pkg.egg-info/SOURCES.txt'
[4.093s] running build_ext
[4.095s] Creating /home/koumba/robot_ws/install/navigation_cartographie_pkg/lib/python3.10/site-packages/navigation-cartographie-pkg.egg-link (link to .)
[4.096s] 
[4.096s] Installed /home/koumba/robot_ws/build/navigation_cartographie_pkg
[4.097s] running symlink_data
[4.099s] creating /home/koumba/robot_ws/install/navigation_cartographie_pkg/share/ament_index
[4.099s] creating /home/koumba/robot_ws/install/navigation_cartographie_pkg/share/ament_index/resource_index
[4.100s] creating /home/koumba/robot_ws/install/navigation_cartographie_pkg/share/ament_index/resource_index/packages
[4.100s] symbolically linking /home/koumba/robot_ws/build/navigation_cartographie_pkg/resource/navigation_cartographie_pkg -> /home/koumba/robot_ws/install/navigation_cartographie_pkg/share/ament_index/resource_index/packages
[4.100s] symbolically linking /home/koumba/robot_ws/build/navigation_cartographie_pkg/package.xml -> /home/koumba/robot_ws/install/navigation_cartographie_pkg/share/navigation_cartographie_pkg
[4.157s] Invoked command in '/home/koumba/robot_ws/build/navigation_cartographie_pkg' returned '0': PYTHONPATH=/home/koumba/robot_ws/build/navigation_cartographie_pkg/prefix_override:/usr/lib/python3/dist-packages/colcon_core/task/python/colcon_distutils_commands:/home/koumba/robot_ws/install/navigation_cartographie_pkg/lib/python3.10/site-packages:${PYTHONPATH} /usr/bin/python3 -W ignore:setup.py install is deprecated -W ignore:easy_install command is deprecated setup.py develop --editable --build-directory /home/koumba/robot_ws/build/navigation_cartographie_pkg/build --no-deps symlink_data
