[0.318s] DEBUG:colcon:Command line arguments: ['/usr/bin/colcon', 'build', '--symlink-install']
[0.318s] DEBUG:colcon:Parsed command line arguments: Namespace(log_base=None, log_level=None, verb_name='build', build_base='build', install_base='install', merge_install=False, symlink_install=True, test_result_base=None, continue_on_error=False, executor='parallel', parallel_workers=12, event_handlers=None, ignore_user_meta=False, metas=['./colcon.meta'], base_paths=['.'], packages_ignore=None, packages_ignore_regex=None, paths=None, packages_up_to=None, packages_up_to_regex=None, packages_above=None, packages_above_and_dependencies=None, packages_above_depth=None, packages_select_by_dep=None, packages_skip_by_dep=None, packages_skip_up_to=None, packages_select_build_failed=False, packages_skip_build_finished=False, packages_select_test_failures=False, packages_skip_test_passed=False, packages_select=None, packages_skip=None, packages_select_regex=None, packages_skip_regex=None, packages_start=None, packages_end=None, allow_overriding=[], cmake_args=None, cmake_target=None, cmake_target_skip_unavailable=False, cmake_clean_cache=False, cmake_clean_first=False, cmake_force_configure=False, ament_cmake_args=None, catkin_cmake_args=None, catkin_skip_building_tests=False, verb_parser=<colcon_defaults.argument_parser.defaults.DefaultArgumentsDecorator object at 0x79a7c43ba3b0>, verb_extension=<colcon_core.verb.build.BuildVerb object at 0x79a7c450ff10>, main=<bound method BuildVerb.main of <colcon_core.verb.build.BuildVerb object at 0x79a7c450ff10>>)
[0.585s] Level 1:colcon.colcon_core.package_discovery:discover_packages(colcon_meta) check parameters
[0.586s] Level 1:colcon.colcon_core.package_discovery:discover_packages(recursive) check parameters
[0.586s] Level 1:colcon.colcon_core.package_discovery:discover_packages(ignore) check parameters
[0.586s] Level 1:colcon.colcon_core.package_discovery:discover_packages(path) check parameters
[0.586s] Level 1:colcon.colcon_core.package_discovery:discover_packages(colcon_meta) discover
[0.586s] Level 1:colcon.colcon_core.package_discovery:discover_packages(recursive) discover
[0.586s] INFO:colcon.colcon_core.package_discovery:Crawling recursively for packages in '/home/koumba/robot_ws'
[0.586s] Level 1:colcon.colcon_core.package_identification:_identify(.) by extensions ['ignore', 'ignore_ament_install']
[0.586s] Level 1:colcon.colcon_core.package_identification:_identify(.) by extension 'ignore'
[0.587s] Level 1:colcon.colcon_core.package_identification:_identify(.) by extension 'ignore_ament_install'
[0.587s] Level 1:colcon.colcon_core.package_identification:_identify(.) by extensions ['colcon_pkg']
[0.587s] Level 1:colcon.colcon_core.package_identification:_identify(.) by extension 'colcon_pkg'
[0.587s] Level 1:colcon.colcon_core.package_identification:_identify(.) by extensions ['colcon_meta']
[0.587s] Level 1:colcon.colcon_core.package_identification:_identify(.) by extension 'colcon_meta'
[0.587s] Level 1:colcon.colcon_core.package_identification:_identify(.) by extensions ['ros']
[0.587s] Level 1:colcon.colcon_core.package_identification:_identify(.) by extension 'ros'
[0.605s] Level 1:colcon.colcon_core.package_identification:_identify(.) by extensions ['cmake', 'python']
[0.605s] Level 1:colcon.colcon_core.package_identification:_identify(.) by extension 'cmake'
[0.605s] Level 1:colcon.colcon_core.package_identification:_identify(.) by extension 'python'
[0.605s] Level 1:colcon.colcon_core.package_identification:_identify(.) by extensions ['python_setup_py']
[0.605s] Level 1:colcon.colcon_core.package_identification:_identify(.) by extension 'python_setup_py'
[0.605s] Level 1:colcon.colcon_core.package_identification:_identify(build) by extensions ['ignore', 'ignore_ament_install']
[0.606s] Level 1:colcon.colcon_core.package_identification:_identify(build) by extension 'ignore'
[0.606s] Level 1:colcon.colcon_core.package_identification:_identify(build) ignored
[0.606s] Level 1:colcon.colcon_core.package_identification:_identify(install) by extensions ['ignore', 'ignore_ament_install']
[0.606s] Level 1:colcon.colcon_core.package_identification:_identify(install) by extension 'ignore'
[0.606s] Level 1:colcon.colcon_core.package_identification:_identify(install) ignored
[0.606s] Level 1:colcon.colcon_core.package_identification:_identify(log) by extensions ['ignore', 'ignore_ament_install']
[0.606s] Level 1:colcon.colcon_core.package_identification:_identify(log) by extension 'ignore'
[0.607s] Level 1:colcon.colcon_core.package_identification:_identify(log) ignored
[0.607s] Level 1:colcon.colcon_core.package_identification:_identify(src) by extensions ['ignore', 'ignore_ament_install']
[0.607s] Level 1:colcon.colcon_core.package_identification:_identify(src) by extension 'ignore'
[0.607s] Level 1:colcon.colcon_core.package_identification:_identify(src) by extension 'ignore_ament_install'
[0.607s] Level 1:colcon.colcon_core.package_identification:_identify(src) by extensions ['colcon_pkg']
[0.607s] Level 1:colcon.colcon_core.package_identification:_identify(src) by extension 'colcon_pkg'
[0.608s] Level 1:colcon.colcon_core.package_identification:_identify(src) by extensions ['colcon_meta']
[0.608s] Level 1:colcon.colcon_core.package_identification:_identify(src) by extension 'colcon_meta'
[0.608s] Level 1:colcon.colcon_core.package_identification:_identify(src) by extensions ['ros']
[0.608s] Level 1:colcon.colcon_core.package_identification:_identify(src) by extension 'ros'
[0.608s] Level 1:colcon.colcon_core.package_identification:_identify(src) by extensions ['cmake', 'python']
[0.608s] Level 1:colcon.colcon_core.package_identification:_identify(src) by extension 'cmake'
[0.608s] Level 1:colcon.colcon_core.package_identification:_identify(src) by extension 'python'
[0.608s] Level 1:colcon.colcon_core.package_identification:_identify(src) by extensions ['python_setup_py']
[0.608s] Level 1:colcon.colcon_core.package_identification:_identify(src) by extension 'python_setup_py'
[0.608s] Level 1:colcon.colcon_core.package_identification:_identify(src/battery_motor_pkg) by extensions ['ignore', 'ignore_ament_install']
[0.608s] Level 1:colcon.colcon_core.package_identification:_identify(src/battery_motor_pkg) by extension 'ignore'
[0.608s] Level 1:colcon.colcon_core.package_identification:_identify(src/battery_motor_pkg) by extension 'ignore_ament_install'
[0.609s] Level 1:colcon.colcon_core.package_identification:_identify(src/battery_motor_pkg) by extensions ['colcon_pkg']
[0.609s] Level 1:colcon.colcon_core.package_identification:_identify(src/battery_motor_pkg) by extension 'colcon_pkg'
[0.609s] Level 1:colcon.colcon_core.package_identification:_identify(src/battery_motor_pkg) by extensions ['colcon_meta']
[0.609s] Level 1:colcon.colcon_core.package_identification:_identify(src/battery_motor_pkg) by extension 'colcon_meta'
[0.609s] Level 1:colcon.colcon_core.package_identification:_identify(src/battery_motor_pkg) by extensions ['ros']
[0.609s] Level 1:colcon.colcon_core.package_identification:_identify(src/battery_motor_pkg) by extension 'ros'
[0.612s] DEBUG:colcon.colcon_core.package_identification:Package 'src/battery_motor_pkg' with type 'ros.ament_python' and name 'battery_motor_pkg'
[0.613s] Level 1:colcon.colcon_core.package_identification:_identify(src/capteurs_pkg) by extensions ['ignore', 'ignore_ament_install']
[0.613s] Level 1:colcon.colcon_core.package_identification:_identify(src/capteurs_pkg) by extension 'ignore'
[0.613s] Level 1:colcon.colcon_core.package_identification:_identify(src/capteurs_pkg) by extension 'ignore_ament_install'
[0.613s] Level 1:colcon.colcon_core.package_identification:_identify(src/capteurs_pkg) by extensions ['colcon_pkg']
[0.613s] Level 1:colcon.colcon_core.package_identification:_identify(src/capteurs_pkg) by extension 'colcon_pkg'
[0.613s] Level 1:colcon.colcon_core.package_identification:_identify(src/capteurs_pkg) by extensions ['colcon_meta']
[0.613s] Level 1:colcon.colcon_core.package_identification:_identify(src/capteurs_pkg) by extension 'colcon_meta'
[0.613s] Level 1:colcon.colcon_core.package_identification:_identify(src/capteurs_pkg) by extensions ['ros']
[0.613s] Level 1:colcon.colcon_core.package_identification:_identify(src/capteurs_pkg) by extension 'ros'
[0.614s] DEBUG:colcon.colcon_core.package_identification:Package 'src/capteurs_pkg' with type 'ros.ament_python' and name 'capteurs_pkg'
[0.614s] Level 1:colcon.colcon_core.package_identification:_identify(src/controle_safety_pkg) by extensions ['ignore', 'ignore_ament_install']
[0.614s] Level 1:colcon.colcon_core.package_identification:_identify(src/controle_safety_pkg) by extension 'ignore'
[0.615s] Level 1:colcon.colcon_core.package_identification:_identify(src/controle_safety_pkg) by extension 'ignore_ament_install'
[0.615s] Level 1:colcon.colcon_core.package_identification:_identify(src/controle_safety_pkg) by extensions ['colcon_pkg']
[0.615s] Level 1:colcon.colcon_core.package_identification:_identify(src/controle_safety_pkg) by extension 'colcon_pkg'
[0.615s] Level 1:colcon.colcon_core.package_identification:_identify(src/controle_safety_pkg) by extensions ['colcon_meta']
[0.615s] Level 1:colcon.colcon_core.package_identification:_identify(src/controle_safety_pkg) by extension 'colcon_meta'
[0.615s] Level 1:colcon.colcon_core.package_identification:_identify(src/controle_safety_pkg) by extensions ['ros']
[0.615s] Level 1:colcon.colcon_core.package_identification:_identify(src/controle_safety_pkg) by extension 'ros'
[0.616s] DEBUG:colcon.colcon_core.package_identification:Package 'src/controle_safety_pkg' with type 'ros.ament_python' and name 'controle_safety_pkg'
[0.616s] Level 1:colcon.colcon_core.package_identification:_identify(src/led_supervision_pkg) by extensions ['ignore', 'ignore_ament_install']
[0.616s] Level 1:colcon.colcon_core.package_identification:_identify(src/led_supervision_pkg) by extension 'ignore'
[0.616s] Level 1:colcon.colcon_core.package_identification:_identify(src/led_supervision_pkg) by extension 'ignore_ament_install'
[0.616s] Level 1:colcon.colcon_core.package_identification:_identify(src/led_supervision_pkg) by extensions ['colcon_pkg']
[0.616s] Level 1:colcon.colcon_core.package_identification:_identify(src/led_supervision_pkg) by extension 'colcon_pkg'
[0.616s] Level 1:colcon.colcon_core.package_identification:_identify(src/led_supervision_pkg) by extensions ['colcon_meta']
[0.616s] Level 1:colcon.colcon_core.package_identification:_identify(src/led_supervision_pkg) by extension 'colcon_meta'
[0.617s] Level 1:colcon.colcon_core.package_identification:_identify(src/led_supervision_pkg) by extensions ['ros']
[0.617s] Level 1:colcon.colcon_core.package_identification:_identify(src/led_supervision_pkg) by extension 'ros'
[0.617s] DEBUG:colcon.colcon_core.package_identification:Package 'src/led_supervision_pkg' with type 'ros.ament_python' and name 'led_supervision_pkg'
[0.617s] Level 1:colcon.colcon_core.package_identification:_identify(src/localisation_pkg) by extensions ['ignore', 'ignore_ament_install']
[0.618s] Level 1:colcon.colcon_core.package_identification:_identify(src/localisation_pkg) by extension 'ignore'
[0.618s] Level 1:colcon.colcon_core.package_identification:_identify(src/localisation_pkg) by extension 'ignore_ament_install'
[0.618s] Level 1:colcon.colcon_core.package_identification:_identify(src/localisation_pkg) by extensions ['colcon_pkg']
[0.618s] Level 1:colcon.colcon_core.package_identification:_identify(src/localisation_pkg) by extension 'colcon_pkg'
[0.618s] Level 1:colcon.colcon_core.package_identification:_identify(src/localisation_pkg) by extensions ['colcon_meta']
[0.618s] Level 1:colcon.colcon_core.package_identification:_identify(src/localisation_pkg) by extension 'colcon_meta'
[0.618s] Level 1:colcon.colcon_core.package_identification:_identify(src/localisation_pkg) by extensions ['ros']
[0.618s] Level 1:colcon.colcon_core.package_identification:_identify(src/localisation_pkg) by extension 'ros'
[0.619s] DEBUG:colcon.colcon_core.package_identification:Package 'src/localisation_pkg' with type 'ros.ament_python' and name 'localisation_pkg'
[0.619s] Level 1:colcon.colcon_core.package_identification:_identify(src/navigation_cartographie_pkg) by extensions ['ignore', 'ignore_ament_install']
[0.619s] Level 1:colcon.colcon_core.package_identification:_identify(src/navigation_cartographie_pkg) by extension 'ignore'
[0.619s] Level 1:colcon.colcon_core.package_identification:_identify(src/navigation_cartographie_pkg) by extension 'ignore_ament_install'
[0.619s] Level 1:colcon.colcon_core.package_identification:_identify(src/navigation_cartographie_pkg) by extensions ['colcon_pkg']
[0.620s] Level 1:colcon.colcon_core.package_identification:_identify(src/navigation_cartographie_pkg) by extension 'colcon_pkg'
[0.620s] Level 1:colcon.colcon_core.package_identification:_identify(src/navigation_cartographie_pkg) by extensions ['colcon_meta']
[0.620s] Level 1:colcon.colcon_core.package_identification:_identify(src/navigation_cartographie_pkg) by extension 'colcon_meta'
[0.620s] Level 1:colcon.colcon_core.package_identification:_identify(src/navigation_cartographie_pkg) by extensions ['ros']
[0.620s] Level 1:colcon.colcon_core.package_identification:_identify(src/navigation_cartographie_pkg) by extension 'ros'
[0.620s] DEBUG:colcon.colcon_core.package_identification:Package 'src/navigation_cartographie_pkg' with type 'ros.ament_python' and name 'navigation_cartographie_pkg'
[0.620s] Level 1:colcon.colcon_core.package_discovery:discover_packages(recursive) using defaults
[0.621s] Level 1:colcon.colcon_core.package_discovery:discover_packages(ignore) discover
[0.621s] Level 1:colcon.colcon_core.package_discovery:discover_packages(ignore) using defaults
[0.621s] Level 1:colcon.colcon_core.package_discovery:discover_packages(path) discover
[0.621s] Level 1:colcon.colcon_core.package_discovery:discover_packages(path) using defaults
[0.653s] Level 1:colcon.colcon_core.package_discovery:discover_packages(prefix_path) check parameters
[0.653s] Level 1:colcon.colcon_core.package_discovery:discover_packages(prefix_path) discover
[0.656s] DEBUG:colcon.colcon_installed_package_information.package_discovery:Found 6 installed packages in /home/koumba/robot_ws/install
[0.658s] DEBUG:colcon.colcon_installed_package_information.package_discovery:Found 272 installed packages in /opt/ros/humble
[0.673s] Level 1:colcon.colcon_core.package_discovery:discover_packages(prefix_path) using defaults
[0.732s] Level 5:colcon.colcon_core.verb:set package 'battery_motor_pkg' build argument 'cmake_args' from command line to 'None'
[0.732s] Level 5:colcon.colcon_core.verb:set package 'battery_motor_pkg' build argument 'cmake_target' from command line to 'None'
[0.732s] Level 5:colcon.colcon_core.verb:set package 'battery_motor_pkg' build argument 'cmake_target_skip_unavailable' from command line to 'False'
[0.732s] Level 5:colcon.colcon_core.verb:set package 'battery_motor_pkg' build argument 'cmake_clean_cache' from command line to 'False'
[0.732s] Level 5:colcon.colcon_core.verb:set package 'battery_motor_pkg' build argument 'cmake_clean_first' from command line to 'False'
[0.732s] Level 5:colcon.colcon_core.verb:set package 'battery_motor_pkg' build argument 'cmake_force_configure' from command line to 'False'
[0.732s] Level 5:colcon.colcon_core.verb:set package 'battery_motor_pkg' build argument 'ament_cmake_args' from command line to 'None'
[0.732s] Level 5:colcon.colcon_core.verb:set package 'battery_motor_pkg' build argument 'catkin_cmake_args' from command line to 'None'
[0.732s] Level 5:colcon.colcon_core.verb:set package 'battery_motor_pkg' build argument 'catkin_skip_building_tests' from command line to 'False'
[0.732s] DEBUG:colcon.colcon_core.verb:Building package 'battery_motor_pkg' with the following arguments: {'ament_cmake_args': None, 'build_base': '/home/koumba/robot_ws/build/battery_motor_pkg', 'catkin_cmake_args': None, 'catkin_skip_building_tests': False, 'cmake_args': None, 'cmake_clean_cache': False, 'cmake_clean_first': False, 'cmake_force_configure': False, 'cmake_target': None, 'cmake_target_skip_unavailable': False, 'install_base': '/home/koumba/robot_ws/install/battery_motor_pkg', 'merge_install': False, 'path': '/home/koumba/robot_ws/src/battery_motor_pkg', 'symlink_install': True, 'test_result_base': None}
[0.733s] Level 5:colcon.colcon_core.verb:set package 'capteurs_pkg' build argument 'cmake_args' from command line to 'None'
[0.733s] Level 5:colcon.colcon_core.verb:set package 'capteurs_pkg' build argument 'cmake_target' from command line to 'None'
[0.733s] Level 5:colcon.colcon_core.verb:set package 'capteurs_pkg' build argument 'cmake_target_skip_unavailable' from command line to 'False'
[0.733s] Level 5:colcon.colcon_core.verb:set package 'capteurs_pkg' build argument 'cmake_clean_cache' from command line to 'False'
[0.733s] Level 5:colcon.colcon_core.verb:set package 'capteurs_pkg' build argument 'cmake_clean_first' from command line to 'False'
[0.733s] Level 5:colcon.colcon_core.verb:set package 'capteurs_pkg' build argument 'cmake_force_configure' from command line to 'False'
[0.733s] Level 5:colcon.colcon_core.verb:set package 'capteurs_pkg' build argument 'ament_cmake_args' from command line to 'None'
[0.733s] Level 5:colcon.colcon_core.verb:set package 'capteurs_pkg' build argument 'catkin_cmake_args' from command line to 'None'
[0.733s] Level 5:colcon.colcon_core.verb:set package 'capteurs_pkg' build argument 'catkin_skip_building_tests' from command line to 'False'
[0.733s] DEBUG:colcon.colcon_core.verb:Building package 'capteurs_pkg' with the following arguments: {'ament_cmake_args': None, 'build_base': '/home/koumba/robot_ws/build/capteurs_pkg', 'catkin_cmake_args': None, 'catkin_skip_building_tests': False, 'cmake_args': None, 'cmake_clean_cache': False, 'cmake_clean_first': False, 'cmake_force_configure': False, 'cmake_target': None, 'cmake_target_skip_unavailable': False, 'install_base': '/home/koumba/robot_ws/install/capteurs_pkg', 'merge_install': False, 'path': '/home/koumba/robot_ws/src/capteurs_pkg', 'symlink_install': True, 'test_result_base': None}
[0.733s] Level 5:colcon.colcon_core.verb:set package 'controle_safety_pkg' build argument 'cmake_args' from command line to 'None'
[0.734s] Level 5:colcon.colcon_core.verb:set package 'controle_safety_pkg' build argument 'cmake_target' from command line to 'None'
[0.734s] Level 5:colcon.colcon_core.verb:set package 'controle_safety_pkg' build argument 'cmake_target_skip_unavailable' from command line to 'False'
[0.734s] Level 5:colcon.colcon_core.verb:set package 'controle_safety_pkg' build argument 'cmake_clean_cache' from command line to 'False'
[0.734s] Level 5:colcon.colcon_core.verb:set package 'controle_safety_pkg' build argument 'cmake_clean_first' from command line to 'False'
[0.734s] Level 5:colcon.colcon_core.verb:set package 'controle_safety_pkg' build argument 'cmake_force_configure' from command line to 'False'
[0.734s] Level 5:colcon.colcon_core.verb:set package 'controle_safety_pkg' build argument 'ament_cmake_args' from command line to 'None'
[0.734s] Level 5:colcon.colcon_core.verb:set package 'controle_safety_pkg' build argument 'catkin_cmake_args' from command line to 'None'
[0.734s] Level 5:colcon.colcon_core.verb:set package 'controle_safety_pkg' build argument 'catkin_skip_building_tests' from command line to 'False'
[0.734s] DEBUG:colcon.colcon_core.verb:Building package 'controle_safety_pkg' with the following arguments: {'ament_cmake_args': None, 'build_base': '/home/koumba/robot_ws/build/controle_safety_pkg', 'catkin_cmake_args': None, 'catkin_skip_building_tests': False, 'cmake_args': None, 'cmake_clean_cache': False, 'cmake_clean_first': False, 'cmake_force_configure': False, 'cmake_target': None, 'cmake_target_skip_unavailable': False, 'install_base': '/home/koumba/robot_ws/install/controle_safety_pkg', 'merge_install': False, 'path': '/home/koumba/robot_ws/src/controle_safety_pkg', 'symlink_install': True, 'test_result_base': None}
[0.734s] Level 5:colcon.colcon_core.verb:set package 'led_supervision_pkg' build argument 'cmake_args' from command line to 'None'
[0.734s] Level 5:colcon.colcon_core.verb:set package 'led_supervision_pkg' build argument 'cmake_target' from command line to 'None'
[0.734s] Level 5:colcon.colcon_core.verb:set package 'led_supervision_pkg' build argument 'cmake_target_skip_unavailable' from command line to 'False'
[0.734s] Level 5:colcon.colcon_core.verb:set package 'led_supervision_pkg' build argument 'cmake_clean_cache' from command line to 'False'
[0.735s] Level 5:colcon.colcon_core.verb:set package 'led_supervision_pkg' build argument 'cmake_clean_first' from command line to 'False'
[0.735s] Level 5:colcon.colcon_core.verb:set package 'led_supervision_pkg' build argument 'cmake_force_configure' from command line to 'False'
[0.735s] Level 5:colcon.colcon_core.verb:set package 'led_supervision_pkg' build argument 'ament_cmake_args' from command line to 'None'
[0.735s] Level 5:colcon.colcon_core.verb:set package 'led_supervision_pkg' build argument 'catkin_cmake_args' from command line to 'None'
[0.735s] Level 5:colcon.colcon_core.verb:set package 'led_supervision_pkg' build argument 'catkin_skip_building_tests' from command line to 'False'
[0.735s] DEBUG:colcon.colcon_core.verb:Building package 'led_supervision_pkg' with the following arguments: {'ament_cmake_args': None, 'build_base': '/home/koumba/robot_ws/build/led_supervision_pkg', 'catkin_cmake_args': None, 'catkin_skip_building_tests': False, 'cmake_args': None, 'cmake_clean_cache': False, 'cmake_clean_first': False, 'cmake_force_configure': False, 'cmake_target': None, 'cmake_target_skip_unavailable': False, 'install_base': '/home/koumba/robot_ws/install/led_supervision_pkg', 'merge_install': False, 'path': '/home/koumba/robot_ws/src/led_supervision_pkg', 'symlink_install': True, 'test_result_base': None}
[0.735s] Level 5:colcon.colcon_core.verb:set package 'localisation_pkg' build argument 'cmake_args' from command line to 'None'
[0.735s] Level 5:colcon.colcon_core.verb:set package 'localisation_pkg' build argument 'cmake_target' from command line to 'None'
[0.735s] Level 5:colcon.colcon_core.verb:set package 'localisation_pkg' build argument 'cmake_target_skip_unavailable' from command line to 'False'
[0.735s] Level 5:colcon.colcon_core.verb:set package 'localisation_pkg' build argument 'cmake_clean_cache' from command line to 'False'
[0.735s] Level 5:colcon.colcon_core.verb:set package 'localisation_pkg' build argument 'cmake_clean_first' from command line to 'False'
[0.735s] Level 5:colcon.colcon_core.verb:set package 'localisation_pkg' build argument 'cmake_force_configure' from command line to 'False'
[0.735s] Level 5:colcon.colcon_core.verb:set package 'localisation_pkg' build argument 'ament_cmake_args' from command line to 'None'
[0.735s] Level 5:colcon.colcon_core.verb:set package 'localisation_pkg' build argument 'catkin_cmake_args' from command line to 'None'
[0.736s] Level 5:colcon.colcon_core.verb:set package 'localisation_pkg' build argument 'catkin_skip_building_tests' from command line to 'False'
[0.736s] DEBUG:colcon.colcon_core.verb:Building package 'localisation_pkg' with the following arguments: {'ament_cmake_args': None, 'build_base': '/home/koumba/robot_ws/build/localisation_pkg', 'catkin_cmake_args': None, 'catkin_skip_building_tests': False, 'cmake_args': None, 'cmake_clean_cache': False, 'cmake_clean_first': False, 'cmake_force_configure': False, 'cmake_target': None, 'cmake_target_skip_unavailable': False, 'install_base': '/home/koumba/robot_ws/install/localisation_pkg', 'merge_install': False, 'path': '/home/koumba/robot_ws/src/localisation_pkg', 'symlink_install': True, 'test_result_base': None}
[0.736s] Level 5:colcon.colcon_core.verb:set package 'navigation_cartographie_pkg' build argument 'cmake_args' from command line to 'None'
[0.736s] Level 5:colcon.colcon_core.verb:set package 'navigation_cartographie_pkg' build argument 'cmake_target' from command line to 'None'
[0.736s] Level 5:colcon.colcon_core.verb:set package 'navigation_cartographie_pkg' build argument 'cmake_target_skip_unavailable' from command line to 'False'
[0.736s] Level 5:colcon.colcon_core.verb:set package 'navigation_cartographie_pkg' build argument 'cmake_clean_cache' from command line to 'False'
[0.736s] Level 5:colcon.colcon_core.verb:set package 'navigation_cartographie_pkg' build argument 'cmake_clean_first' from command line to 'False'
[0.736s] Level 5:colcon.colcon_core.verb:set package 'navigation_cartographie_pkg' build argument 'cmake_force_configure' from command line to 'False'
[0.736s] Level 5:colcon.colcon_core.verb:set package 'navigation_cartographie_pkg' build argument 'ament_cmake_args' from command line to 'None'
[0.736s] Level 5:colcon.colcon_core.verb:set package 'navigation_cartographie_pkg' build argument 'catkin_cmake_args' from command line to 'None'
[0.736s] Level 5:colcon.colcon_core.verb:set package 'navigation_cartographie_pkg' build argument 'catkin_skip_building_tests' from command line to 'False'
[0.736s] DEBUG:colcon.colcon_core.verb:Building package 'navigation_cartographie_pkg' with the following arguments: {'ament_cmake_args': None, 'build_base': '/home/koumba/robot_ws/build/navigation_cartographie_pkg', 'catkin_cmake_args': None, 'catkin_skip_building_tests': False, 'cmake_args': None, 'cmake_clean_cache': False, 'cmake_clean_first': False, 'cmake_force_configure': False, 'cmake_target': None, 'cmake_target_skip_unavailable': False, 'install_base': '/home/koumba/robot_ws/install/navigation_cartographie_pkg', 'merge_install': False, 'path': '/home/koumba/robot_ws/src/navigation_cartographie_pkg', 'symlink_install': True, 'test_result_base': None}
[0.737s] INFO:colcon.colcon_core.executor:Executing jobs using 'parallel' executor
[0.738s] DEBUG:colcon.colcon_parallel_executor.executor.parallel:run_until_complete
[0.739s] INFO:colcon.colcon_ros.task.ament_python.build:Building ROS package in '/home/koumba/robot_ws/src/battery_motor_pkg' with build type 'ament_python'
[0.739s] Level 1:colcon.colcon_core.shell:create_environment_hook('battery_motor_pkg', 'ament_prefix_path')
[0.744s] INFO:colcon.colcon_core.plugin_system:Skipping extension 'colcon_core.shell.bat': Not used on non-Windows systems
[0.744s] INFO:colcon.colcon_core.shell:Creating environment hook '/home/koumba/robot_ws/install/battery_motor_pkg/share/battery_motor_pkg/hook/ament_prefix_path.ps1'
[0.745s] INFO:colcon.colcon_core.shell:Creating environment descriptor '/home/koumba/robot_ws/install/battery_motor_pkg/share/battery_motor_pkg/hook/ament_prefix_path.dsv'
[0.746s] INFO:colcon.colcon_core.shell:Creating environment hook '/home/koumba/robot_ws/install/battery_motor_pkg/share/battery_motor_pkg/hook/ament_prefix_path.sh'
[0.747s] INFO:colcon.colcon_core.shell:Skip shell extension 'powershell' for command environment: Not usable outside of PowerShell
[0.747s] DEBUG:colcon.colcon_core.shell:Skip shell extension 'dsv' for command environment
[0.753s] INFO:colcon.colcon_ros.task.ament_python.build:Building ROS package in '/home/koumba/robot_ws/src/capteurs_pkg' with build type 'ament_python'
[0.753s] Level 1:colcon.colcon_core.shell:create_environment_hook('capteurs_pkg', 'ament_prefix_path')
[0.754s] INFO:colcon.colcon_core.shell:Creating environment hook '/home/koumba/robot_ws/install/capteurs_pkg/share/capteurs_pkg/hook/ament_prefix_path.ps1'
[0.754s] INFO:colcon.colcon_core.shell:Creating environment descriptor '/home/koumba/robot_ws/install/capteurs_pkg/share/capteurs_pkg/hook/ament_prefix_path.dsv'
[0.755s] INFO:colcon.colcon_core.shell:Creating environment hook '/home/koumba/robot_ws/install/capteurs_pkg/share/capteurs_pkg/hook/ament_prefix_path.sh'
[0.756s] INFO:colcon.colcon_core.shell:Skip shell extension 'powershell' for command environment: Not usable outside of PowerShell
[0.756s] DEBUG:colcon.colcon_core.shell:Skip shell extension 'dsv' for command environment
[0.763s] INFO:colcon.colcon_ros.task.ament_python.build:Building ROS package in '/home/koumba/robot_ws/src/controle_safety_pkg' with build type 'ament_python'
[0.763s] Level 1:colcon.colcon_core.shell:create_environment_hook('controle_safety_pkg', 'ament_prefix_path')
[0.764s] INFO:colcon.colcon_core.shell:Creating environment hook '/home/koumba/robot_ws/install/controle_safety_pkg/share/controle_safety_pkg/hook/ament_prefix_path.ps1'
[0.765s] INFO:colcon.colcon_core.shell:Creating environment descriptor '/home/koumba/robot_ws/install/controle_safety_pkg/share/controle_safety_pkg/hook/ament_prefix_path.dsv'
[0.766s] INFO:colcon.colcon_core.shell:Creating environment hook '/home/koumba/robot_ws/install/controle_safety_pkg/share/controle_safety_pkg/hook/ament_prefix_path.sh'
[0.767s] INFO:colcon.colcon_core.shell:Skip shell extension 'powershell' for command environment: Not usable outside of PowerShell
[0.767s] DEBUG:colcon.colcon_core.shell:Skip shell extension 'dsv' for command environment
[0.773s] INFO:colcon.colcon_ros.task.ament_python.build:Building ROS package in '/home/koumba/robot_ws/src/led_supervision_pkg' with build type 'ament_python'
[0.773s] Level 1:colcon.colcon_core.shell:create_environment_hook('led_supervision_pkg', 'ament_prefix_path')
[0.773s] INFO:colcon.colcon_core.shell:Creating environment hook '/home/koumba/robot_ws/install/led_supervision_pkg/share/led_supervision_pkg/hook/ament_prefix_path.ps1'
[0.775s] INFO:colcon.colcon_core.shell:Creating environment descriptor '/home/koumba/robot_ws/install/led_supervision_pkg/share/led_supervision_pkg/hook/ament_prefix_path.dsv'
[0.775s] INFO:colcon.colcon_core.shell:Creating environment hook '/home/koumba/robot_ws/install/led_supervision_pkg/share/led_supervision_pkg/hook/ament_prefix_path.sh'
[0.777s] INFO:colcon.colcon_core.shell:Skip shell extension 'powershell' for command environment: Not usable outside of PowerShell
[0.777s] DEBUG:colcon.colcon_core.shell:Skip shell extension 'dsv' for command environment
[0.782s] INFO:colcon.colcon_ros.task.ament_python.build:Building ROS package in '/home/koumba/robot_ws/src/localisation_pkg' with build type 'ament_python'
[0.782s] Level 1:colcon.colcon_core.shell:create_environment_hook('localisation_pkg', 'ament_prefix_path')
[0.783s] INFO:colcon.colcon_core.shell:Creating environment hook '/home/koumba/robot_ws/install/localisation_pkg/share/localisation_pkg/hook/ament_prefix_path.ps1'
[0.784s] INFO:colcon.colcon_core.shell:Creating environment descriptor '/home/koumba/robot_ws/install/localisation_pkg/share/localisation_pkg/hook/ament_prefix_path.dsv'
[0.785s] INFO:colcon.colcon_core.shell:Creating environment hook '/home/koumba/robot_ws/install/localisation_pkg/share/localisation_pkg/hook/ament_prefix_path.sh'
[0.786s] INFO:colcon.colcon_core.shell:Skip shell extension 'powershell' for command environment: Not usable outside of PowerShell
[0.786s] DEBUG:colcon.colcon_core.shell:Skip shell extension 'dsv' for command environment
[0.793s] INFO:colcon.colcon_ros.task.ament_python.build:Building ROS package in '/home/koumba/robot_ws/src/navigation_cartographie_pkg' with build type 'ament_python'
[0.793s] Level 1:colcon.colcon_core.shell:create_environment_hook('navigation_cartographie_pkg', 'ament_prefix_path')
[0.793s] INFO:colcon.colcon_core.shell:Creating environment hook '/home/koumba/robot_ws/install/navigation_cartographie_pkg/share/navigation_cartographie_pkg/hook/ament_prefix_path.ps1'
[0.795s] INFO:colcon.colcon_core.shell:Creating environment descriptor '/home/koumba/robot_ws/install/navigation_cartographie_pkg/share/navigation_cartographie_pkg/hook/ament_prefix_path.dsv'
[0.796s] INFO:colcon.colcon_core.shell:Creating environment hook '/home/koumba/robot_ws/install/navigation_cartographie_pkg/share/navigation_cartographie_pkg/hook/ament_prefix_path.sh'
[0.797s] INFO:colcon.colcon_core.shell:Skip shell extension 'powershell' for command environment: Not usable outside of PowerShell
[0.797s] DEBUG:colcon.colcon_core.shell:Skip shell extension 'dsv' for command environment
[1.255s] INFO:colcon.colcon_core.task.python.build:Building Python package in '/home/koumba/robot_ws/src/battery_motor_pkg'
[1.255s] INFO:colcon.colcon_core.shell:Skip shell extension 'powershell' for command environment: Not usable outside of PowerShell
[1.255s] DEBUG:colcon.colcon_core.shell:Skip shell extension 'dsv' for command environment
[1.681s] INFO:colcon.colcon_core.task.python.build:Building Python package in '/home/koumba/robot_ws/src/capteurs_pkg'
[1.681s] INFO:colcon.colcon_core.shell:Skip shell extension 'powershell' for command environment: Not usable outside of PowerShell
[1.681s] DEBUG:colcon.colcon_core.shell:Skip shell extension 'dsv' for command environment
[2.103s] INFO:colcon.colcon_core.task.python.build:Building Python package in '/home/koumba/robot_ws/src/controle_safety_pkg'
[2.104s] INFO:colcon.colcon_core.shell:Skip shell extension 'powershell' for command environment: Not usable outside of PowerShell
[2.104s] DEBUG:colcon.colcon_core.shell:Skip shell extension 'dsv' for command environment
[2.518s] INFO:colcon.colcon_core.task.python.build:Building Python package in '/home/koumba/robot_ws/src/led_supervision_pkg'
[2.519s] INFO:colcon.colcon_core.shell:Skip shell extension 'powershell' for command environment: Not usable outside of PowerShell
[2.519s] DEBUG:colcon.colcon_core.shell:Skip shell extension 'dsv' for command environment
[3.025s] INFO:colcon.colcon_core.task.python.build:Building Python package in '/home/koumba/robot_ws/src/localisation_pkg'
[3.025s] INFO:colcon.colcon_core.shell:Skip shell extension 'powershell' for command environment: Not usable outside of PowerShell
[3.026s] DEBUG:colcon.colcon_core.shell:Skip shell extension 'dsv' for command environment
[3.683s] INFO:colcon.colcon_core.task.python.build:Building Python package in '/home/koumba/robot_ws/src/navigation_cartographie_pkg'
[3.683s] INFO:colcon.colcon_core.shell:Skip shell extension 'powershell' for command environment: Not usable outside of PowerShell
[3.684s] DEBUG:colcon.colcon_core.shell:Skip shell extension 'dsv' for command environment
[4.530s] DEBUG:colcon.colcon_core.event_handler.log_command:Invoking command in '/home/koumba/robot_ws/build/localisation_pkg': PYTHONPATH=/home/koumba/robot_ws/build/localisation_pkg/prefix_override:/usr/lib/python3/dist-packages/colcon_core/task/python/colcon_distutils_commands:/home/koumba/robot_ws/install/localisation_pkg/lib/python3.10/site-packages:${PYTHONPATH} /usr/bin/python3 -W ignore:setup.py install is deprecated -W ignore:easy_install command is deprecated setup.py develop --editable --build-directory /home/koumba/robot_ws/build/localisation_pkg/build --no-deps symlink_data
[4.538s] DEBUG:colcon.colcon_core.event_handler.log_command:Invoking command in '/home/koumba/robot_ws/build/capteurs_pkg': PYTHONPATH=/home/koumba/robot_ws/build/capteurs_pkg/prefix_override:/usr/lib/python3/dist-packages/colcon_core/task/python/colcon_distutils_commands:/home/koumba/robot_ws/install/capteurs_pkg/lib/python3.10/site-packages:${PYTHONPATH} /usr/bin/python3 -W ignore:setup.py install is deprecated -W ignore:easy_install command is deprecated setup.py develop --editable --build-directory /home/koumba/robot_ws/build/capteurs_pkg/build --no-deps symlink_data
[4.556s] DEBUG:colcon.colcon_core.event_handler.log_command:Invoking command in '/home/koumba/robot_ws/build/controle_safety_pkg': PYTHONPATH=/home/koumba/robot_ws/build/controle_safety_pkg/prefix_override:/usr/lib/python3/dist-packages/colcon_core/task/python/colcon_distutils_commands:/home/koumba/robot_ws/install/controle_safety_pkg/lib/python3.10/site-packages:${PYTHONPATH} /usr/bin/python3 -W ignore:setup.py install is deprecated -W ignore:easy_install command is deprecated setup.py develop --editable --build-directory /home/koumba/robot_ws/build/controle_safety_pkg/build --no-deps symlink_data
[4.559s] DEBUG:colcon.colcon_core.event_handler.log_command:Invoking command in '/home/koumba/robot_ws/build/led_supervision_pkg': PYTHONPATH=/home/koumba/robot_ws/build/led_supervision_pkg/prefix_override:/usr/lib/python3/dist-packages/colcon_core/task/python/colcon_distutils_commands:/home/koumba/robot_ws/install/led_supervision_pkg/lib/python3.10/site-packages:${PYTHONPATH} /usr/bin/python3 -W ignore:setup.py install is deprecated -W ignore:easy_install command is deprecated setup.py develop --editable --build-directory /home/koumba/robot_ws/build/led_supervision_pkg/build --no-deps symlink_data
[4.572s] DEBUG:colcon.colcon_core.event_handler.log_command:Invoking command in '/home/koumba/robot_ws/build/battery_motor_pkg': PYTHONPATH=/home/koumba/robot_ws/build/battery_motor_pkg/prefix_override:/usr/lib/python3/dist-packages/colcon_core/task/python/colcon_distutils_commands:/home/koumba/robot_ws/install/battery_motor_pkg/lib/python3.10/site-packages:${PYTHONPATH} /usr/bin/python3 -W ignore:setup.py install is deprecated -W ignore:easy_install command is deprecated setup.py develop --editable --build-directory /home/koumba/robot_ws/build/battery_motor_pkg/build --no-deps symlink_data
[4.581s] DEBUG:colcon.colcon_core.event_handler.log_command:Invoking command in '/home/koumba/robot_ws/build/navigation_cartographie_pkg': PYTHONPATH=/home/koumba/robot_ws/build/navigation_cartographie_pkg/prefix_override:/usr/lib/python3/dist-packages/colcon_core/task/python/colcon_distutils_commands:/home/koumba/robot_ws/install/navigation_cartographie_pkg/lib/python3.10/site-packages:${PYTHONPATH} /usr/bin/python3 -W ignore:setup.py install is deprecated -W ignore:easy_install command is deprecated setup.py develop --editable --build-directory /home/koumba/robot_ws/build/navigation_cartographie_pkg/build --no-deps symlink_data
[5.755s] Level 1:colcon.colcon_core.shell:create_environment_hook('led_supervision_pkg', 'pythonpath_develop')
[5.756s] INFO:colcon.colcon_core.shell:Creating environment hook '/home/koumba/robot_ws/build/led_supervision_pkg/share/led_supervision_pkg/hook/pythonpath_develop.ps1'
[5.757s] DEBUG:colcon.colcon_core.event_handler.log_command:Invoked command in '/home/koumba/robot_ws/build/led_supervision_pkg' returned '0': PYTHONPATH=/home/koumba/robot_ws/build/led_supervision_pkg/prefix_override:/usr/lib/python3/dist-packages/colcon_core/task/python/colcon_distutils_commands:/home/koumba/robot_ws/install/led_supervision_pkg/lib/python3.10/site-packages:${PYTHONPATH} /usr/bin/python3 -W ignore:setup.py install is deprecated -W ignore:easy_install command is deprecated setup.py develop --editable --build-directory /home/koumba/robot_ws/build/led_supervision_pkg/build --no-deps symlink_data
[5.758s] INFO:colcon.colcon_core.shell:Creating environment descriptor '/home/koumba/robot_ws/build/led_supervision_pkg/share/led_supervision_pkg/hook/pythonpath_develop.dsv'
[5.759s] INFO:colcon.colcon_core.shell:Creating environment hook '/home/koumba/robot_ws/build/led_supervision_pkg/share/led_supervision_pkg/hook/pythonpath_develop.sh'
[5.765s] Level 1:colcon.colcon_core.environment:checking '/home/koumba/robot_ws/install/led_supervision_pkg' for CMake module files
[5.766s] Level 1:colcon.colcon_core.environment:checking '/home/koumba/robot_ws/install/led_supervision_pkg' for CMake config files
[5.767s] Level 1:colcon.colcon_core.environment:checking '/home/koumba/robot_ws/install/led_supervision_pkg/lib'
[5.768s] Level 1:colcon.colcon_core.environment:checking '/home/koumba/robot_ws/install/led_supervision_pkg/bin'
[5.769s] Level 1:colcon.colcon_core.environment:checking '/home/koumba/robot_ws/install/led_supervision_pkg/lib/pkgconfig/led_supervision_pkg.pc'
[5.775s] Level 1:colcon.colcon_core.environment:checking '/home/koumba/robot_ws/install/led_supervision_pkg/lib/python3.10/site-packages'
[5.775s] Level 1:colcon.colcon_core.shell:create_environment_hook('led_supervision_pkg', 'pythonpath')
[5.778s] INFO:colcon.colcon_core.shell:Creating environment hook '/home/koumba/robot_ws/install/led_supervision_pkg/share/led_supervision_pkg/hook/pythonpath.ps1'
[5.782s] INFO:colcon.colcon_core.shell:Creating environment descriptor '/home/koumba/robot_ws/install/led_supervision_pkg/share/led_supervision_pkg/hook/pythonpath.dsv'
[5.786s] INFO:colcon.colcon_core.shell:Creating environment hook '/home/koumba/robot_ws/install/led_supervision_pkg/share/led_supervision_pkg/hook/pythonpath.sh'
[5.792s] Level 1:colcon.colcon_core.environment:checking '/home/koumba/robot_ws/install/led_supervision_pkg/bin'
[5.793s] Level 1:colcon.colcon_core.environment:create_environment_scripts_only(led_supervision_pkg)
[5.796s] INFO:colcon.colcon_core.shell:Creating package script '/home/koumba/robot_ws/install/led_supervision_pkg/share/led_supervision_pkg/package.ps1'
[5.812s] INFO:colcon.colcon_core.shell:Creating package descriptor '/home/koumba/robot_ws/install/led_supervision_pkg/share/led_supervision_pkg/package.dsv'
[5.817s] INFO:colcon.colcon_core.shell:Creating package script '/home/koumba/robot_ws/install/led_supervision_pkg/share/led_supervision_pkg/package.sh'
[5.820s] INFO:colcon.colcon_core.shell:Creating package script '/home/koumba/robot_ws/install/led_supervision_pkg/share/led_supervision_pkg/package.bash'
[5.823s] INFO:colcon.colcon_core.shell:Creating package script '/home/koumba/robot_ws/install/led_supervision_pkg/share/led_supervision_pkg/package.zsh'
[5.827s] Level 1:colcon.colcon_core.environment:create_file_with_runtime_dependencies(/home/koumba/robot_ws/install/led_supervision_pkg/share/colcon-core/packages/led_supervision_pkg)
[5.832s] Level 1:colcon.colcon_core.shell:create_environment_hook('capteurs_pkg', 'pythonpath_develop')
[5.833s] INFO:colcon.colcon_core.shell:Creating environment hook '/home/koumba/robot_ws/build/capteurs_pkg/share/capteurs_pkg/hook/pythonpath_develop.ps1'
[5.834s] DEBUG:colcon.colcon_core.event_handler.log_command:Invoked command in '/home/koumba/robot_ws/build/capteurs_pkg' returned '0': PYTHONPATH=/home/koumba/robot_ws/build/capteurs_pkg/prefix_override:/usr/lib/python3/dist-packages/colcon_core/task/python/colcon_distutils_commands:/home/koumba/robot_ws/install/capteurs_pkg/lib/python3.10/site-packages:${PYTHONPATH} /usr/bin/python3 -W ignore:setup.py install is deprecated -W ignore:easy_install command is deprecated setup.py develop --editable --build-directory /home/koumba/robot_ws/build/capteurs_pkg/build --no-deps symlink_data
[5.835s] INFO:colcon.colcon_core.shell:Creating environment descriptor '/home/koumba/robot_ws/build/capteurs_pkg/share/capteurs_pkg/hook/pythonpath_develop.dsv'
[5.836s] INFO:colcon.colcon_core.shell:Creating environment hook '/home/koumba/robot_ws/build/capteurs_pkg/share/capteurs_pkg/hook/pythonpath_develop.sh'
[5.838s] Level 1:colcon.colcon_core.environment:checking '/home/koumba/robot_ws/install/capteurs_pkg' for CMake module files
[5.839s] Level 1:colcon.colcon_core.environment:checking '/home/koumba/robot_ws/install/capteurs_pkg' for CMake config files
[5.840s] Level 1:colcon.colcon_core.environment:checking '/home/koumba/robot_ws/install/capteurs_pkg/lib'
[5.840s] Level 1:colcon.colcon_core.environment:checking '/home/koumba/robot_ws/install/capteurs_pkg/bin'
[5.840s] Level 1:colcon.colcon_core.environment:checking '/home/koumba/robot_ws/install/capteurs_pkg/lib/pkgconfig/capteurs_pkg.pc'
[5.841s] Level 1:colcon.colcon_core.environment:checking '/home/koumba/robot_ws/install/capteurs_pkg/lib/python3.10/site-packages'
[5.841s] Level 1:colcon.colcon_core.shell:create_environment_hook('capteurs_pkg', 'pythonpath')
[5.842s] INFO:colcon.colcon_core.shell:Creating environment hook '/home/koumba/robot_ws/install/capteurs_pkg/share/capteurs_pkg/hook/pythonpath.ps1'
[5.843s] INFO:colcon.colcon_core.shell:Creating environment descriptor '/home/koumba/robot_ws/install/capteurs_pkg/share/capteurs_pkg/hook/pythonpath.dsv'
[5.844s] INFO:colcon.colcon_core.shell:Creating environment hook '/home/koumba/robot_ws/install/capteurs_pkg/share/capteurs_pkg/hook/pythonpath.sh'
[5.845s] Level 1:colcon.colcon_core.environment:checking '/home/koumba/robot_ws/install/capteurs_pkg/bin'
[5.846s] Level 1:colcon.colcon_core.environment:create_environment_scripts_only(capteurs_pkg)
[5.846s] INFO:colcon.colcon_core.shell:Creating package script '/home/koumba/robot_ws/install/capteurs_pkg/share/capteurs_pkg/package.ps1'
[5.847s] INFO:colcon.colcon_core.shell:Creating package descriptor '/home/koumba/robot_ws/install/capteurs_pkg/share/capteurs_pkg/package.dsv'
[5.848s] INFO:colcon.colcon_core.shell:Creating package script '/home/koumba/robot_ws/install/capteurs_pkg/share/capteurs_pkg/package.sh'
[5.849s] INFO:colcon.colcon_core.shell:Creating package script '/home/koumba/robot_ws/install/capteurs_pkg/share/capteurs_pkg/package.bash'
[5.850s] INFO:colcon.colcon_core.shell:Creating package script '/home/koumba/robot_ws/install/capteurs_pkg/share/capteurs_pkg/package.zsh'
[5.850s] Level 1:colcon.colcon_core.environment:create_file_with_runtime_dependencies(/home/koumba/robot_ws/install/capteurs_pkg/share/colcon-core/packages/capteurs_pkg)
[5.852s] Level 1:colcon.colcon_core.shell:create_environment_hook('controle_safety_pkg', 'pythonpath_develop')
[5.853s] INFO:colcon.colcon_core.shell:Creating environment hook '/home/koumba/robot_ws/build/controle_safety_pkg/share/controle_safety_pkg/hook/pythonpath_develop.ps1'
[5.855s] DEBUG:colcon.colcon_core.event_handler.log_command:Invoked command in '/home/koumba/robot_ws/build/controle_safety_pkg' returned '0': PYTHONPATH=/home/koumba/robot_ws/build/controle_safety_pkg/prefix_override:/usr/lib/python3/dist-packages/colcon_core/task/python/colcon_distutils_commands:/home/koumba/robot_ws/install/controle_safety_pkg/lib/python3.10/site-packages:${PYTHONPATH} /usr/bin/python3 -W ignore:setup.py install is deprecated -W ignore:easy_install command is deprecated setup.py develop --editable --build-directory /home/koumba/robot_ws/build/controle_safety_pkg/build --no-deps symlink_data
[5.855s] INFO:colcon.colcon_core.shell:Creating environment descriptor '/home/koumba/robot_ws/build/controle_safety_pkg/share/controle_safety_pkg/hook/pythonpath_develop.dsv'
[5.856s] INFO:colcon.colcon_core.shell:Creating environment hook '/home/koumba/robot_ws/build/controle_safety_pkg/share/controle_safety_pkg/hook/pythonpath_develop.sh'
[5.857s] Level 1:colcon.colcon_core.environment:checking '/home/koumba/robot_ws/install/controle_safety_pkg' for CMake module files
[5.858s] Level 1:colcon.colcon_core.environment:checking '/home/koumba/robot_ws/install/controle_safety_pkg' for CMake config files
[5.858s] Level 1:colcon.colcon_core.environment:checking '/home/koumba/robot_ws/install/controle_safety_pkg/lib'
[5.859s] Level 1:colcon.colcon_core.environment:checking '/home/koumba/robot_ws/install/controle_safety_pkg/bin'
[5.859s] Level 1:colcon.colcon_core.environment:checking '/home/koumba/robot_ws/install/controle_safety_pkg/lib/pkgconfig/controle_safety_pkg.pc'
[5.859s] Level 1:colcon.colcon_core.environment:checking '/home/koumba/robot_ws/install/controle_safety_pkg/lib/python3.10/site-packages'
[5.860s] Level 1:colcon.colcon_core.shell:create_environment_hook('controle_safety_pkg', 'pythonpath')
[5.860s] INFO:colcon.colcon_core.shell:Creating environment hook '/home/koumba/robot_ws/install/controle_safety_pkg/share/controle_safety_pkg/hook/pythonpath.ps1'
[5.861s] INFO:colcon.colcon_core.shell:Creating environment descriptor '/home/koumba/robot_ws/install/controle_safety_pkg/share/controle_safety_pkg/hook/pythonpath.dsv'
[5.861s] INFO:colcon.colcon_core.shell:Creating environment hook '/home/koumba/robot_ws/install/controle_safety_pkg/share/controle_safety_pkg/hook/pythonpath.sh'
[5.863s] Level 1:colcon.colcon_core.environment:checking '/home/koumba/robot_ws/install/controle_safety_pkg/bin'
[5.864s] Level 1:colcon.colcon_core.environment:create_environment_scripts_only(controle_safety_pkg)
[5.864s] INFO:colcon.colcon_core.shell:Creating package script '/home/koumba/robot_ws/install/controle_safety_pkg/share/controle_safety_pkg/package.ps1'
[5.866s] INFO:colcon.colcon_core.shell:Creating package descriptor '/home/koumba/robot_ws/install/controle_safety_pkg/share/controle_safety_pkg/package.dsv'
[5.867s] INFO:colcon.colcon_core.shell:Creating package script '/home/koumba/robot_ws/install/controle_safety_pkg/share/controle_safety_pkg/package.sh'
[5.868s] INFO:colcon.colcon_core.shell:Creating package script '/home/koumba/robot_ws/install/controle_safety_pkg/share/controle_safety_pkg/package.bash'
[5.869s] INFO:colcon.colcon_core.shell:Creating package script '/home/koumba/robot_ws/install/controle_safety_pkg/share/controle_safety_pkg/package.zsh'
[5.870s] Level 1:colcon.colcon_core.environment:create_file_with_runtime_dependencies(/home/koumba/robot_ws/install/controle_safety_pkg/share/colcon-core/packages/controle_safety_pkg)
[5.871s] Level 1:colcon.colcon_core.shell:create_environment_hook('localisation_pkg', 'pythonpath_develop')
[5.872s] INFO:colcon.colcon_core.shell:Creating environment hook '/home/koumba/robot_ws/build/localisation_pkg/share/localisation_pkg/hook/pythonpath_develop.ps1'
[5.874s] INFO:colcon.colcon_core.shell:Creating environment descriptor '/home/koumba/robot_ws/build/localisation_pkg/share/localisation_pkg/hook/pythonpath_develop.dsv'
[5.876s] DEBUG:colcon.colcon_core.event_handler.log_command:Invoked command in '/home/koumba/robot_ws/build/localisation_pkg' returned '0': PYTHONPATH=/home/koumba/robot_ws/build/localisation_pkg/prefix_override:/usr/lib/python3/dist-packages/colcon_core/task/python/colcon_distutils_commands:/home/koumba/robot_ws/install/localisation_pkg/lib/python3.10/site-packages:${PYTHONPATH} /usr/bin/python3 -W ignore:setup.py install is deprecated -W ignore:easy_install command is deprecated setup.py develop --editable --build-directory /home/koumba/robot_ws/build/localisation_pkg/build --no-deps symlink_data
[5.876s] INFO:colcon.colcon_core.shell:Creating environment hook '/home/koumba/robot_ws/build/localisation_pkg/share/localisation_pkg/hook/pythonpath_develop.sh'
[5.877s] Level 1:colcon.colcon_core.environment:checking '/home/koumba/robot_ws/install/localisation_pkg' for CMake module files
[5.878s] Level 1:colcon.colcon_core.environment:checking '/home/koumba/robot_ws/install/localisation_pkg' for CMake config files
[5.879s] Level 1:colcon.colcon_core.environment:checking '/home/koumba/robot_ws/install/localisation_pkg/lib'
[5.879s] Level 1:colcon.colcon_core.environment:checking '/home/koumba/robot_ws/install/localisation_pkg/bin'
[5.879s] Level 1:colcon.colcon_core.environment:checking '/home/koumba/robot_ws/install/localisation_pkg/lib/pkgconfig/localisation_pkg.pc'
[5.880s] Level 1:colcon.colcon_core.environment:checking '/home/koumba/robot_ws/install/localisation_pkg/lib/python3.10/site-packages'
[5.880s] Level 1:colcon.colcon_core.shell:create_environment_hook('localisation_pkg', 'pythonpath')
[5.880s] INFO:colcon.colcon_core.shell:Creating environment hook '/home/koumba/robot_ws/install/localisation_pkg/share/localisation_pkg/hook/pythonpath.ps1'
[5.881s] INFO:colcon.colcon_core.shell:Creating environment descriptor '/home/koumba/robot_ws/install/localisation_pkg/share/localisation_pkg/hook/pythonpath.dsv'
[5.882s] INFO:colcon.colcon_core.shell:Creating environment hook '/home/koumba/robot_ws/install/localisation_pkg/share/localisation_pkg/hook/pythonpath.sh'
[5.884s] Level 1:colcon.colcon_core.environment:checking '/home/koumba/robot_ws/install/localisation_pkg/bin'
[5.884s] Level 1:colcon.colcon_core.environment:create_environment_scripts_only(localisation_pkg)
[5.885s] INFO:colcon.colcon_core.shell:Creating package script '/home/koumba/robot_ws/install/localisation_pkg/share/localisation_pkg/package.ps1'
[5.886s] INFO:colcon.colcon_core.shell:Creating package descriptor '/home/koumba/robot_ws/install/localisation_pkg/share/localisation_pkg/package.dsv'
[5.887s] INFO:colcon.colcon_core.shell:Creating package script '/home/koumba/robot_ws/install/localisation_pkg/share/localisation_pkg/package.sh'
[5.888s] INFO:colcon.colcon_core.shell:Creating package script '/home/koumba/robot_ws/install/localisation_pkg/share/localisation_pkg/package.bash'
[5.889s] INFO:colcon.colcon_core.shell:Creating package script '/home/koumba/robot_ws/install/localisation_pkg/share/localisation_pkg/package.zsh'
[5.889s] Level 1:colcon.colcon_core.environment:create_file_with_runtime_dependencies(/home/koumba/robot_ws/install/localisation_pkg/share/colcon-core/packages/localisation_pkg)
[5.891s] Level 1:colcon.colcon_core.shell:create_environment_hook('battery_motor_pkg', 'pythonpath_develop')
[5.892s] INFO:colcon.colcon_core.shell:Creating environment hook '/home/koumba/robot_ws/build/battery_motor_pkg/share/battery_motor_pkg/hook/pythonpath_develop.ps1'
[5.893s] INFO:colcon.colcon_core.shell:Creating environment descriptor '/home/koumba/robot_ws/build/battery_motor_pkg/share/battery_motor_pkg/hook/pythonpath_develop.dsv'
[5.895s] DEBUG:colcon.colcon_core.event_handler.log_command:Invoked command in '/home/koumba/robot_ws/build/battery_motor_pkg' returned '0': PYTHONPATH=/home/koumba/robot_ws/build/battery_motor_pkg/prefix_override:/usr/lib/python3/dist-packages/colcon_core/task/python/colcon_distutils_commands:/home/koumba/robot_ws/install/battery_motor_pkg/lib/python3.10/site-packages:${PYTHONPATH} /usr/bin/python3 -W ignore:setup.py install is deprecated -W ignore:easy_install command is deprecated setup.py develop --editable --build-directory /home/koumba/robot_ws/build/battery_motor_pkg/build --no-deps symlink_data
[5.895s] INFO:colcon.colcon_core.shell:Creating environment hook '/home/koumba/robot_ws/build/battery_motor_pkg/share/battery_motor_pkg/hook/pythonpath_develop.sh'
[5.896s] Level 1:colcon.colcon_core.environment:checking '/home/koumba/robot_ws/install/battery_motor_pkg' for CMake module files
[5.897s] Level 1:colcon.colcon_core.environment:checking '/home/koumba/robot_ws/install/battery_motor_pkg' for CMake config files
[5.898s] Level 1:colcon.colcon_core.environment:checking '/home/koumba/robot_ws/install/battery_motor_pkg/lib'
[5.898s] Level 1:colcon.colcon_core.environment:checking '/home/koumba/robot_ws/install/battery_motor_pkg/bin'
[5.898s] Level 1:colcon.colcon_core.environment:checking '/home/koumba/robot_ws/install/battery_motor_pkg/lib/pkgconfig/battery_motor_pkg.pc'
[5.898s] Level 1:colcon.colcon_core.environment:checking '/home/koumba/robot_ws/install/battery_motor_pkg/lib/python3.10/site-packages'
[5.899s] Level 1:colcon.colcon_core.shell:create_environment_hook('battery_motor_pkg', 'pythonpath')
[5.899s] INFO:colcon.colcon_core.shell:Creating environment hook '/home/koumba/robot_ws/install/battery_motor_pkg/share/battery_motor_pkg/hook/pythonpath.ps1'
[5.899s] INFO:colcon.colcon_core.shell:Creating environment descriptor '/home/koumba/robot_ws/install/battery_motor_pkg/share/battery_motor_pkg/hook/pythonpath.dsv'
[5.900s] INFO:colcon.colcon_core.shell:Creating environment hook '/home/koumba/robot_ws/install/battery_motor_pkg/share/battery_motor_pkg/hook/pythonpath.sh'
[5.901s] Level 1:colcon.colcon_core.environment:checking '/home/koumba/robot_ws/install/battery_motor_pkg/bin'
[5.902s] Level 1:colcon.colcon_core.environment:create_environment_scripts_only(battery_motor_pkg)
[5.902s] INFO:colcon.colcon_core.shell:Creating package script '/home/koumba/robot_ws/install/battery_motor_pkg/share/battery_motor_pkg/package.ps1'
[5.904s] INFO:colcon.colcon_core.shell:Creating package descriptor '/home/koumba/robot_ws/install/battery_motor_pkg/share/battery_motor_pkg/package.dsv'
[5.904s] INFO:colcon.colcon_core.shell:Creating package script '/home/koumba/robot_ws/install/battery_motor_pkg/share/battery_motor_pkg/package.sh'
[5.905s] INFO:colcon.colcon_core.shell:Creating package script '/home/koumba/robot_ws/install/battery_motor_pkg/share/battery_motor_pkg/package.bash'
[5.906s] INFO:colcon.colcon_core.shell:Creating package script '/home/koumba/robot_ws/install/battery_motor_pkg/share/battery_motor_pkg/package.zsh'
[5.907s] Level 1:colcon.colcon_core.environment:create_file_with_runtime_dependencies(/home/koumba/robot_ws/install/battery_motor_pkg/share/colcon-core/packages/battery_motor_pkg)
[5.909s] Level 1:colcon.colcon_core.shell:create_environment_hook('navigation_cartographie_pkg', 'pythonpath_develop')
[5.910s] INFO:colcon.colcon_core.shell:Creating environment hook '/home/koumba/robot_ws/build/navigation_cartographie_pkg/share/navigation_cartographie_pkg/hook/pythonpath_develop.ps1'
[5.911s] DEBUG:colcon.colcon_core.event_handler.log_command:Invoked command in '/home/koumba/robot_ws/build/navigation_cartographie_pkg' returned '0': PYTHONPATH=/home/koumba/robot_ws/build/navigation_cartographie_pkg/prefix_override:/usr/lib/python3/dist-packages/colcon_core/task/python/colcon_distutils_commands:/home/koumba/robot_ws/install/navigation_cartographie_pkg/lib/python3.10/site-packages:${PYTHONPATH} /usr/bin/python3 -W ignore:setup.py install is deprecated -W ignore:easy_install command is deprecated setup.py develop --editable --build-directory /home/koumba/robot_ws/build/navigation_cartographie_pkg/build --no-deps symlink_data
[5.912s] INFO:colcon.colcon_core.shell:Creating environment descriptor '/home/koumba/robot_ws/build/navigation_cartographie_pkg/share/navigation_cartographie_pkg/hook/pythonpath_develop.dsv'
[5.913s] INFO:colcon.colcon_core.shell:Creating environment hook '/home/koumba/robot_ws/build/navigation_cartographie_pkg/share/navigation_cartographie_pkg/hook/pythonpath_develop.sh'
[5.915s] Level 1:colcon.colcon_core.environment:checking '/home/koumba/robot_ws/install/navigation_cartographie_pkg' for CMake module files
[5.915s] Level 1:colcon.colcon_core.environment:checking '/home/koumba/robot_ws/install/navigation_cartographie_pkg' for CMake config files
[5.916s] Level 1:colcon.colcon_core.environment:checking '/home/koumba/robot_ws/install/navigation_cartographie_pkg/lib'
[5.916s] Level 1:colcon.colcon_core.environment:checking '/home/koumba/robot_ws/install/navigation_cartographie_pkg/bin'
[5.917s] Level 1:colcon.colcon_core.environment:checking '/home/koumba/robot_ws/install/navigation_cartographie_pkg/lib/pkgconfig/navigation_cartographie_pkg.pc'
[5.917s] Level 1:colcon.colcon_core.environment:checking '/home/koumba/robot_ws/install/navigation_cartographie_pkg/lib/python3.10/site-packages'
[5.917s] Level 1:colcon.colcon_core.shell:create_environment_hook('navigation_cartographie_pkg', 'pythonpath')
[5.918s] INFO:colcon.colcon_core.shell:Creating environment hook '/home/koumba/robot_ws/install/navigation_cartographie_pkg/share/navigation_cartographie_pkg/hook/pythonpath.ps1'
[5.919s] INFO:colcon.colcon_core.shell:Creating environment descriptor '/home/koumba/robot_ws/install/navigation_cartographie_pkg/share/navigation_cartographie_pkg/hook/pythonpath.dsv'
[5.920s] INFO:colcon.colcon_core.shell:Creating environment hook '/home/koumba/robot_ws/install/navigation_cartographie_pkg/share/navigation_cartographie_pkg/hook/pythonpath.sh'
[5.922s] Level 1:colcon.colcon_core.environment:checking '/home/koumba/robot_ws/install/navigation_cartographie_pkg/bin'
[5.922s] Level 1:colcon.colcon_core.environment:create_environment_scripts_only(navigation_cartographie_pkg)
[5.923s] INFO:colcon.colcon_core.shell:Creating package script '/home/koumba/robot_ws/install/navigation_cartographie_pkg/share/navigation_cartographie_pkg/package.ps1'
[5.924s] INFO:colcon.colcon_core.shell:Creating package descriptor '/home/koumba/robot_ws/install/navigation_cartographie_pkg/share/navigation_cartographie_pkg/package.dsv'
[5.924s] INFO:colcon.colcon_core.shell:Creating package script '/home/koumba/robot_ws/install/navigation_cartographie_pkg/share/navigation_cartographie_pkg/package.sh'
[5.925s] INFO:colcon.colcon_core.shell:Creating package script '/home/koumba/robot_ws/install/navigation_cartographie_pkg/share/navigation_cartographie_pkg/package.bash'
[5.926s] INFO:colcon.colcon_core.shell:Creating package script '/home/koumba/robot_ws/install/navigation_cartographie_pkg/share/navigation_cartographie_pkg/package.zsh'
[5.926s] Level 1:colcon.colcon_core.environment:create_file_with_runtime_dependencies(/home/koumba/robot_ws/install/navigation_cartographie_pkg/share/colcon-core/packages/navigation_cartographie_pkg)
[5.927s] DEBUG:colcon.colcon_parallel_executor.executor.parallel:closing loop
[5.928s] DEBUG:colcon.colcon_parallel_executor.executor.parallel:loop closed
[5.928s] DEBUG:colcon.colcon_parallel_executor.executor.parallel:run_until_complete finished with '0'
[5.929s] DEBUG:colcon.colcon_core.event_reactor:joining thread
[6.007s] INFO:colcon.colcon_core.plugin_system:Skipping extension 'colcon_notification.desktop_notification.notify_send': Could not find 'notify-send'
[6.007s] INFO:colcon.colcon_core.plugin_system:Skipping extension 'colcon_notification.desktop_notification.terminal_notifier': Not used on non-Darwin systems
[6.007s] INFO:colcon.colcon_core.plugin_system:Skipping extension 'colcon_notification.desktop_notification.win32': Not used on non-Windows systems
[6.008s] INFO:colcon.colcon_notification.desktop_notification:Sending desktop notification using 'notify2'
[6.008s] DEBUG:colcon.colcon_notification.desktop_notification.notify2:Failed to initialize notify2: org.freedesktop.DBus.Error.FileNotFound: Failed to connect to socket /run/user/1000/bus: No such file or directory
[6.008s] DEBUG:colcon.colcon_core.event_reactor:joined thread
[6.009s] INFO:colcon.colcon_core.shell:Creating prefix script '/home/koumba/robot_ws/install/local_setup.ps1'
[6.010s] INFO:colcon.colcon_core.shell:Creating prefix util module '/home/koumba/robot_ws/install/_local_setup_util_ps1.py'
[6.012s] INFO:colcon.colcon_core.shell:Creating prefix chain script '/home/koumba/robot_ws/install/setup.ps1'
[6.014s] INFO:colcon.colcon_core.shell:Creating prefix script '/home/koumba/robot_ws/install/local_setup.sh'
[6.015s] INFO:colcon.colcon_core.shell:Creating prefix util module '/home/koumba/robot_ws/install/_local_setup_util_sh.py'
[6.016s] INFO:colcon.colcon_core.shell:Creating prefix chain script '/home/koumba/robot_ws/install/setup.sh'
[6.018s] INFO:colcon.colcon_core.shell:Creating prefix script '/home/koumba/robot_ws/install/local_setup.bash'
[6.019s] INFO:colcon.colcon_core.shell:Creating prefix chain script '/home/koumba/robot_ws/install/setup.bash'
[6.021s] INFO:colcon.colcon_core.shell:Creating prefix script '/home/koumba/robot_ws/install/local_setup.zsh'
[6.022s] INFO:colcon.colcon_core.shell:Creating prefix chain script '/home/koumba/robot_ws/install/setup.zsh'
