[0.356s] DEBUG:colcon:Command line arguments: ['/usr/bin/colcon', 'build', '--symlink-install']
[0.356s] DEBUG:colcon:Parsed command line arguments: Namespace(log_base=None, log_level=None, verb_name='build', build_base='build', install_base='install', merge_install=False, symlink_install=True, test_result_base=None, continue_on_error=False, executor='parallel', parallel_workers=12, event_handlers=None, ignore_user_meta=False, metas=['./colcon.meta'], base_paths=['.'], packages_ignore=None, packages_ignore_regex=None, paths=None, packages_up_to=None, packages_up_to_regex=None, packages_above=None, packages_above_and_dependencies=None, packages_above_depth=None, packages_select_by_dep=None, packages_skip_by_dep=None, packages_skip_up_to=None, packages_select_build_failed=False, packages_skip_build_finished=False, packages_select_test_failures=False, packages_skip_test_passed=False, packages_select=None, packages_skip=None, packages_select_regex=None, packages_skip_regex=None, packages_start=None, packages_end=None, allow_overriding=[], cmake_args=None, cmake_target=None, cmake_target_skip_unavailable=False, cmake_clean_cache=False, cmake_clean_first=False, cmake_force_configure=False, ament_cmake_args=None, catkin_cmake_args=None, catkin_skip_building_tests=False, verb_parser=<colcon_defaults.argument_parser.defaults.DefaultArgumentsDecorator object at 0x710bd0de7340>, verb_extension=<colcon_core.verb.build.BuildVerb object at 0x710bd0f64850>, main=<bound method BuildVerb.main of <colcon_core.verb.build.BuildVerb object at 0x710bd0f64850>>)
[0.637s] Level 1:colcon.colcon_core.package_discovery:discover_packages(colcon_meta) check parameters
[0.637s] Level 1:colcon.colcon_core.package_discovery:discover_packages(recursive) check parameters
[0.637s] Level 1:colcon.colcon_core.package_discovery:discover_packages(ignore) check parameters
[0.637s] Level 1:colcon.colcon_core.package_discovery:discover_packages(path) check parameters
[0.637s] Level 1:colcon.colcon_core.package_discovery:discover_packages(colcon_meta) discover
[0.637s] Level 1:colcon.colcon_core.package_discovery:discover_packages(recursive) discover
[0.637s] INFO:colcon.colcon_core.package_discovery:Crawling recursively for packages in '/home/koumba/robot_ws'
[0.637s] Level 1:colcon.colcon_core.package_identification:_identify(.) by extensions ['ignore', 'ignore_ament_install']
[0.638s] Level 1:colcon.colcon_core.package_identification:_identify(.) by extension 'ignore'
[0.638s] Level 1:colcon.colcon_core.package_identification:_identify(.) by extension 'ignore_ament_install'
[0.638s] Level 1:colcon.colcon_core.package_identification:_identify(.) by extensions ['colcon_pkg']
[0.638s] Level 1:colcon.colcon_core.package_identification:_identify(.) by extension 'colcon_pkg'
[0.638s] Level 1:colcon.colcon_core.package_identification:_identify(.) by extensions ['colcon_meta']
[0.638s] Level 1:colcon.colcon_core.package_identification:_identify(.) by extension 'colcon_meta'
[0.638s] Level 1:colcon.colcon_core.package_identification:_identify(.) by extensions ['ros']
[0.638s] Level 1:colcon.colcon_core.package_identification:_identify(.) by extension 'ros'
[0.657s] Level 1:colcon.colcon_core.package_identification:_identify(.) by extensions ['cmake', 'python']
[0.657s] Level 1:colcon.colcon_core.package_identification:_identify(.) by extension 'cmake'
[0.657s] Level 1:colcon.colcon_core.package_identification:_identify(.) by extension 'python'
[0.657s] Level 1:colcon.colcon_core.package_identification:_identify(.) by extensions ['python_setup_py']
[0.657s] Level 1:colcon.colcon_core.package_identification:_identify(.) by extension 'python_setup_py'
[0.657s] Level 1:colcon.colcon_core.package_identification:_identify(build) by extensions ['ignore', 'ignore_ament_install']
[0.657s] Level 1:colcon.colcon_core.package_identification:_identify(build) by extension 'ignore'
[0.658s] Level 1:colcon.colcon_core.package_identification:_identify(build) ignored
[0.658s] Level 1:colcon.colcon_core.package_identification:_identify(install) by extensions ['ignore', 'ignore_ament_install']
[0.658s] Level 1:colcon.colcon_core.package_identification:_identify(install) by extension 'ignore'
[0.658s] Level 1:colcon.colcon_core.package_identification:_identify(install) ignored
[0.658s] Level 1:colcon.colcon_core.package_identification:_identify(log) by extensions ['ignore', 'ignore_ament_install']
[0.658s] Level 1:colcon.colcon_core.package_identification:_identify(log) by extension 'ignore'
[0.659s] Level 1:colcon.colcon_core.package_identification:_identify(log) ignored
[0.659s] Level 1:colcon.colcon_core.package_identification:_identify(src) by extensions ['ignore', 'ignore_ament_install']
[0.659s] Level 1:colcon.colcon_core.package_identification:_identify(src) by extension 'ignore'
[0.659s] Level 1:colcon.colcon_core.package_identification:_identify(src) by extension 'ignore_ament_install'
[0.659s] Level 1:colcon.colcon_core.package_identification:_identify(src) by extensions ['colcon_pkg']
[0.659s] Level 1:colcon.colcon_core.package_identification:_identify(src) by extension 'colcon_pkg'
[0.659s] Level 1:colcon.colcon_core.package_identification:_identify(src) by extensions ['colcon_meta']
[0.659s] Level 1:colcon.colcon_core.package_identification:_identify(src) by extension 'colcon_meta'
[0.659s] Level 1:colcon.colcon_core.package_identification:_identify(src) by extensions ['ros']
[0.659s] Level 1:colcon.colcon_core.package_identification:_identify(src) by extension 'ros'
[0.659s] Level 1:colcon.colcon_core.package_identification:_identify(src) by extensions ['cmake', 'python']
[0.660s] Level 1:colcon.colcon_core.package_identification:_identify(src) by extension 'cmake'
[0.660s] Level 1:colcon.colcon_core.package_identification:_identify(src) by extension 'python'
[0.660s] Level 1:colcon.colcon_core.package_identification:_identify(src) by extensions ['python_setup_py']
[0.660s] Level 1:colcon.colcon_core.package_identification:_identify(src) by extension 'python_setup_py'
[0.660s] Level 1:colcon.colcon_core.package_identification:_identify(src/battery_motor_pkg) by extensions ['ignore', 'ignore_ament_install']
[0.660s] Level 1:colcon.colcon_core.package_identification:_identify(src/battery_motor_pkg) by extension 'ignore'
[0.660s] Level 1:colcon.colcon_core.package_identification:_identify(src/battery_motor_pkg) by extension 'ignore_ament_install'
[0.660s] Level 1:colcon.colcon_core.package_identification:_identify(src/battery_motor_pkg) by extensions ['colcon_pkg']
[0.660s] Level 1:colcon.colcon_core.package_identification:_identify(src/battery_motor_pkg) by extension 'colcon_pkg'
[0.660s] Level 1:colcon.colcon_core.package_identification:_identify(src/battery_motor_pkg) by extensions ['colcon_meta']
[0.660s] Level 1:colcon.colcon_core.package_identification:_identify(src/battery_motor_pkg) by extension 'colcon_meta'
[0.661s] Level 1:colcon.colcon_core.package_identification:_identify(src/battery_motor_pkg) by extensions ['ros']
[0.661s] Level 1:colcon.colcon_core.package_identification:_identify(src/battery_motor_pkg) by extension 'ros'
[0.664s] DEBUG:colcon.colcon_core.package_identification:Package 'src/battery_motor_pkg' with type 'ros.ament_python' and name 'battery_motor_pkg'
[0.664s] Level 1:colcon.colcon_core.package_identification:_identify(src/capteurs_pkg) by extensions ['ignore', 'ignore_ament_install']
[0.664s] Level 1:colcon.colcon_core.package_identification:_identify(src/capteurs_pkg) by extension 'ignore'
[0.665s] Level 1:colcon.colcon_core.package_identification:_identify(src/capteurs_pkg) by extension 'ignore_ament_install'
[0.665s] Level 1:colcon.colcon_core.package_identification:_identify(src/capteurs_pkg) by extensions ['colcon_pkg']
[0.665s] Level 1:colcon.colcon_core.package_identification:_identify(src/capteurs_pkg) by extension 'colcon_pkg'
[0.665s] Level 1:colcon.colcon_core.package_identification:_identify(src/capteurs_pkg) by extensions ['colcon_meta']
[0.665s] Level 1:colcon.colcon_core.package_identification:_identify(src/capteurs_pkg) by extension 'colcon_meta'
[0.665s] Level 1:colcon.colcon_core.package_identification:_identify(src/capteurs_pkg) by extensions ['ros']
[0.665s] Level 1:colcon.colcon_core.package_identification:_identify(src/capteurs_pkg) by extension 'ros'
[0.666s] DEBUG:colcon.colcon_core.package_identification:Package 'src/capteurs_pkg' with type 'ros.ament_python' and name 'capteurs_pkg'
[0.666s] Level 1:colcon.colcon_core.package_identification:_identify(src/controle_safety_pkg) by extensions ['ignore', 'ignore_ament_install']
[0.666s] Level 1:colcon.colcon_core.package_identification:_identify(src/controle_safety_pkg) by extension 'ignore'
[0.666s] Level 1:colcon.colcon_core.package_identification:_identify(src/controle_safety_pkg) by extension 'ignore_ament_install'
[0.666s] Level 1:colcon.colcon_core.package_identification:_identify(src/controle_safety_pkg) by extensions ['colcon_pkg']
[0.666s] Level 1:colcon.colcon_core.package_identification:_identify(src/controle_safety_pkg) by extension 'colcon_pkg'
[0.667s] Level 1:colcon.colcon_core.package_identification:_identify(src/controle_safety_pkg) by extensions ['colcon_meta']
[0.667s] Level 1:colcon.colcon_core.package_identification:_identify(src/controle_safety_pkg) by extension 'colcon_meta'
[0.667s] Level 1:colcon.colcon_core.package_identification:_identify(src/controle_safety_pkg) by extensions ['ros']
[0.667s] Level 1:colcon.colcon_core.package_identification:_identify(src/controle_safety_pkg) by extension 'ros'
[0.668s] DEBUG:colcon.colcon_core.package_identification:Package 'src/controle_safety_pkg' with type 'ros.ament_python' and name 'controle_safety_pkg'
[0.668s] Level 1:colcon.colcon_core.package_identification:_identify(src/led_supervision_pkg) by extensions ['ignore', 'ignore_ament_install']
[0.668s] Level 1:colcon.colcon_core.package_identification:_identify(src/led_supervision_pkg) by extension 'ignore'
[0.668s] Level 1:colcon.colcon_core.package_identification:_identify(src/led_supervision_pkg) by extension 'ignore_ament_install'
[0.668s] Level 1:colcon.colcon_core.package_identification:_identify(src/led_supervision_pkg) by extensions ['colcon_pkg']
[0.668s] Level 1:colcon.colcon_core.package_identification:_identify(src/led_supervision_pkg) by extension 'colcon_pkg'
[0.668s] Level 1:colcon.colcon_core.package_identification:_identify(src/led_supervision_pkg) by extensions ['colcon_meta']
[0.668s] Level 1:colcon.colcon_core.package_identification:_identify(src/led_supervision_pkg) by extension 'colcon_meta'
[0.669s] Level 1:colcon.colcon_core.package_identification:_identify(src/led_supervision_pkg) by extensions ['ros']
[0.669s] Level 1:colcon.colcon_core.package_identification:_identify(src/led_supervision_pkg) by extension 'ros'
[0.669s] DEBUG:colcon.colcon_core.package_identification:Package 'src/led_supervision_pkg' with type 'ros.ament_python' and name 'led_supervision_pkg'
[0.669s] Level 1:colcon.colcon_core.package_identification:_identify(src/localisation_pkg) by extensions ['ignore', 'ignore_ament_install']
[0.670s] Level 1:colcon.colcon_core.package_identification:_identify(src/localisation_pkg) by extension 'ignore'
[0.670s] Level 1:colcon.colcon_core.package_identification:_identify(src/localisation_pkg) by extension 'ignore_ament_install'
[0.670s] Level 1:colcon.colcon_core.package_identification:_identify(src/localisation_pkg) by extensions ['colcon_pkg']
[0.670s] Level 1:colcon.colcon_core.package_identification:_identify(src/localisation_pkg) by extension 'colcon_pkg'
[0.670s] Level 1:colcon.colcon_core.package_identification:_identify(src/localisation_pkg) by extensions ['colcon_meta']
[0.670s] Level 1:colcon.colcon_core.package_identification:_identify(src/localisation_pkg) by extension 'colcon_meta'
[0.670s] Level 1:colcon.colcon_core.package_identification:_identify(src/localisation_pkg) by extensions ['ros']
[0.670s] Level 1:colcon.colcon_core.package_identification:_identify(src/localisation_pkg) by extension 'ros'
[0.671s] DEBUG:colcon.colcon_core.package_identification:Package 'src/localisation_pkg' with type 'ros.ament_python' and name 'localisation_pkg'
[0.671s] Level 1:colcon.colcon_core.package_identification:_identify(src/navigation_cartographie_pkg) by extensions ['ignore', 'ignore_ament_install']
[0.671s] Level 1:colcon.colcon_core.package_identification:_identify(src/navigation_cartographie_pkg) by extension 'ignore'
[0.672s] Level 1:colcon.colcon_core.package_identification:_identify(src/navigation_cartographie_pkg) by extension 'ignore_ament_install'
[0.672s] Level 1:colcon.colcon_core.package_identification:_identify(src/navigation_cartographie_pkg) by extensions ['colcon_pkg']
[0.672s] Level 1:colcon.colcon_core.package_identification:_identify(src/navigation_cartographie_pkg) by extension 'colcon_pkg'
[0.672s] Level 1:colcon.colcon_core.package_identification:_identify(src/navigation_cartographie_pkg) by extensions ['colcon_meta']
[0.672s] Level 1:colcon.colcon_core.package_identification:_identify(src/navigation_cartographie_pkg) by extension 'colcon_meta'
[0.672s] Level 1:colcon.colcon_core.package_identification:_identify(src/navigation_cartographie_pkg) by extensions ['ros']
[0.672s] Level 1:colcon.colcon_core.package_identification:_identify(src/navigation_cartographie_pkg) by extension 'ros'
[0.673s] DEBUG:colcon.colcon_core.package_identification:Package 'src/navigation_cartographie_pkg' with type 'ros.ament_python' and name 'navigation_cartographie_pkg'
[0.673s] Level 1:colcon.colcon_core.package_discovery:discover_packages(recursive) using defaults
[0.673s] Level 1:colcon.colcon_core.package_discovery:discover_packages(ignore) discover
[0.673s] Level 1:colcon.colcon_core.package_discovery:discover_packages(ignore) using defaults
[0.673s] Level 1:colcon.colcon_core.package_discovery:discover_packages(path) discover
[0.673s] Level 1:colcon.colcon_core.package_discovery:discover_packages(path) using defaults
[0.716s] Level 1:colcon.colcon_core.package_discovery:discover_packages(prefix_path) check parameters
[0.716s] Level 1:colcon.colcon_core.package_discovery:discover_packages(prefix_path) discover
[0.724s] DEBUG:colcon.colcon_installed_package_information.package_discovery:Found 272 installed packages in /opt/ros/humble
[0.727s] Level 1:colcon.colcon_core.package_discovery:discover_packages(prefix_path) using defaults
[0.802s] Level 5:colcon.colcon_core.verb:set package 'battery_motor_pkg' build argument 'cmake_args' from command line to 'None'
[0.803s] Level 5:colcon.colcon_core.verb:set package 'battery_motor_pkg' build argument 'cmake_target' from command line to 'None'
[0.803s] Level 5:colcon.colcon_core.verb:set package 'battery_motor_pkg' build argument 'cmake_target_skip_unavailable' from command line to 'False'
[0.803s] Level 5:colcon.colcon_core.verb:set package 'battery_motor_pkg' build argument 'cmake_clean_cache' from command line to 'False'
[0.803s] Level 5:colcon.colcon_core.verb:set package 'battery_motor_pkg' build argument 'cmake_clean_first' from command line to 'False'
[0.803s] Level 5:colcon.colcon_core.verb:set package 'battery_motor_pkg' build argument 'cmake_force_configure' from command line to 'False'
[0.803s] Level 5:colcon.colcon_core.verb:set package 'battery_motor_pkg' build argument 'ament_cmake_args' from command line to 'None'
[0.803s] Level 5:colcon.colcon_core.verb:set package 'battery_motor_pkg' build argument 'catkin_cmake_args' from command line to 'None'
[0.803s] Level 5:colcon.colcon_core.verb:set package 'battery_motor_pkg' build argument 'catkin_skip_building_tests' from command line to 'False'
[0.803s] DEBUG:colcon.colcon_core.verb:Building package 'battery_motor_pkg' with the following arguments: {'ament_cmake_args': None, 'build_base': '/home/koumba/robot_ws/build/battery_motor_pkg', 'catkin_cmake_args': None, 'catkin_skip_building_tests': False, 'cmake_args': None, 'cmake_clean_cache': False, 'cmake_clean_first': False, 'cmake_force_configure': False, 'cmake_target': None, 'cmake_target_skip_unavailable': False, 'install_base': '/home/koumba/robot_ws/install/battery_motor_pkg', 'merge_install': False, 'path': '/home/koumba/robot_ws/src/battery_motor_pkg', 'symlink_install': True, 'test_result_base': None}
[0.803s] Level 5:colcon.colcon_core.verb:set package 'capteurs_pkg' build argument 'cmake_args' from command line to 'None'
[0.804s] Level 5:colcon.colcon_core.verb:set package 'capteurs_pkg' build argument 'cmake_target' from command line to 'None'
[0.804s] Level 5:colcon.colcon_core.verb:set package 'capteurs_pkg' build argument 'cmake_target_skip_unavailable' from command line to 'False'
[0.804s] Level 5:colcon.colcon_core.verb:set package 'capteurs_pkg' build argument 'cmake_clean_cache' from command line to 'False'
[0.804s] Level 5:colcon.colcon_core.verb:set package 'capteurs_pkg' build argument 'cmake_clean_first' from command line to 'False'
[0.804s] Level 5:colcon.colcon_core.verb:set package 'capteurs_pkg' build argument 'cmake_force_configure' from command line to 'False'
[0.804s] Level 5:colcon.colcon_core.verb:set package 'capteurs_pkg' build argument 'ament_cmake_args' from command line to 'None'
[0.804s] Level 5:colcon.colcon_core.verb:set package 'capteurs_pkg' build argument 'catkin_cmake_args' from command line to 'None'
[0.804s] Level 5:colcon.colcon_core.verb:set package 'capteurs_pkg' build argument 'catkin_skip_building_tests' from command line to 'False'
[0.804s] DEBUG:colcon.colcon_core.verb:Building package 'capteurs_pkg' with the following arguments: {'ament_cmake_args': None, 'build_base': '/home/koumba/robot_ws/build/capteurs_pkg', 'catkin_cmake_args': None, 'catkin_skip_building_tests': False, 'cmake_args': None, 'cmake_clean_cache': False, 'cmake_clean_first': False, 'cmake_force_configure': False, 'cmake_target': None, 'cmake_target_skip_unavailable': False, 'install_base': '/home/koumba/robot_ws/install/capteurs_pkg', 'merge_install': False, 'path': '/home/koumba/robot_ws/src/capteurs_pkg', 'symlink_install': True, 'test_result_base': None}
[0.804s] Level 5:colcon.colcon_core.verb:set package 'controle_safety_pkg' build argument 'cmake_args' from command line to 'None'
[0.805s] Level 5:colcon.colcon_core.verb:set package 'controle_safety_pkg' build argument 'cmake_target' from command line to 'None'
[0.805s] Level 5:colcon.colcon_core.verb:set package 'controle_safety_pkg' build argument 'cmake_target_skip_unavailable' from command line to 'False'
[0.805s] Level 5:colcon.colcon_core.verb:set package 'controle_safety_pkg' build argument 'cmake_clean_cache' from command line to 'False'
[0.805s] Level 5:colcon.colcon_core.verb:set package 'controle_safety_pkg' build argument 'cmake_clean_first' from command line to 'False'
[0.805s] Level 5:colcon.colcon_core.verb:set package 'controle_safety_pkg' build argument 'cmake_force_configure' from command line to 'False'
[0.805s] Level 5:colcon.colcon_core.verb:set package 'controle_safety_pkg' build argument 'ament_cmake_args' from command line to 'None'
[0.805s] Level 5:colcon.colcon_core.verb:set package 'controle_safety_pkg' build argument 'catkin_cmake_args' from command line to 'None'
[0.805s] Level 5:colcon.colcon_core.verb:set package 'controle_safety_pkg' build argument 'catkin_skip_building_tests' from command line to 'False'
[0.805s] DEBUG:colcon.colcon_core.verb:Building package 'controle_safety_pkg' with the following arguments: {'ament_cmake_args': None, 'build_base': '/home/koumba/robot_ws/build/controle_safety_pkg', 'catkin_cmake_args': None, 'catkin_skip_building_tests': False, 'cmake_args': None, 'cmake_clean_cache': False, 'cmake_clean_first': False, 'cmake_force_configure': False, 'cmake_target': None, 'cmake_target_skip_unavailable': False, 'install_base': '/home/koumba/robot_ws/install/controle_safety_pkg', 'merge_install': False, 'path': '/home/koumba/robot_ws/src/controle_safety_pkg', 'symlink_install': True, 'test_result_base': None}
[0.805s] Level 5:colcon.colcon_core.verb:set package 'led_supervision_pkg' build argument 'cmake_args' from command line to 'None'
[0.806s] Level 5:colcon.colcon_core.verb:set package 'led_supervision_pkg' build argument 'cmake_target' from command line to 'None'
[0.806s] Level 5:colcon.colcon_core.verb:set package 'led_supervision_pkg' build argument 'cmake_target_skip_unavailable' from command line to 'False'
[0.806s] Level 5:colcon.colcon_core.verb:set package 'led_supervision_pkg' build argument 'cmake_clean_cache' from command line to 'False'
[0.806s] Level 5:colcon.colcon_core.verb:set package 'led_supervision_pkg' build argument 'cmake_clean_first' from command line to 'False'
[0.806s] Level 5:colcon.colcon_core.verb:set package 'led_supervision_pkg' build argument 'cmake_force_configure' from command line to 'False'
[0.806s] Level 5:colcon.colcon_core.verb:set package 'led_supervision_pkg' build argument 'ament_cmake_args' from command line to 'None'
[0.806s] Level 5:colcon.colcon_core.verb:set package 'led_supervision_pkg' build argument 'catkin_cmake_args' from command line to 'None'
[0.806s] Level 5:colcon.colcon_core.verb:set package 'led_supervision_pkg' build argument 'catkin_skip_building_tests' from command line to 'False'
[0.806s] DEBUG:colcon.colcon_core.verb:Building package 'led_supervision_pkg' with the following arguments: {'ament_cmake_args': None, 'build_base': '/home/koumba/robot_ws/build/led_supervision_pkg', 'catkin_cmake_args': None, 'catkin_skip_building_tests': False, 'cmake_args': None, 'cmake_clean_cache': False, 'cmake_clean_first': False, 'cmake_force_configure': False, 'cmake_target': None, 'cmake_target_skip_unavailable': False, 'install_base': '/home/koumba/robot_ws/install/led_supervision_pkg', 'merge_install': False, 'path': '/home/koumba/robot_ws/src/led_supervision_pkg', 'symlink_install': True, 'test_result_base': None}
[0.806s] Level 5:colcon.colcon_core.verb:set package 'localisation_pkg' build argument 'cmake_args' from command line to 'None'
[0.807s] Level 5:colcon.colcon_core.verb:set package 'localisation_pkg' build argument 'cmake_target' from command line to 'None'
[0.807s] Level 5:colcon.colcon_core.verb:set package 'localisation_pkg' build argument 'cmake_target_skip_unavailable' from command line to 'False'
[0.807s] Level 5:colcon.colcon_core.verb:set package 'localisation_pkg' build argument 'cmake_clean_cache' from command line to 'False'
[0.807s] Level 5:colcon.colcon_core.verb:set package 'localisation_pkg' build argument 'cmake_clean_first' from command line to 'False'
[0.807s] Level 5:colcon.colcon_core.verb:set package 'localisation_pkg' build argument 'cmake_force_configure' from command line to 'False'
[0.807s] Level 5:colcon.colcon_core.verb:set package 'localisation_pkg' build argument 'ament_cmake_args' from command line to 'None'
[0.807s] Level 5:colcon.colcon_core.verb:set package 'localisation_pkg' build argument 'catkin_cmake_args' from command line to 'None'
[0.807s] Level 5:colcon.colcon_core.verb:set package 'localisation_pkg' build argument 'catkin_skip_building_tests' from command line to 'False'
[0.807s] DEBUG:colcon.colcon_core.verb:Building package 'localisation_pkg' with the following arguments: {'ament_cmake_args': None, 'build_base': '/home/koumba/robot_ws/build/localisation_pkg', 'catkin_cmake_args': None, 'catkin_skip_building_tests': False, 'cmake_args': None, 'cmake_clean_cache': False, 'cmake_clean_first': False, 'cmake_force_configure': False, 'cmake_target': None, 'cmake_target_skip_unavailable': False, 'install_base': '/home/koumba/robot_ws/install/localisation_pkg', 'merge_install': False, 'path': '/home/koumba/robot_ws/src/localisation_pkg', 'symlink_install': True, 'test_result_base': None}
[0.807s] Level 5:colcon.colcon_core.verb:set package 'navigation_cartographie_pkg' build argument 'cmake_args' from command line to 'None'
[0.807s] Level 5:colcon.colcon_core.verb:set package 'navigation_cartographie_pkg' build argument 'cmake_target' from command line to 'None'
[0.807s] Level 5:colcon.colcon_core.verb:set package 'navigation_cartographie_pkg' build argument 'cmake_target_skip_unavailable' from command line to 'False'
[0.808s] Level 5:colcon.colcon_core.verb:set package 'navigation_cartographie_pkg' build argument 'cmake_clean_cache' from command line to 'False'
[0.808s] Level 5:colcon.colcon_core.verb:set package 'navigation_cartographie_pkg' build argument 'cmake_clean_first' from command line to 'False'
[0.808s] Level 5:colcon.colcon_core.verb:set package 'navigation_cartographie_pkg' build argument 'cmake_force_configure' from command line to 'False'
[0.808s] Level 5:colcon.colcon_core.verb:set package 'navigation_cartographie_pkg' build argument 'ament_cmake_args' from command line to 'None'
[0.808s] Level 5:colcon.colcon_core.verb:set package 'navigation_cartographie_pkg' build argument 'catkin_cmake_args' from command line to 'None'
[0.808s] Level 5:colcon.colcon_core.verb:set package 'navigation_cartographie_pkg' build argument 'catkin_skip_building_tests' from command line to 'False'
[0.808s] DEBUG:colcon.colcon_core.verb:Building package 'navigation_cartographie_pkg' with the following arguments: {'ament_cmake_args': None, 'build_base': '/home/koumba/robot_ws/build/navigation_cartographie_pkg', 'catkin_cmake_args': None, 'catkin_skip_building_tests': False, 'cmake_args': None, 'cmake_clean_cache': False, 'cmake_clean_first': False, 'cmake_force_configure': False, 'cmake_target': None, 'cmake_target_skip_unavailable': False, 'install_base': '/home/koumba/robot_ws/install/navigation_cartographie_pkg', 'merge_install': False, 'path': '/home/koumba/robot_ws/src/navigation_cartographie_pkg', 'symlink_install': True, 'test_result_base': None}
[0.808s] INFO:colcon.colcon_core.executor:Executing jobs using 'parallel' executor
[0.810s] DEBUG:colcon.colcon_parallel_executor.executor.parallel:run_until_complete
[0.810s] INFO:colcon.colcon_ros.task.ament_python.build:Building ROS package in '/home/koumba/robot_ws/src/battery_motor_pkg' with build type 'ament_python'
[0.811s] Level 1:colcon.colcon_core.shell:create_environment_hook('battery_motor_pkg', 'ament_prefix_path')
[0.820s] INFO:colcon.colcon_core.plugin_system:Skipping extension 'colcon_core.shell.bat': Not used on non-Windows systems
[0.821s] INFO:colcon.colcon_core.shell:Creating environment hook '/home/koumba/robot_ws/install/battery_motor_pkg/share/battery_motor_pkg/hook/ament_prefix_path.ps1'
[0.825s] INFO:colcon.colcon_core.shell:Creating environment descriptor '/home/koumba/robot_ws/install/battery_motor_pkg/share/battery_motor_pkg/hook/ament_prefix_path.dsv'
[0.827s] INFO:colcon.colcon_core.shell:Creating environment hook '/home/koumba/robot_ws/install/battery_motor_pkg/share/battery_motor_pkg/hook/ament_prefix_path.sh'
[0.829s] INFO:colcon.colcon_core.shell:Skip shell extension 'powershell' for command environment: Not usable outside of PowerShell
[0.829s] DEBUG:colcon.colcon_core.shell:Skip shell extension 'dsv' for command environment
[0.834s] INFO:colcon.colcon_ros.task.ament_python.build:Building ROS package in '/home/koumba/robot_ws/src/capteurs_pkg' with build type 'ament_python'
[0.834s] Level 1:colcon.colcon_core.shell:create_environment_hook('capteurs_pkg', 'ament_prefix_path')
[0.835s] INFO:colcon.colcon_core.shell:Creating environment hook '/home/koumba/robot_ws/install/capteurs_pkg/share/capteurs_pkg/hook/ament_prefix_path.ps1'
[0.837s] INFO:colcon.colcon_core.shell:Creating environment descriptor '/home/koumba/robot_ws/install/capteurs_pkg/share/capteurs_pkg/hook/ament_prefix_path.dsv'
[0.838s] INFO:colcon.colcon_core.shell:Creating environment hook '/home/koumba/robot_ws/install/capteurs_pkg/share/capteurs_pkg/hook/ament_prefix_path.sh'
[0.839s] INFO:colcon.colcon_core.shell:Skip shell extension 'powershell' for command environment: Not usable outside of PowerShell
[0.839s] DEBUG:colcon.colcon_core.shell:Skip shell extension 'dsv' for command environment
[0.844s] INFO:colcon.colcon_ros.task.ament_python.build:Building ROS package in '/home/koumba/robot_ws/src/controle_safety_pkg' with build type 'ament_python'
[0.844s] Level 1:colcon.colcon_core.shell:create_environment_hook('controle_safety_pkg', 'ament_prefix_path')
[0.845s] INFO:colcon.colcon_core.shell:Creating environment hook '/home/koumba/robot_ws/install/controle_safety_pkg/share/controle_safety_pkg/hook/ament_prefix_path.ps1'
[0.847s] INFO:colcon.colcon_core.shell:Creating environment descriptor '/home/koumba/robot_ws/install/controle_safety_pkg/share/controle_safety_pkg/hook/ament_prefix_path.dsv'
[0.848s] INFO:colcon.colcon_core.shell:Creating environment hook '/home/koumba/robot_ws/install/controle_safety_pkg/share/controle_safety_pkg/hook/ament_prefix_path.sh'
[0.849s] INFO:colcon.colcon_core.shell:Skip shell extension 'powershell' for command environment: Not usable outside of PowerShell
[0.849s] DEBUG:colcon.colcon_core.shell:Skip shell extension 'dsv' for command environment
[0.853s] INFO:colcon.colcon_ros.task.ament_python.build:Building ROS package in '/home/koumba/robot_ws/src/led_supervision_pkg' with build type 'ament_python'
[0.854s] Level 1:colcon.colcon_core.shell:create_environment_hook('led_supervision_pkg', 'ament_prefix_path')
[0.854s] INFO:colcon.colcon_core.shell:Creating environment hook '/home/koumba/robot_ws/install/led_supervision_pkg/share/led_supervision_pkg/hook/ament_prefix_path.ps1'
[0.858s] INFO:colcon.colcon_core.shell:Creating environment descriptor '/home/koumba/robot_ws/install/led_supervision_pkg/share/led_supervision_pkg/hook/ament_prefix_path.dsv'
[0.859s] INFO:colcon.colcon_core.shell:Creating environment hook '/home/koumba/robot_ws/install/led_supervision_pkg/share/led_supervision_pkg/hook/ament_prefix_path.sh'
[0.860s] INFO:colcon.colcon_core.shell:Skip shell extension 'powershell' for command environment: Not usable outside of PowerShell
[0.860s] DEBUG:colcon.colcon_core.shell:Skip shell extension 'dsv' for command environment
[0.864s] INFO:colcon.colcon_ros.task.ament_python.build:Building ROS package in '/home/koumba/robot_ws/src/localisation_pkg' with build type 'ament_python'
[0.865s] Level 1:colcon.colcon_core.shell:create_environment_hook('localisation_pkg', 'ament_prefix_path')
[0.865s] INFO:colcon.colcon_core.shell:Creating environment hook '/home/koumba/robot_ws/install/localisation_pkg/share/localisation_pkg/hook/ament_prefix_path.ps1'
[0.868s] INFO:colcon.colcon_core.shell:Creating environment descriptor '/home/koumba/robot_ws/install/localisation_pkg/share/localisation_pkg/hook/ament_prefix_path.dsv'
[0.869s] INFO:colcon.colcon_core.shell:Creating environment hook '/home/koumba/robot_ws/install/localisation_pkg/share/localisation_pkg/hook/ament_prefix_path.sh'
[0.870s] INFO:colcon.colcon_core.shell:Skip shell extension 'powershell' for command environment: Not usable outside of PowerShell
[0.870s] DEBUG:colcon.colcon_core.shell:Skip shell extension 'dsv' for command environment
[0.874s] INFO:colcon.colcon_ros.task.ament_python.build:Building ROS package in '/home/koumba/robot_ws/src/navigation_cartographie_pkg' with build type 'ament_python'
[0.874s] Level 1:colcon.colcon_core.shell:create_environment_hook('navigation_cartographie_pkg', 'ament_prefix_path')
[0.875s] INFO:colcon.colcon_core.shell:Creating environment hook '/home/koumba/robot_ws/install/navigation_cartographie_pkg/share/navigation_cartographie_pkg/hook/ament_prefix_path.ps1'
[0.878s] INFO:colcon.colcon_core.shell:Creating environment descriptor '/home/koumba/robot_ws/install/navigation_cartographie_pkg/share/navigation_cartographie_pkg/hook/ament_prefix_path.dsv'
[0.879s] INFO:colcon.colcon_core.shell:Creating environment hook '/home/koumba/robot_ws/install/navigation_cartographie_pkg/share/navigation_cartographie_pkg/hook/ament_prefix_path.sh'
[0.880s] INFO:colcon.colcon_core.shell:Skip shell extension 'powershell' for command environment: Not usable outside of PowerShell
[0.880s] DEBUG:colcon.colcon_core.shell:Skip shell extension 'dsv' for command environment
[1.279s] INFO:colcon.colcon_core.task.python.build:Building Python package in '/home/koumba/robot_ws/src/battery_motor_pkg'
[1.280s] INFO:colcon.colcon_core.shell:Skip shell extension 'powershell' for command environment: Not usable outside of PowerShell
[1.280s] DEBUG:colcon.colcon_core.shell:Skip shell extension 'dsv' for command environment
[1.652s] INFO:colcon.colcon_core.task.python.build:Building Python package in '/home/koumba/robot_ws/src/capteurs_pkg'
[1.653s] INFO:colcon.colcon_core.shell:Skip shell extension 'powershell' for command environment: Not usable outside of PowerShell
[1.653s] DEBUG:colcon.colcon_core.shell:Skip shell extension 'dsv' for command environment
[2.030s] INFO:colcon.colcon_core.task.python.build:Building Python package in '/home/koumba/robot_ws/src/controle_safety_pkg'
[2.031s] INFO:colcon.colcon_core.shell:Skip shell extension 'powershell' for command environment: Not usable outside of PowerShell
[2.031s] DEBUG:colcon.colcon_core.shell:Skip shell extension 'dsv' for command environment
[2.403s] INFO:colcon.colcon_core.task.python.build:Building Python package in '/home/koumba/robot_ws/src/led_supervision_pkg'
[2.403s] INFO:colcon.colcon_core.shell:Skip shell extension 'powershell' for command environment: Not usable outside of PowerShell
[2.403s] DEBUG:colcon.colcon_core.shell:Skip shell extension 'dsv' for command environment
[2.776s] INFO:colcon.colcon_core.task.python.build:Building Python package in '/home/koumba/robot_ws/src/localisation_pkg'
[2.776s] INFO:colcon.colcon_core.shell:Skip shell extension 'powershell' for command environment: Not usable outside of PowerShell
[2.776s] DEBUG:colcon.colcon_core.shell:Skip shell extension 'dsv' for command environment
[3.157s] INFO:colcon.colcon_core.task.python.build:Building Python package in '/home/koumba/robot_ws/src/navigation_cartographie_pkg'
[3.158s] INFO:colcon.colcon_core.shell:Skip shell extension 'powershell' for command environment: Not usable outside of PowerShell
[3.158s] DEBUG:colcon.colcon_core.shell:Skip shell extension 'dsv' for command environment
[4.130s] DEBUG:colcon.colcon_core.event_handler.log_command:Invoking command in '/home/koumba/robot_ws/build/battery_motor_pkg': PYTHONPATH=/home/koumba/robot_ws/build/battery_motor_pkg/prefix_override:/usr/lib/python3/dist-packages/colcon_core/task/python/colcon_distutils_commands:/home/koumba/robot_ws/install/battery_motor_pkg/lib/python3.10/site-packages:${PYTHONPATH} /usr/bin/python3 -W ignore:setup.py install is deprecated -W ignore:easy_install command is deprecated setup.py develop --editable --build-directory /home/koumba/robot_ws/build/battery_motor_pkg/build --no-deps symlink_data
[4.143s] DEBUG:colcon.colcon_core.event_handler.log_command:Invoking command in '/home/koumba/robot_ws/build/controle_safety_pkg': PYTHONPATH=/home/koumba/robot_ws/build/controle_safety_pkg/prefix_override:/usr/lib/python3/dist-packages/colcon_core/task/python/colcon_distutils_commands:/home/koumba/robot_ws/install/controle_safety_pkg/lib/python3.10/site-packages:${PYTHONPATH} /usr/bin/python3 -W ignore:setup.py install is deprecated -W ignore:easy_install command is deprecated setup.py develop --editable --build-directory /home/koumba/robot_ws/build/controle_safety_pkg/build --no-deps symlink_data
[4.150s] DEBUG:colcon.colcon_core.event_handler.log_command:Invoking command in '/home/koumba/robot_ws/build/localisation_pkg': PYTHONPATH=/home/koumba/robot_ws/build/localisation_pkg/prefix_override:/usr/lib/python3/dist-packages/colcon_core/task/python/colcon_distutils_commands:/home/koumba/robot_ws/install/localisation_pkg/lib/python3.10/site-packages:${PYTHONPATH} /usr/bin/python3 -W ignore:setup.py install is deprecated -W ignore:easy_install command is deprecated setup.py develop --editable --build-directory /home/koumba/robot_ws/build/localisation_pkg/build --no-deps symlink_data
[4.155s] DEBUG:colcon.colcon_core.event_handler.log_command:Invoking command in '/home/koumba/robot_ws/build/capteurs_pkg': PYTHONPATH=/home/koumba/robot_ws/build/capteurs_pkg/prefix_override:/usr/lib/python3/dist-packages/colcon_core/task/python/colcon_distutils_commands:/home/koumba/robot_ws/install/capteurs_pkg/lib/python3.10/site-packages:${PYTHONPATH} /usr/bin/python3 -W ignore:setup.py install is deprecated -W ignore:easy_install command is deprecated setup.py develop --editable --build-directory /home/koumba/robot_ws/build/capteurs_pkg/build --no-deps symlink_data
[4.161s] DEBUG:colcon.colcon_core.event_handler.log_command:Invoking command in '/home/koumba/robot_ws/build/navigation_cartographie_pkg': PYTHONPATH=/home/koumba/robot_ws/build/navigation_cartographie_pkg/prefix_override:/usr/lib/python3/dist-packages/colcon_core/task/python/colcon_distutils_commands:/home/koumba/robot_ws/install/navigation_cartographie_pkg/lib/python3.10/site-packages:${PYTHONPATH} /usr/bin/python3 -W ignore:setup.py install is deprecated -W ignore:easy_install command is deprecated setup.py develop --editable --build-directory /home/koumba/robot_ws/build/navigation_cartographie_pkg/build --no-deps symlink_data
[4.173s] DEBUG:colcon.colcon_core.event_handler.log_command:Invoking command in '/home/koumba/robot_ws/build/led_supervision_pkg': PYTHONPATH=/home/koumba/robot_ws/build/led_supervision_pkg/prefix_override:/usr/lib/python3/dist-packages/colcon_core/task/python/colcon_distutils_commands:/home/koumba/robot_ws/install/led_supervision_pkg/lib/python3.10/site-packages:${PYTHONPATH} /usr/bin/python3 -W ignore:setup.py install is deprecated -W ignore:easy_install command is deprecated setup.py develop --editable --build-directory /home/koumba/robot_ws/build/led_supervision_pkg/build --no-deps symlink_data
[5.030s] Level 1:colcon.colcon_core.shell:create_environment_hook('navigation_cartographie_pkg', 'pythonpath_develop')
[5.031s] INFO:colcon.colcon_core.shell:Creating environment hook '/home/koumba/robot_ws/build/navigation_cartographie_pkg/share/navigation_cartographie_pkg/hook/pythonpath_develop.ps1'
[5.032s] DEBUG:colcon.colcon_core.event_handler.log_command:Invoked command in '/home/koumba/robot_ws/build/navigation_cartographie_pkg' returned '0': PYTHONPATH=/home/koumba/robot_ws/build/navigation_cartographie_pkg/prefix_override:/usr/lib/python3/dist-packages/colcon_core/task/python/colcon_distutils_commands:/home/koumba/robot_ws/install/navigation_cartographie_pkg/lib/python3.10/site-packages:${PYTHONPATH} /usr/bin/python3 -W ignore:setup.py install is deprecated -W ignore:easy_install command is deprecated setup.py develop --editable --build-directory /home/koumba/robot_ws/build/navigation_cartographie_pkg/build --no-deps symlink_data
[5.035s] INFO:colcon.colcon_core.shell:Creating environment descriptor '/home/koumba/robot_ws/build/navigation_cartographie_pkg/share/navigation_cartographie_pkg/hook/pythonpath_develop.dsv'
[5.035s] INFO:colcon.colcon_core.shell:Creating environment hook '/home/koumba/robot_ws/build/navigation_cartographie_pkg/share/navigation_cartographie_pkg/hook/pythonpath_develop.sh'
[5.051s] Level 1:colcon.colcon_core.environment:checking '/home/koumba/robot_ws/install/navigation_cartographie_pkg' for CMake module files
[5.053s] Level 1:colcon.colcon_core.environment:checking '/home/koumba/robot_ws/install/navigation_cartographie_pkg' for CMake config files
[5.054s] Level 1:colcon.colcon_core.environment:checking '/home/koumba/robot_ws/install/navigation_cartographie_pkg/lib'
[5.055s] Level 1:colcon.colcon_core.environment:checking '/home/koumba/robot_ws/install/navigation_cartographie_pkg/bin'
[5.055s] Level 1:colcon.colcon_core.environment:checking '/home/koumba/robot_ws/install/navigation_cartographie_pkg/lib/pkgconfig/navigation_cartographie_pkg.pc'
[5.055s] Level 1:colcon.colcon_core.environment:checking '/home/koumba/robot_ws/install/navigation_cartographie_pkg/lib/python3.10/site-packages'
[5.055s] Level 1:colcon.colcon_core.shell:create_environment_hook('navigation_cartographie_pkg', 'pythonpath')
[5.056s] INFO:colcon.colcon_core.shell:Creating environment hook '/home/koumba/robot_ws/install/navigation_cartographie_pkg/share/navigation_cartographie_pkg/hook/pythonpath.ps1'
[5.057s] INFO:colcon.colcon_core.shell:Creating environment descriptor '/home/koumba/robot_ws/install/navigation_cartographie_pkg/share/navigation_cartographie_pkg/hook/pythonpath.dsv'
[5.057s] INFO:colcon.colcon_core.shell:Creating environment hook '/home/koumba/robot_ws/install/navigation_cartographie_pkg/share/navigation_cartographie_pkg/hook/pythonpath.sh'
[5.059s] Level 1:colcon.colcon_core.environment:checking '/home/koumba/robot_ws/install/navigation_cartographie_pkg/bin'
[5.059s] Level 1:colcon.colcon_core.environment:create_environment_scripts_only(navigation_cartographie_pkg)
[5.059s] INFO:colcon.colcon_core.shell:Creating package script '/home/koumba/robot_ws/install/navigation_cartographie_pkg/share/navigation_cartographie_pkg/package.ps1'
[5.061s] INFO:colcon.colcon_core.shell:Creating package descriptor '/home/koumba/robot_ws/install/navigation_cartographie_pkg/share/navigation_cartographie_pkg/package.dsv'
[5.062s] INFO:colcon.colcon_core.shell:Creating package script '/home/koumba/robot_ws/install/navigation_cartographie_pkg/share/navigation_cartographie_pkg/package.sh'
[5.065s] INFO:colcon.colcon_core.shell:Creating package script '/home/koumba/robot_ws/install/navigation_cartographie_pkg/share/navigation_cartographie_pkg/package.bash'
[5.071s] INFO:colcon.colcon_core.shell:Creating package script '/home/koumba/robot_ws/install/navigation_cartographie_pkg/share/navigation_cartographie_pkg/package.zsh'
[5.073s] Level 1:colcon.colcon_core.environment:create_file_with_runtime_dependencies(/home/koumba/robot_ws/install/navigation_cartographie_pkg/share/colcon-core/packages/navigation_cartographie_pkg)
[5.080s] Level 1:colcon.colcon_core.shell:create_environment_hook('localisation_pkg', 'pythonpath_develop')
[5.081s] INFO:colcon.colcon_core.shell:Creating environment hook '/home/koumba/robot_ws/build/localisation_pkg/share/localisation_pkg/hook/pythonpath_develop.ps1'
[5.084s] DEBUG:colcon.colcon_core.event_handler.log_command:Invoked command in '/home/koumba/robot_ws/build/localisation_pkg' returned '0': PYTHONPATH=/home/koumba/robot_ws/build/localisation_pkg/prefix_override:/usr/lib/python3/dist-packages/colcon_core/task/python/colcon_distutils_commands:/home/koumba/robot_ws/install/localisation_pkg/lib/python3.10/site-packages:${PYTHONPATH} /usr/bin/python3 -W ignore:setup.py install is deprecated -W ignore:easy_install command is deprecated setup.py develop --editable --build-directory /home/koumba/robot_ws/build/localisation_pkg/build --no-deps symlink_data
[5.085s] INFO:colcon.colcon_core.shell:Creating environment descriptor '/home/koumba/robot_ws/build/localisation_pkg/share/localisation_pkg/hook/pythonpath_develop.dsv'
[5.086s] INFO:colcon.colcon_core.shell:Creating environment hook '/home/koumba/robot_ws/build/localisation_pkg/share/localisation_pkg/hook/pythonpath_develop.sh'
[5.088s] Level 1:colcon.colcon_core.environment:checking '/home/koumba/robot_ws/install/localisation_pkg' for CMake module files
[5.089s] Level 1:colcon.colcon_core.environment:checking '/home/koumba/robot_ws/install/localisation_pkg' for CMake config files
[5.090s] Level 1:colcon.colcon_core.environment:checking '/home/koumba/robot_ws/install/localisation_pkg/lib'
[5.090s] Level 1:colcon.colcon_core.environment:checking '/home/koumba/robot_ws/install/localisation_pkg/bin'
[5.090s] Level 1:colcon.colcon_core.environment:checking '/home/koumba/robot_ws/install/localisation_pkg/lib/pkgconfig/localisation_pkg.pc'
[5.090s] Level 1:colcon.colcon_core.environment:checking '/home/koumba/robot_ws/install/localisation_pkg/lib/python3.10/site-packages'
[5.091s] Level 1:colcon.colcon_core.shell:create_environment_hook('localisation_pkg', 'pythonpath')
[5.091s] INFO:colcon.colcon_core.shell:Creating environment hook '/home/koumba/robot_ws/install/localisation_pkg/share/localisation_pkg/hook/pythonpath.ps1'
[5.092s] INFO:colcon.colcon_core.shell:Creating environment descriptor '/home/koumba/robot_ws/install/localisation_pkg/share/localisation_pkg/hook/pythonpath.dsv'
[5.092s] INFO:colcon.colcon_core.shell:Creating environment hook '/home/koumba/robot_ws/install/localisation_pkg/share/localisation_pkg/hook/pythonpath.sh'
[5.093s] Level 1:colcon.colcon_core.environment:checking '/home/koumba/robot_ws/install/localisation_pkg/bin'
[5.093s] Level 1:colcon.colcon_core.environment:create_environment_scripts_only(localisation_pkg)
[5.094s] INFO:colcon.colcon_core.shell:Creating package script '/home/koumba/robot_ws/install/localisation_pkg/share/localisation_pkg/package.ps1'
[5.095s] INFO:colcon.colcon_core.shell:Creating package descriptor '/home/koumba/robot_ws/install/localisation_pkg/share/localisation_pkg/package.dsv'
[5.096s] INFO:colcon.colcon_core.shell:Creating package script '/home/koumba/robot_ws/install/localisation_pkg/share/localisation_pkg/package.sh'
[5.097s] INFO:colcon.colcon_core.shell:Creating package script '/home/koumba/robot_ws/install/localisation_pkg/share/localisation_pkg/package.bash'
[5.097s] INFO:colcon.colcon_core.shell:Creating package script '/home/koumba/robot_ws/install/localisation_pkg/share/localisation_pkg/package.zsh'
[5.098s] Level 1:colcon.colcon_core.environment:create_file_with_runtime_dependencies(/home/koumba/robot_ws/install/localisation_pkg/share/colcon-core/packages/localisation_pkg)
[5.100s] Level 1:colcon.colcon_core.shell:create_environment_hook('battery_motor_pkg', 'pythonpath_develop')
[5.100s] INFO:colcon.colcon_core.shell:Creating environment hook '/home/koumba/robot_ws/build/battery_motor_pkg/share/battery_motor_pkg/hook/pythonpath_develop.ps1'
[5.102s] DEBUG:colcon.colcon_core.event_handler.log_command:Invoked command in '/home/koumba/robot_ws/build/battery_motor_pkg' returned '0': PYTHONPATH=/home/koumba/robot_ws/build/battery_motor_pkg/prefix_override:/usr/lib/python3/dist-packages/colcon_core/task/python/colcon_distutils_commands:/home/koumba/robot_ws/install/battery_motor_pkg/lib/python3.10/site-packages:${PYTHONPATH} /usr/bin/python3 -W ignore:setup.py install is deprecated -W ignore:easy_install command is deprecated setup.py develop --editable --build-directory /home/koumba/robot_ws/build/battery_motor_pkg/build --no-deps symlink_data
[5.104s] INFO:colcon.colcon_core.shell:Creating environment descriptor '/home/koumba/robot_ws/build/battery_motor_pkg/share/battery_motor_pkg/hook/pythonpath_develop.dsv'
[5.104s] INFO:colcon.colcon_core.shell:Creating environment hook '/home/koumba/robot_ws/build/battery_motor_pkg/share/battery_motor_pkg/hook/pythonpath_develop.sh'
[5.106s] Level 1:colcon.colcon_core.environment:checking '/home/koumba/robot_ws/install/battery_motor_pkg' for CMake module files
[5.107s] Level 1:colcon.colcon_core.environment:checking '/home/koumba/robot_ws/install/battery_motor_pkg' for CMake config files
[5.107s] Level 1:colcon.colcon_core.environment:checking '/home/koumba/robot_ws/install/battery_motor_pkg/lib'
[5.108s] Level 1:colcon.colcon_core.environment:checking '/home/koumba/robot_ws/install/battery_motor_pkg/bin'
[5.108s] Level 1:colcon.colcon_core.environment:checking '/home/koumba/robot_ws/install/battery_motor_pkg/lib/pkgconfig/battery_motor_pkg.pc'
[5.108s] Level 1:colcon.colcon_core.environment:checking '/home/koumba/robot_ws/install/battery_motor_pkg/lib/python3.10/site-packages'
[5.108s] Level 1:colcon.colcon_core.shell:create_environment_hook('battery_motor_pkg', 'pythonpath')
[5.109s] INFO:colcon.colcon_core.shell:Creating environment hook '/home/koumba/robot_ws/install/battery_motor_pkg/share/battery_motor_pkg/hook/pythonpath.ps1'
[5.110s] INFO:colcon.colcon_core.shell:Creating environment descriptor '/home/koumba/robot_ws/install/battery_motor_pkg/share/battery_motor_pkg/hook/pythonpath.dsv'
[5.110s] INFO:colcon.colcon_core.shell:Creating environment hook '/home/koumba/robot_ws/install/battery_motor_pkg/share/battery_motor_pkg/hook/pythonpath.sh'
[5.111s] Level 1:colcon.colcon_core.environment:checking '/home/koumba/robot_ws/install/battery_motor_pkg/bin'
[5.111s] Level 1:colcon.colcon_core.environment:create_environment_scripts_only(battery_motor_pkg)
[5.112s] INFO:colcon.colcon_core.shell:Creating package script '/home/koumba/robot_ws/install/battery_motor_pkg/share/battery_motor_pkg/package.ps1'
[5.113s] INFO:colcon.colcon_core.shell:Creating package descriptor '/home/koumba/robot_ws/install/battery_motor_pkg/share/battery_motor_pkg/package.dsv'
[5.114s] INFO:colcon.colcon_core.shell:Creating package script '/home/koumba/robot_ws/install/battery_motor_pkg/share/battery_motor_pkg/package.sh'
[5.115s] INFO:colcon.colcon_core.shell:Creating package script '/home/koumba/robot_ws/install/battery_motor_pkg/share/battery_motor_pkg/package.bash'
[5.116s] INFO:colcon.colcon_core.shell:Creating package script '/home/koumba/robot_ws/install/battery_motor_pkg/share/battery_motor_pkg/package.zsh'
[5.117s] Level 1:colcon.colcon_core.environment:create_file_with_runtime_dependencies(/home/koumba/robot_ws/install/battery_motor_pkg/share/colcon-core/packages/battery_motor_pkg)
[5.118s] Level 1:colcon.colcon_core.shell:create_environment_hook('controle_safety_pkg', 'pythonpath_develop')
[5.119s] INFO:colcon.colcon_core.shell:Creating environment hook '/home/koumba/robot_ws/build/controle_safety_pkg/share/controle_safety_pkg/hook/pythonpath_develop.ps1'
[5.121s] DEBUG:colcon.colcon_core.event_handler.log_command:Invoked command in '/home/koumba/robot_ws/build/controle_safety_pkg' returned '0': PYTHONPATH=/home/koumba/robot_ws/build/controle_safety_pkg/prefix_override:/usr/lib/python3/dist-packages/colcon_core/task/python/colcon_distutils_commands:/home/koumba/robot_ws/install/controle_safety_pkg/lib/python3.10/site-packages:${PYTHONPATH} /usr/bin/python3 -W ignore:setup.py install is deprecated -W ignore:easy_install command is deprecated setup.py develop --editable --build-directory /home/koumba/robot_ws/build/controle_safety_pkg/build --no-deps symlink_data
[5.123s] INFO:colcon.colcon_core.shell:Creating environment descriptor '/home/koumba/robot_ws/build/controle_safety_pkg/share/controle_safety_pkg/hook/pythonpath_develop.dsv'
[5.123s] INFO:colcon.colcon_core.shell:Creating environment hook '/home/koumba/robot_ws/build/controle_safety_pkg/share/controle_safety_pkg/hook/pythonpath_develop.sh'
[5.125s] Level 1:colcon.colcon_core.environment:checking '/home/koumba/robot_ws/install/controle_safety_pkg' for CMake module files
[5.125s] Level 1:colcon.colcon_core.environment:checking '/home/koumba/robot_ws/install/controle_safety_pkg' for CMake config files
[5.126s] Level 1:colcon.colcon_core.environment:checking '/home/koumba/robot_ws/install/controle_safety_pkg/lib'
[5.126s] Level 1:colcon.colcon_core.environment:checking '/home/koumba/robot_ws/install/controle_safety_pkg/bin'
[5.126s] Level 1:colcon.colcon_core.environment:checking '/home/koumba/robot_ws/install/controle_safety_pkg/lib/pkgconfig/controle_safety_pkg.pc'
[5.127s] Level 1:colcon.colcon_core.environment:checking '/home/koumba/robot_ws/install/controle_safety_pkg/lib/python3.10/site-packages'
[5.127s] Level 1:colcon.colcon_core.shell:create_environment_hook('controle_safety_pkg', 'pythonpath')
[5.127s] INFO:colcon.colcon_core.shell:Creating environment hook '/home/koumba/robot_ws/install/controle_safety_pkg/share/controle_safety_pkg/hook/pythonpath.ps1'
[5.128s] INFO:colcon.colcon_core.shell:Creating environment descriptor '/home/koumba/robot_ws/install/controle_safety_pkg/share/controle_safety_pkg/hook/pythonpath.dsv'
[5.128s] INFO:colcon.colcon_core.shell:Creating environment hook '/home/koumba/robot_ws/install/controle_safety_pkg/share/controle_safety_pkg/hook/pythonpath.sh'
[5.130s] Level 1:colcon.colcon_core.environment:checking '/home/koumba/robot_ws/install/controle_safety_pkg/bin'
[5.130s] Level 1:colcon.colcon_core.environment:create_environment_scripts_only(controle_safety_pkg)
[5.130s] INFO:colcon.colcon_core.shell:Creating package script '/home/koumba/robot_ws/install/controle_safety_pkg/share/controle_safety_pkg/package.ps1'
[5.132s] INFO:colcon.colcon_core.shell:Creating package descriptor '/home/koumba/robot_ws/install/controle_safety_pkg/share/controle_safety_pkg/package.dsv'
[5.134s] INFO:colcon.colcon_core.shell:Creating package script '/home/koumba/robot_ws/install/controle_safety_pkg/share/controle_safety_pkg/package.sh'
[5.135s] INFO:colcon.colcon_core.shell:Creating package script '/home/koumba/robot_ws/install/controle_safety_pkg/share/controle_safety_pkg/package.bash'
[5.136s] INFO:colcon.colcon_core.shell:Creating package script '/home/koumba/robot_ws/install/controle_safety_pkg/share/controle_safety_pkg/package.zsh'
[5.136s] Level 1:colcon.colcon_core.environment:create_file_with_runtime_dependencies(/home/koumba/robot_ws/install/controle_safety_pkg/share/colcon-core/packages/controle_safety_pkg)
[5.141s] Level 1:colcon.colcon_core.shell:create_environment_hook('led_supervision_pkg', 'pythonpath_develop')
[5.142s] INFO:colcon.colcon_core.shell:Creating environment hook '/home/koumba/robot_ws/build/led_supervision_pkg/share/led_supervision_pkg/hook/pythonpath_develop.ps1'
[5.143s] DEBUG:colcon.colcon_core.event_handler.log_command:Invoked command in '/home/koumba/robot_ws/build/led_supervision_pkg' returned '0': PYTHONPATH=/home/koumba/robot_ws/build/led_supervision_pkg/prefix_override:/usr/lib/python3/dist-packages/colcon_core/task/python/colcon_distutils_commands:/home/koumba/robot_ws/install/led_supervision_pkg/lib/python3.10/site-packages:${PYTHONPATH} /usr/bin/python3 -W ignore:setup.py install is deprecated -W ignore:easy_install command is deprecated setup.py develop --editable --build-directory /home/koumba/robot_ws/build/led_supervision_pkg/build --no-deps symlink_data
[5.145s] INFO:colcon.colcon_core.shell:Creating environment descriptor '/home/koumba/robot_ws/build/led_supervision_pkg/share/led_supervision_pkg/hook/pythonpath_develop.dsv'
[5.146s] INFO:colcon.colcon_core.shell:Creating environment hook '/home/koumba/robot_ws/build/led_supervision_pkg/share/led_supervision_pkg/hook/pythonpath_develop.sh'
[5.146s] Level 1:colcon.colcon_core.environment:checking '/home/koumba/robot_ws/install/led_supervision_pkg' for CMake module files
[5.147s] Level 1:colcon.colcon_core.environment:checking '/home/koumba/robot_ws/install/led_supervision_pkg' for CMake config files
[5.148s] Level 1:colcon.colcon_core.environment:checking '/home/koumba/robot_ws/install/led_supervision_pkg/lib'
[5.148s] Level 1:colcon.colcon_core.environment:checking '/home/koumba/robot_ws/install/led_supervision_pkg/bin'
[5.148s] Level 1:colcon.colcon_core.environment:checking '/home/koumba/robot_ws/install/led_supervision_pkg/lib/pkgconfig/led_supervision_pkg.pc'
[5.149s] Level 1:colcon.colcon_core.environment:checking '/home/koumba/robot_ws/install/led_supervision_pkg/lib/python3.10/site-packages'
[5.149s] Level 1:colcon.colcon_core.shell:create_environment_hook('led_supervision_pkg', 'pythonpath')
[5.149s] INFO:colcon.colcon_core.shell:Creating environment hook '/home/koumba/robot_ws/install/led_supervision_pkg/share/led_supervision_pkg/hook/pythonpath.ps1'
[5.150s] INFO:colcon.colcon_core.shell:Creating environment descriptor '/home/koumba/robot_ws/install/led_supervision_pkg/share/led_supervision_pkg/hook/pythonpath.dsv'
[5.151s] INFO:colcon.colcon_core.shell:Creating environment hook '/home/koumba/robot_ws/install/led_supervision_pkg/share/led_supervision_pkg/hook/pythonpath.sh'
[5.152s] Level 1:colcon.colcon_core.environment:checking '/home/koumba/robot_ws/install/led_supervision_pkg/bin'
[5.152s] Level 1:colcon.colcon_core.environment:create_environment_scripts_only(led_supervision_pkg)
[5.152s] INFO:colcon.colcon_core.shell:Creating package script '/home/koumba/robot_ws/install/led_supervision_pkg/share/led_supervision_pkg/package.ps1'
[5.154s] INFO:colcon.colcon_core.shell:Creating package descriptor '/home/koumba/robot_ws/install/led_supervision_pkg/share/led_supervision_pkg/package.dsv'
[5.155s] INFO:colcon.colcon_core.shell:Creating package script '/home/koumba/robot_ws/install/led_supervision_pkg/share/led_supervision_pkg/package.sh'
[5.155s] INFO:colcon.colcon_core.shell:Creating package script '/home/koumba/robot_ws/install/led_supervision_pkg/share/led_supervision_pkg/package.bash'
[5.156s] INFO:colcon.colcon_core.shell:Creating package script '/home/koumba/robot_ws/install/led_supervision_pkg/share/led_supervision_pkg/package.zsh'
[5.156s] Level 1:colcon.colcon_core.environment:create_file_with_runtime_dependencies(/home/koumba/robot_ws/install/led_supervision_pkg/share/colcon-core/packages/led_supervision_pkg)
[5.158s] Level 1:colcon.colcon_core.shell:create_environment_hook('capteurs_pkg', 'pythonpath_develop')
[5.159s] INFO:colcon.colcon_core.shell:Creating environment hook '/home/koumba/robot_ws/build/capteurs_pkg/share/capteurs_pkg/hook/pythonpath_develop.ps1'
[5.160s] DEBUG:colcon.colcon_core.event_handler.log_command:Invoked command in '/home/koumba/robot_ws/build/capteurs_pkg' returned '0': PYTHONPATH=/home/koumba/robot_ws/build/capteurs_pkg/prefix_override:/usr/lib/python3/dist-packages/colcon_core/task/python/colcon_distutils_commands:/home/koumba/robot_ws/install/capteurs_pkg/lib/python3.10/site-packages:${PYTHONPATH} /usr/bin/python3 -W ignore:setup.py install is deprecated -W ignore:easy_install command is deprecated setup.py develop --editable --build-directory /home/koumba/robot_ws/build/capteurs_pkg/build --no-deps symlink_data
[5.162s] INFO:colcon.colcon_core.shell:Creating environment descriptor '/home/koumba/robot_ws/build/capteurs_pkg/share/capteurs_pkg/hook/pythonpath_develop.dsv'
[5.162s] INFO:colcon.colcon_core.shell:Creating environment hook '/home/koumba/robot_ws/build/capteurs_pkg/share/capteurs_pkg/hook/pythonpath_develop.sh'
[5.163s] Level 1:colcon.colcon_core.environment:checking '/home/koumba/robot_ws/install/capteurs_pkg' for CMake module files
[5.164s] Level 1:colcon.colcon_core.environment:checking '/home/koumba/robot_ws/install/capteurs_pkg' for CMake config files
[5.164s] Level 1:colcon.colcon_core.environment:checking '/home/koumba/robot_ws/install/capteurs_pkg/lib'
[5.165s] Level 1:colcon.colcon_core.environment:checking '/home/koumba/robot_ws/install/capteurs_pkg/bin'
[5.165s] Level 1:colcon.colcon_core.environment:checking '/home/koumba/robot_ws/install/capteurs_pkg/lib/pkgconfig/capteurs_pkg.pc'
[5.165s] Level 1:colcon.colcon_core.environment:checking '/home/koumba/robot_ws/install/capteurs_pkg/lib/python3.10/site-packages'
[5.165s] Level 1:colcon.colcon_core.shell:create_environment_hook('capteurs_pkg', 'pythonpath')
[5.166s] INFO:colcon.colcon_core.shell:Creating environment hook '/home/koumba/robot_ws/install/capteurs_pkg/share/capteurs_pkg/hook/pythonpath.ps1'
[5.166s] INFO:colcon.colcon_core.shell:Creating environment descriptor '/home/koumba/robot_ws/install/capteurs_pkg/share/capteurs_pkg/hook/pythonpath.dsv'
[5.167s] INFO:colcon.colcon_core.shell:Creating environment hook '/home/koumba/robot_ws/install/capteurs_pkg/share/capteurs_pkg/hook/pythonpath.sh'
[5.168s] Level 1:colcon.colcon_core.environment:checking '/home/koumba/robot_ws/install/capteurs_pkg/bin'
[5.168s] Level 1:colcon.colcon_core.environment:create_environment_scripts_only(capteurs_pkg)
[5.169s] INFO:colcon.colcon_core.shell:Creating package script '/home/koumba/robot_ws/install/capteurs_pkg/share/capteurs_pkg/package.ps1'
[5.169s] INFO:colcon.colcon_core.shell:Creating package descriptor '/home/koumba/robot_ws/install/capteurs_pkg/share/capteurs_pkg/package.dsv'
[5.170s] INFO:colcon.colcon_core.shell:Creating package script '/home/koumba/robot_ws/install/capteurs_pkg/share/capteurs_pkg/package.sh'
[5.171s] INFO:colcon.colcon_core.shell:Creating package script '/home/koumba/robot_ws/install/capteurs_pkg/share/capteurs_pkg/package.bash'
[5.171s] INFO:colcon.colcon_core.shell:Creating package script '/home/koumba/robot_ws/install/capteurs_pkg/share/capteurs_pkg/package.zsh'
[5.172s] Level 1:colcon.colcon_core.environment:create_file_with_runtime_dependencies(/home/koumba/robot_ws/install/capteurs_pkg/share/colcon-core/packages/capteurs_pkg)
[5.173s] DEBUG:colcon.colcon_parallel_executor.executor.parallel:closing loop
[5.174s] DEBUG:colcon.colcon_parallel_executor.executor.parallel:loop closed
[5.174s] DEBUG:colcon.colcon_parallel_executor.executor.parallel:run_until_complete finished with '0'
[5.175s] DEBUG:colcon.colcon_core.event_reactor:joining thread
[5.230s] INFO:colcon.colcon_core.plugin_system:Skipping extension 'colcon_notification.desktop_notification.notify_send': Could not find 'notify-send'
[5.230s] INFO:colcon.colcon_core.plugin_system:Skipping extension 'colcon_notification.desktop_notification.terminal_notifier': Not used on non-Darwin systems
[5.230s] INFO:colcon.colcon_core.plugin_system:Skipping extension 'colcon_notification.desktop_notification.win32': Not used on non-Windows systems
[5.230s] INFO:colcon.colcon_notification.desktop_notification:Sending desktop notification using 'notify2'
[5.231s] DEBUG:colcon.colcon_notification.desktop_notification.notify2:Failed to initialize notify2: org.freedesktop.DBus.Error.FileNotFound: Failed to connect to socket /run/user/1000/bus: No such file or directory
[5.231s] DEBUG:colcon.colcon_core.event_reactor:joined thread
[5.231s] INFO:colcon.colcon_core.shell:Creating prefix script '/home/koumba/robot_ws/install/local_setup.ps1'
[5.233s] INFO:colcon.colcon_core.shell:Creating prefix util module '/home/koumba/robot_ws/install/_local_setup_util_ps1.py'
[5.235s] INFO:colcon.colcon_core.shell:Creating prefix chain script '/home/koumba/robot_ws/install/setup.ps1'
[5.237s] INFO:colcon.colcon_core.shell:Creating prefix script '/home/koumba/robot_ws/install/local_setup.sh'
[5.238s] INFO:colcon.colcon_core.shell:Creating prefix util module '/home/koumba/robot_ws/install/_local_setup_util_sh.py'
[5.239s] INFO:colcon.colcon_core.shell:Creating prefix chain script '/home/koumba/robot_ws/install/setup.sh'
[5.241s] INFO:colcon.colcon_core.shell:Creating prefix script '/home/koumba/robot_ws/install/local_setup.bash'
[5.243s] INFO:colcon.colcon_core.shell:Creating prefix chain script '/home/koumba/robot_ws/install/setup.bash'
[5.245s] INFO:colcon.colcon_core.shell:Creating prefix script '/home/koumba/robot_ws/install/local_setup.zsh'
[5.246s] INFO:colcon.colcon_core.shell:Creating prefix chain script '/home/koumba/robot_ws/install/setup.zsh'
