running develop
running egg_info
creating battery_motor_pkg.egg-info
writing battery_motor_pkg.egg-info/PKG-INFO
writing dependency_links to battery_motor_pkg.egg-info/dependency_links.txt
writing entry points to battery_motor_pkg.egg-info/entry_points.txt
writing requirements to battery_motor_pkg.egg-info/requires.txt
writing top-level names to battery_motor_pkg.egg-info/top_level.txt
writing manifest file 'battery_motor_pkg.egg-info/SOURCES.txt'
reading manifest file 'battery_motor_pkg.egg-info/SOURCES.txt'
writing manifest file 'battery_motor_pkg.egg-info/SOURCES.txt'
running build_ext
Creating /home/koumba/robot_ws/install/battery_motor_pkg/lib/python3.10/site-packages/battery-motor-pkg.egg-link (link to .)

Installed /home/koumba/robot_ws/build/battery_motor_pkg
running symlink_data
creating /home/koumba/robot_ws/install/battery_motor_pkg/share/ament_index
creating /home/koumba/robot_ws/install/battery_motor_pkg/share/ament_index/resource_index
creating /home/koumba/robot_ws/install/battery_motor_pkg/share/ament_index/resource_index/packages
symbolically linking /home/koumba/robot_ws/build/battery_motor_pkg/resource/battery_motor_pkg -> /home/koumba/robot_ws/install/battery_motor_pkg/share/ament_index/resource_index/packages
symbolically linking /home/koumba/robot_ws/build/battery_motor_pkg/package.xml -> /home/koumba/robot_ws/install/battery_motor_pkg/share/battery_motor_pkg
