running develop
running egg_info
creating controle_safety_pkg.egg-info
writing controle_safety_pkg.egg-info/PKG-INFO
writing dependency_links to controle_safety_pkg.egg-info/dependency_links.txt
writing entry points to controle_safety_pkg.egg-info/entry_points.txt
writing requirements to controle_safety_pkg.egg-info/requires.txt
writing top-level names to controle_safety_pkg.egg-info/top_level.txt
writing manifest file 'controle_safety_pkg.egg-info/SOURCES.txt'
reading manifest file 'controle_safety_pkg.egg-info/SOURCES.txt'
writing manifest file 'controle_safety_pkg.egg-info/SOURCES.txt'
running build_ext
Creating /home/koumba/robot_ws/install/controle_safety_pkg/lib/python3.10/site-packages/controle-safety-pkg.egg-link (link to .)

Installed /home/koumba/robot_ws/build/controle_safety_pkg
running symlink_data
creating /home/koumba/robot_ws/install/controle_safety_pkg/share/ament_index
creating /home/koumba/robot_ws/install/controle_safety_pkg/share/ament_index/resource_index
creating /home/koumba/robot_ws/install/controle_safety_pkg/share/ament_index/resource_index/packages
symbolically linking /home/koumba/robot_ws/build/controle_safety_pkg/resource/controle_safety_pkg -> /home/koumba/robot_ws/install/controle_safety_pkg/share/ament_index/resource_index/packages
symbolically linking /home/koumba/robot_ws/build/controle_safety_pkg/package.xml -> /home/koumba/robot_ws/install/controle_safety_pkg/share/controle_safety_pkg
