[3.299s] Invoking command in '/home/koumba/robot_ws/build/controle_safety_pkg': PYTHONPATH=/home/koumba/robot_ws/build/controle_safety_pkg/prefix_override:/usr/lib/python3/dist-packages/colcon_core/task/python/colcon_distutils_commands:/home/koumba/robot_ws/install/controle_safety_pkg/lib/python3.10/site-packages:${PYTHONPATH} /usr/bin/python3 -W ignore:setup.py install is deprecated -W ignore:easy_install command is deprecated setup.py develop --editable --build-directory /home/koumba/robot_ws/build/controle_safety_pkg/build --no-deps symlink_data
[3.824s] running develop
[4.153s] running egg_info
[4.153s] creating controle_safety_pkg.egg-info
[4.154s] writing controle_safety_pkg.egg-info/PKG-INFO
[4.155s] writing dependency_links to controle_safety_pkg.egg-info/dependency_links.txt
[4.155s] writing entry points to controle_safety_pkg.egg-info/entry_points.txt
[4.156s] writing requirements to controle_safety_pkg.egg-info/requires.txt
[4.157s] writing top-level names to controle_safety_pkg.egg-info/top_level.txt
[4.157s] writing manifest file 'controle_safety_pkg.egg-info/SOURCES.txt'
[4.161s] reading manifest file 'controle_safety_pkg.egg-info/SOURCES.txt'
[4.161s] writing manifest file 'controle_safety_pkg.egg-info/SOURCES.txt'
[4.163s] running build_ext
[4.164s] Creating /home/koumba/robot_ws/install/controle_safety_pkg/lib/python3.10/site-packages/controle-safety-pkg.egg-link (link to .)
[4.166s] 
[4.166s] Installed /home/koumba/robot_ws/build/controle_safety_pkg
[4.167s] running symlink_data
[4.168s] creating /home/koumba/robot_ws/install/controle_safety_pkg/share/ament_index
[4.169s] creating /home/koumba/robot_ws/install/controle_safety_pkg/share/ament_index/resource_index
[4.171s] creating /home/koumba/robot_ws/install/controle_safety_pkg/share/ament_index/resource_index/packages
[4.171s] symbolically linking /home/koumba/robot_ws/build/controle_safety_pkg/resource/controle_safety_pkg -> /home/koumba/robot_ws/install/controle_safety_pkg/share/ament_index/resource_index/packages
[4.171s] symbolically linking /home/koumba/robot_ws/build/controle_safety_pkg/package.xml -> /home/koumba/robot_ws/install/controle_safety_pkg/share/controle_safety_pkg
[4.277s] Invoked command in '/home/koumba/robot_ws/build/controle_safety_pkg' returned '0': PYTHONPATH=/home/koumba/robot_ws/build/controle_safety_pkg/prefix_override:/usr/lib/python3/dist-packages/colcon_core/task/python/colcon_distutils_commands:/home/koumba/robot_ws/install/controle_safety_pkg/lib/python3.10/site-packages:${PYTHONPATH} /usr/bin/python3 -W ignore:setup.py install is deprecated -W ignore:easy_install command is deprecated setup.py develop --editable --build-directory /home/koumba/robot_ws/build/controle_safety_pkg/build --no-deps symlink_data
