[0.379s] DEBUG:colcon:Command line arguments: ['/usr/bin/colcon', 'build', '--symlink-install']
[0.379s] DEBUG:colcon:Parsed command line arguments: Namespace(log_base=None, log_level=None, verb_name='build', build_base='build', install_base='install', merge_install=False, symlink_install=True, test_result_base=None, continue_on_error=False, executor='parallel', parallel_workers=12, event_handlers=None, ignore_user_meta=False, metas=['./colcon.meta'], base_paths=['.'], packages_ignore=None, packages_ignore_regex=None, paths=None, packages_up_to=None, packages_up_to_regex=None, packages_above=None, packages_above_and_dependencies=None, packages_above_depth=None, packages_select_by_dep=None, packages_skip_by_dep=None, packages_skip_up_to=None, packages_select_build_failed=False, packages_skip_build_finished=False, packages_select_test_failures=False, packages_skip_test_passed=False, packages_select=None, packages_skip=None, packages_select_regex=None, packages_skip_regex=None, packages_start=None, packages_end=None, allow_overriding=[], cmake_args=None, cmake_target=None, cmake_target_skip_unavailable=False, cmake_clean_cache=False, cmake_clean_first=False, cmake_force_configure=False, ament_cmake_args=None, catkin_cmake_args=None, catkin_skip_building_tests=False, verb_parser=<colcon_defaults.argument_parser.defaults.DefaultArgumentsDecorator object at 0x74ce254423b0>, verb_extension=<colcon_core.verb.build.BuildVerb object at 0x74ce2551ff10>, main=<bound method BuildVerb.main of <colcon_core.verb.build.BuildVerb object at 0x74ce2551ff10>>)
[0.733s] Level 1:colcon.colcon_core.package_discovery:discover_packages(colcon_meta) check parameters
[0.733s] Level 1:colcon.colcon_core.package_discovery:discover_packages(recursive) check parameters
[0.734s] Level 1:colcon.colcon_core.package_discovery:discover_packages(ignore) check parameters
[0.734s] Level 1:colcon.colcon_core.package_discovery:discover_packages(path) check parameters
[0.734s] Level 1:colcon.colcon_core.package_discovery:discover_packages(colcon_meta) discover
[0.734s] Level 1:colcon.colcon_core.package_discovery:discover_packages(recursive) discover
[0.734s] INFO:colcon.colcon_core.package_discovery:Crawling recursively for packages in '/home/koumba/robot_ws'
[0.734s] Level 1:colcon.colcon_core.package_identification:_identify(.) by extensions ['ignore', 'ignore_ament_install']
[0.735s] Level 1:colcon.colcon_core.package_identification:_identify(.) by extension 'ignore'
[0.735s] Level 1:colcon.colcon_core.package_identification:_identify(.) by extension 'ignore_ament_install'
[0.735s] Level 1:colcon.colcon_core.package_identification:_identify(.) by extensions ['colcon_pkg']
[0.735s] Level 1:colcon.colcon_core.package_identification:_identify(.) by extension 'colcon_pkg'
[0.735s] Level 1:colcon.colcon_core.package_identification:_identify(.) by extensions ['colcon_meta']
[0.735s] Level 1:colcon.colcon_core.package_identification:_identify(.) by extension 'colcon_meta'
[0.735s] Level 1:colcon.colcon_core.package_identification:_identify(.) by extensions ['ros']
[0.735s] Level 1:colcon.colcon_core.package_identification:_identify(.) by extension 'ros'
[0.768s] Level 1:colcon.colcon_core.package_identification:_identify(.) by extensions ['cmake', 'python']
[0.768s] Level 1:colcon.colcon_core.package_identification:_identify(.) by extension 'cmake'
[0.769s] Level 1:colcon.colcon_core.package_identification:_identify(.) by extension 'python'
[0.769s] Level 1:colcon.colcon_core.package_identification:_identify(.) by extensions ['python_setup_py']
[0.769s] Level 1:colcon.colcon_core.package_identification:_identify(.) by extension 'python_setup_py'
[0.769s] Level 1:colcon.colcon_core.package_identification:_identify(build) by extensions ['ignore', 'ignore_ament_install']
[0.769s] Level 1:colcon.colcon_core.package_identification:_identify(build) by extension 'ignore'
[0.769s] Level 1:colcon.colcon_core.package_identification:_identify(build) ignored
[0.769s] Level 1:colcon.colcon_core.package_identification:_identify(install) by extensions ['ignore', 'ignore_ament_install']
[0.770s] Level 1:colcon.colcon_core.package_identification:_identify(install) by extension 'ignore'
[0.770s] Level 1:colcon.colcon_core.package_identification:_identify(install) ignored
[0.770s] Level 1:colcon.colcon_core.package_identification:_identify(log) by extensions ['ignore', 'ignore_ament_install']
[0.770s] Level 1:colcon.colcon_core.package_identification:_identify(log) by extension 'ignore'
[0.770s] Level 1:colcon.colcon_core.package_identification:_identify(log) ignored
[0.770s] Level 1:colcon.colcon_core.package_identification:_identify(src) by extensions ['ignore', 'ignore_ament_install']
[0.770s] Level 1:colcon.colcon_core.package_identification:_identify(src) by extension 'ignore'
[0.771s] Level 1:colcon.colcon_core.package_identification:_identify(src) by extension 'ignore_ament_install'
[0.771s] Level 1:colcon.colcon_core.package_identification:_identify(src) by extensions ['colcon_pkg']
[0.771s] Level 1:colcon.colcon_core.package_identification:_identify(src) by extension 'colcon_pkg'
[0.771s] Level 1:colcon.colcon_core.package_identification:_identify(src) by extensions ['colcon_meta']
[0.771s] Level 1:colcon.colcon_core.package_identification:_identify(src) by extension 'colcon_meta'
[0.771s] Level 1:colcon.colcon_core.package_identification:_identify(src) by extensions ['ros']
[0.771s] Level 1:colcon.colcon_core.package_identification:_identify(src) by extension 'ros'
[0.771s] Level 1:colcon.colcon_core.package_identification:_identify(src) by extensions ['cmake', 'python']
[0.771s] Level 1:colcon.colcon_core.package_identification:_identify(src) by extension 'cmake'
[0.771s] Level 1:colcon.colcon_core.package_identification:_identify(src) by extension 'python'
[0.771s] Level 1:colcon.colcon_core.package_identification:_identify(src) by extensions ['python_setup_py']
[0.771s] Level 1:colcon.colcon_core.package_identification:_identify(src) by extension 'python_setup_py'
[0.771s] Level 1:colcon.colcon_core.package_identification:_identify(src/battery_motor_pkg) by extensions ['ignore', 'ignore_ament_install']
[0.772s] Level 1:colcon.colcon_core.package_identification:_identify(src/battery_motor_pkg) by extension 'ignore'
[0.772s] Level 1:colcon.colcon_core.package_identification:_identify(src/battery_motor_pkg) by extension 'ignore_ament_install'
[0.772s] Level 1:colcon.colcon_core.package_identification:_identify(src/battery_motor_pkg) by extensions ['colcon_pkg']
[0.772s] Level 1:colcon.colcon_core.package_identification:_identify(src/battery_motor_pkg) by extension 'colcon_pkg'
[0.772s] Level 1:colcon.colcon_core.package_identification:_identify(src/battery_motor_pkg) by extensions ['colcon_meta']
[0.772s] Level 1:colcon.colcon_core.package_identification:_identify(src/battery_motor_pkg) by extension 'colcon_meta'
[0.772s] Level 1:colcon.colcon_core.package_identification:_identify(src/battery_motor_pkg) by extensions ['ros']
[0.772s] Level 1:colcon.colcon_core.package_identification:_identify(src/battery_motor_pkg) by extension 'ros'
[0.778s] DEBUG:colcon.colcon_core.package_identification:Package 'src/battery_motor_pkg' with type 'ros.ament_python' and name 'battery_motor_pkg'
[0.778s] Level 1:colcon.colcon_core.package_identification:_identify(src/capteurs_pkg) by extensions ['ignore', 'ignore_ament_install']
[0.779s] Level 1:colcon.colcon_core.package_identification:_identify(src/capteurs_pkg) by extension 'ignore'
[0.779s] Level 1:colcon.colcon_core.package_identification:_identify(src/capteurs_pkg) by extension 'ignore_ament_install'
[0.779s] Level 1:colcon.colcon_core.package_identification:_identify(src/capteurs_pkg) by extensions ['colcon_pkg']
[0.779s] Level 1:colcon.colcon_core.package_identification:_identify(src/capteurs_pkg) by extension 'colcon_pkg'
[0.779s] Level 1:colcon.colcon_core.package_identification:_identify(src/capteurs_pkg) by extensions ['colcon_meta']
[0.779s] Level 1:colcon.colcon_core.package_identification:_identify(src/capteurs_pkg) by extension 'colcon_meta'
[0.779s] Level 1:colcon.colcon_core.package_identification:_identify(src/capteurs_pkg) by extensions ['ros']
[0.779s] Level 1:colcon.colcon_core.package_identification:_identify(src/capteurs_pkg) by extension 'ros'
[0.781s] DEBUG:colcon.colcon_core.package_identification:Package 'src/capteurs_pkg' with type 'ros.ament_python' and name 'capteurs_pkg'
[0.781s] Level 1:colcon.colcon_core.package_identification:_identify(src/controle_safety_pkg) by extensions ['ignore', 'ignore_ament_install']
[0.781s] Level 1:colcon.colcon_core.package_identification:_identify(src/controle_safety_pkg) by extension 'ignore'
[0.781s] Level 1:colcon.colcon_core.package_identification:_identify(src/controle_safety_pkg) by extension 'ignore_ament_install'
[0.782s] Level 1:colcon.colcon_core.package_identification:_identify(src/controle_safety_pkg) by extensions ['colcon_pkg']
[0.782s] Level 1:colcon.colcon_core.package_identification:_identify(src/controle_safety_pkg) by extension 'colcon_pkg'
[0.782s] Level 1:colcon.colcon_core.package_identification:_identify(src/controle_safety_pkg) by extensions ['colcon_meta']
[0.782s] Level 1:colcon.colcon_core.package_identification:_identify(src/controle_safety_pkg) by extension 'colcon_meta'
[0.782s] Level 1:colcon.colcon_core.package_identification:_identify(src/controle_safety_pkg) by extensions ['ros']
[0.782s] Level 1:colcon.colcon_core.package_identification:_identify(src/controle_safety_pkg) by extension 'ros'
[0.784s] DEBUG:colcon.colcon_core.package_identification:Package 'src/controle_safety_pkg' with type 'ros.ament_python' and name 'controle_safety_pkg'
[0.784s] Level 1:colcon.colcon_core.package_identification:_identify(src/led_supervision_pkg) by extensions ['ignore', 'ignore_ament_install']
[0.784s] Level 1:colcon.colcon_core.package_identification:_identify(src/led_supervision_pkg) by extension 'ignore'
[0.784s] Level 1:colcon.colcon_core.package_identification:_identify(src/led_supervision_pkg) by extension 'ignore_ament_install'
[0.784s] Level 1:colcon.colcon_core.package_identification:_identify(src/led_supervision_pkg) by extensions ['colcon_pkg']
[0.785s] Level 1:colcon.colcon_core.package_identification:_identify(src/led_supervision_pkg) by extension 'colcon_pkg'
[0.785s] Level 1:colcon.colcon_core.package_identification:_identify(src/led_supervision_pkg) by extensions ['colcon_meta']
[0.785s] Level 1:colcon.colcon_core.package_identification:_identify(src/led_supervision_pkg) by extension 'colcon_meta'
[0.785s] Level 1:colcon.colcon_core.package_identification:_identify(src/led_supervision_pkg) by extensions ['ros']
[0.785s] Level 1:colcon.colcon_core.package_identification:_identify(src/led_supervision_pkg) by extension 'ros'
[0.786s] DEBUG:colcon.colcon_core.package_identification:Package 'src/led_supervision_pkg' with type 'ros.ament_python' and name 'led_supervision_pkg'
[0.786s] Level 1:colcon.colcon_core.package_identification:_identify(src/localisation_pkg) by extensions ['ignore', 'ignore_ament_install']
[0.787s] Level 1:colcon.colcon_core.package_identification:_identify(src/localisation_pkg) by extension 'ignore'
[0.787s] Level 1:colcon.colcon_core.package_identification:_identify(src/localisation_pkg) by extension 'ignore_ament_install'
[0.787s] Level 1:colcon.colcon_core.package_identification:_identify(src/localisation_pkg) by extensions ['colcon_pkg']
[0.787s] Level 1:colcon.colcon_core.package_identification:_identify(src/localisation_pkg) by extension 'colcon_pkg'
[0.787s] Level 1:colcon.colcon_core.package_identification:_identify(src/localisation_pkg) by extensions ['colcon_meta']
[0.787s] Level 1:colcon.colcon_core.package_identification:_identify(src/localisation_pkg) by extension 'colcon_meta'
[0.787s] Level 1:colcon.colcon_core.package_identification:_identify(src/localisation_pkg) by extensions ['ros']
[0.787s] Level 1:colcon.colcon_core.package_identification:_identify(src/localisation_pkg) by extension 'ros'
[0.789s] DEBUG:colcon.colcon_core.package_identification:Package 'src/localisation_pkg' with type 'ros.ament_python' and name 'localisation_pkg'
[0.789s] Level 1:colcon.colcon_core.package_identification:_identify(src/navigation_cartographie_pkg) by extensions ['ignore', 'ignore_ament_install']
[0.789s] Level 1:colcon.colcon_core.package_identification:_identify(src/navigation_cartographie_pkg) by extension 'ignore'
[0.789s] Level 1:colcon.colcon_core.package_identification:_identify(src/navigation_cartographie_pkg) by extension 'ignore_ament_install'
[0.790s] Level 1:colcon.colcon_core.package_identification:_identify(src/navigation_cartographie_pkg) by extensions ['colcon_pkg']
[0.790s] Level 1:colcon.colcon_core.package_identification:_identify(src/navigation_cartographie_pkg) by extension 'colcon_pkg'
[0.790s] Level 1:colcon.colcon_core.package_identification:_identify(src/navigation_cartographie_pkg) by extensions ['colcon_meta']
[0.790s] Level 1:colcon.colcon_core.package_identification:_identify(src/navigation_cartographie_pkg) by extension 'colcon_meta'
[0.790s] Level 1:colcon.colcon_core.package_identification:_identify(src/navigation_cartographie_pkg) by extensions ['ros']
[0.790s] Level 1:colcon.colcon_core.package_identification:_identify(src/navigation_cartographie_pkg) by extension 'ros'
[0.791s] DEBUG:colcon.colcon_core.package_identification:Package 'src/navigation_cartographie_pkg' with type 'ros.ament_python' and name 'navigation_cartographie_pkg'
[0.791s] Level 1:colcon.colcon_core.package_discovery:discover_packages(recursive) using defaults
[0.791s] Level 1:colcon.colcon_core.package_discovery:discover_packages(ignore) discover
[0.791s] Level 1:colcon.colcon_core.package_discovery:discover_packages(ignore) using defaults
[0.791s] Level 1:colcon.colcon_core.package_discovery:discover_packages(path) discover
[0.792s] Level 1:colcon.colcon_core.package_discovery:discover_packages(path) using defaults
[0.830s] Level 1:colcon.colcon_core.package_discovery:discover_packages(prefix_path) check parameters
[0.831s] Level 1:colcon.colcon_core.package_discovery:discover_packages(prefix_path) discover
[0.836s] DEBUG:colcon.colcon_installed_package_information.package_discovery:Found 6 installed packages in /home/koumba/robot_ws/install
[0.839s] DEBUG:colcon.colcon_installed_package_information.package_discovery:Found 272 installed packages in /opt/ros/humble
[0.853s] Level 1:colcon.colcon_core.package_discovery:discover_packages(prefix_path) using defaults
[1.010s] Level 5:colcon.colcon_core.verb:set package 'battery_motor_pkg' build argument 'cmake_args' from command line to 'None'
[1.010s] Level 5:colcon.colcon_core.verb:set package 'battery_motor_pkg' build argument 'cmake_target' from command line to 'None'
[1.010s] Level 5:colcon.colcon_core.verb:set package 'battery_motor_pkg' build argument 'cmake_target_skip_unavailable' from command line to 'False'
[1.010s] Level 5:colcon.colcon_core.verb:set package 'battery_motor_pkg' build argument 'cmake_clean_cache' from command line to 'False'
[1.010s] Level 5:colcon.colcon_core.verb:set package 'battery_motor_pkg' build argument 'cmake_clean_first' from command line to 'False'
[1.010s] Level 5:colcon.colcon_core.verb:set package 'battery_motor_pkg' build argument 'cmake_force_configure' from command line to 'False'
[1.010s] Level 5:colcon.colcon_core.verb:set package 'battery_motor_pkg' build argument 'ament_cmake_args' from command line to 'None'
[1.010s] Level 5:colcon.colcon_core.verb:set package 'battery_motor_pkg' build argument 'catkin_cmake_args' from command line to 'None'
[1.010s] Level 5:colcon.colcon_core.verb:set package 'battery_motor_pkg' build argument 'catkin_skip_building_tests' from command line to 'False'
[1.010s] DEBUG:colcon.colcon_core.verb:Building package 'battery_motor_pkg' with the following arguments: {'ament_cmake_args': None, 'build_base': '/home/koumba/robot_ws/build/battery_motor_pkg', 'catkin_cmake_args': None, 'catkin_skip_building_tests': False, 'cmake_args': None, 'cmake_clean_cache': False, 'cmake_clean_first': False, 'cmake_force_configure': False, 'cmake_target': None, 'cmake_target_skip_unavailable': False, 'install_base': '/home/koumba/robot_ws/install/battery_motor_pkg', 'merge_install': False, 'path': '/home/koumba/robot_ws/src/battery_motor_pkg', 'symlink_install': True, 'test_result_base': None}
[1.011s] Level 5:colcon.colcon_core.verb:set package 'capteurs_pkg' build argument 'cmake_args' from command line to 'None'
[1.011s] Level 5:colcon.colcon_core.verb:set package 'capteurs_pkg' build argument 'cmake_target' from command line to 'None'
[1.011s] Level 5:colcon.colcon_core.verb:set package 'capteurs_pkg' build argument 'cmake_target_skip_unavailable' from command line to 'False'
[1.011s] Level 5:colcon.colcon_core.verb:set package 'capteurs_pkg' build argument 'cmake_clean_cache' from command line to 'False'
[1.011s] Level 5:colcon.colcon_core.verb:set package 'capteurs_pkg' build argument 'cmake_clean_first' from command line to 'False'
[1.011s] Level 5:colcon.colcon_core.verb:set package 'capteurs_pkg' build argument 'cmake_force_configure' from command line to 'False'
[1.011s] Level 5:colcon.colcon_core.verb:set package 'capteurs_pkg' build argument 'ament_cmake_args' from command line to 'None'
[1.011s] Level 5:colcon.colcon_core.verb:set package 'capteurs_pkg' build argument 'catkin_cmake_args' from command line to 'None'
[1.011s] Level 5:colcon.colcon_core.verb:set package 'capteurs_pkg' build argument 'catkin_skip_building_tests' from command line to 'False'
[1.011s] DEBUG:colcon.colcon_core.verb:Building package 'capteurs_pkg' with the following arguments: {'ament_cmake_args': None, 'build_base': '/home/koumba/robot_ws/build/capteurs_pkg', 'catkin_cmake_args': None, 'catkin_skip_building_tests': False, 'cmake_args': None, 'cmake_clean_cache': False, 'cmake_clean_first': False, 'cmake_force_configure': False, 'cmake_target': None, 'cmake_target_skip_unavailable': False, 'install_base': '/home/koumba/robot_ws/install/capteurs_pkg', 'merge_install': False, 'path': '/home/koumba/robot_ws/src/capteurs_pkg', 'symlink_install': True, 'test_result_base': None}
[1.012s] Level 5:colcon.colcon_core.verb:set package 'controle_safety_pkg' build argument 'cmake_args' from command line to 'None'
[1.012s] Level 5:colcon.colcon_core.verb:set package 'controle_safety_pkg' build argument 'cmake_target' from command line to 'None'
[1.012s] Level 5:colcon.colcon_core.verb:set package 'controle_safety_pkg' build argument 'cmake_target_skip_unavailable' from command line to 'False'
[1.012s] Level 5:colcon.colcon_core.verb:set package 'controle_safety_pkg' build argument 'cmake_clean_cache' from command line to 'False'
[1.012s] Level 5:colcon.colcon_core.verb:set package 'controle_safety_pkg' build argument 'cmake_clean_first' from command line to 'False'
[1.012s] Level 5:colcon.colcon_core.verb:set package 'controle_safety_pkg' build argument 'cmake_force_configure' from command line to 'False'
[1.012s] Level 5:colcon.colcon_core.verb:set package 'controle_safety_pkg' build argument 'ament_cmake_args' from command line to 'None'
[1.012s] Level 5:colcon.colcon_core.verb:set package 'controle_safety_pkg' build argument 'catkin_cmake_args' from command line to 'None'
[1.012s] Level 5:colcon.colcon_core.verb:set package 'controle_safety_pkg' build argument 'catkin_skip_building_tests' from command line to 'False'
[1.012s] DEBUG:colcon.colcon_core.verb:Building package 'controle_safety_pkg' with the following arguments: {'ament_cmake_args': None, 'build_base': '/home/koumba/robot_ws/build/controle_safety_pkg', 'catkin_cmake_args': None, 'catkin_skip_building_tests': False, 'cmake_args': None, 'cmake_clean_cache': False, 'cmake_clean_first': False, 'cmake_force_configure': False, 'cmake_target': None, 'cmake_target_skip_unavailable': False, 'install_base': '/home/koumba/robot_ws/install/controle_safety_pkg', 'merge_install': False, 'path': '/home/koumba/robot_ws/src/controle_safety_pkg', 'symlink_install': True, 'test_result_base': None}
[1.013s] Level 5:colcon.colcon_core.verb:set package 'led_supervision_pkg' build argument 'cmake_args' from command line to 'None'
[1.013s] Level 5:colcon.colcon_core.verb:set package 'led_supervision_pkg' build argument 'cmake_target' from command line to 'None'
[1.013s] Level 5:colcon.colcon_core.verb:set package 'led_supervision_pkg' build argument 'cmake_target_skip_unavailable' from command line to 'False'
[1.013s] Level 5:colcon.colcon_core.verb:set package 'led_supervision_pkg' build argument 'cmake_clean_cache' from command line to 'False'
[1.013s] Level 5:colcon.colcon_core.verb:set package 'led_supervision_pkg' build argument 'cmake_clean_first' from command line to 'False'
[1.013s] Level 5:colcon.colcon_core.verb:set package 'led_supervision_pkg' build argument 'cmake_force_configure' from command line to 'False'
[1.013s] Level 5:colcon.colcon_core.verb:set package 'led_supervision_pkg' build argument 'ament_cmake_args' from command line to 'None'
[1.013s] Level 5:colcon.colcon_core.verb:set package 'led_supervision_pkg' build argument 'catkin_cmake_args' from command line to 'None'
[1.013s] Level 5:colcon.colcon_core.verb:set package 'led_supervision_pkg' build argument 'catkin_skip_building_tests' from command line to 'False'
[1.013s] DEBUG:colcon.colcon_core.verb:Building package 'led_supervision_pkg' with the following arguments: {'ament_cmake_args': None, 'build_base': '/home/koumba/robot_ws/build/led_supervision_pkg', 'catkin_cmake_args': None, 'catkin_skip_building_tests': False, 'cmake_args': None, 'cmake_clean_cache': False, 'cmake_clean_first': False, 'cmake_force_configure': False, 'cmake_target': None, 'cmake_target_skip_unavailable': False, 'install_base': '/home/koumba/robot_ws/install/led_supervision_pkg', 'merge_install': False, 'path': '/home/koumba/robot_ws/src/led_supervision_pkg', 'symlink_install': True, 'test_result_base': None}
[1.013s] Level 5:colcon.colcon_core.verb:set package 'localisation_pkg' build argument 'cmake_args' from command line to 'None'
[1.014s] Level 5:colcon.colcon_core.verb:set package 'localisation_pkg' build argument 'cmake_target' from command line to 'None'
[1.014s] Level 5:colcon.colcon_core.verb:set package 'localisation_pkg' build argument 'cmake_target_skip_unavailable' from command line to 'False'
[1.014s] Level 5:colcon.colcon_core.verb:set package 'localisation_pkg' build argument 'cmake_clean_cache' from command line to 'False'
[1.014s] Level 5:colcon.colcon_core.verb:set package 'localisation_pkg' build argument 'cmake_clean_first' from command line to 'False'
[1.014s] Level 5:colcon.colcon_core.verb:set package 'localisation_pkg' build argument 'cmake_force_configure' from command line to 'False'
[1.014s] Level 5:colcon.colcon_core.verb:set package 'localisation_pkg' build argument 'ament_cmake_args' from command line to 'None'
[1.014s] Level 5:colcon.colcon_core.verb:set package 'localisation_pkg' build argument 'catkin_cmake_args' from command line to 'None'
[1.014s] Level 5:colcon.colcon_core.verb:set package 'localisation_pkg' build argument 'catkin_skip_building_tests' from command line to 'False'
[1.014s] DEBUG:colcon.colcon_core.verb:Building package 'localisation_pkg' with the following arguments: {'ament_cmake_args': None, 'build_base': '/home/koumba/robot_ws/build/localisation_pkg', 'catkin_cmake_args': None, 'catkin_skip_building_tests': False, 'cmake_args': None, 'cmake_clean_cache': False, 'cmake_clean_first': False, 'cmake_force_configure': False, 'cmake_target': None, 'cmake_target_skip_unavailable': False, 'install_base': '/home/koumba/robot_ws/install/localisation_pkg', 'merge_install': False, 'path': '/home/koumba/robot_ws/src/localisation_pkg', 'symlink_install': True, 'test_result_base': None}
[1.014s] Level 5:colcon.colcon_core.verb:set package 'navigation_cartographie_pkg' build argument 'cmake_args' from command line to 'None'
[1.014s] Level 5:colcon.colcon_core.verb:set package 'navigation_cartographie_pkg' build argument 'cmake_target' from command line to 'None'
[1.014s] Level 5:colcon.colcon_core.verb:set package 'navigation_cartographie_pkg' build argument 'cmake_target_skip_unavailable' from command line to 'False'
[1.014s] Level 5:colcon.colcon_core.verb:set package 'navigation_cartographie_pkg' build argument 'cmake_clean_cache' from command line to 'False'
[1.015s] Level 5:colcon.colcon_core.verb:set package 'navigation_cartographie_pkg' build argument 'cmake_clean_first' from command line to 'False'
[1.015s] Level 5:colcon.colcon_core.verb:set package 'navigation_cartographie_pkg' build argument 'cmake_force_configure' from command line to 'False'
[1.015s] Level 5:colcon.colcon_core.verb:set package 'navigation_cartographie_pkg' build argument 'ament_cmake_args' from command line to 'None'
[1.015s] Level 5:colcon.colcon_core.verb:set package 'navigation_cartographie_pkg' build argument 'catkin_cmake_args' from command line to 'None'
[1.015s] Level 5:colcon.colcon_core.verb:set package 'navigation_cartographie_pkg' build argument 'catkin_skip_building_tests' from command line to 'False'
[1.015s] DEBUG:colcon.colcon_core.verb:Building package 'navigation_cartographie_pkg' with the following arguments: {'ament_cmake_args': None, 'build_base': '/home/koumba/robot_ws/build/navigation_cartographie_pkg', 'catkin_cmake_args': None, 'catkin_skip_building_tests': False, 'cmake_args': None, 'cmake_clean_cache': False, 'cmake_clean_first': False, 'cmake_force_configure': False, 'cmake_target': None, 'cmake_target_skip_unavailable': False, 'install_base': '/home/koumba/robot_ws/install/navigation_cartographie_pkg', 'merge_install': False, 'path': '/home/koumba/robot_ws/src/navigation_cartographie_pkg', 'symlink_install': True, 'test_result_base': None}
[1.015s] INFO:colcon.colcon_core.executor:Executing jobs using 'parallel' executor
[1.016s] DEBUG:colcon.colcon_parallel_executor.executor.parallel:run_until_complete
[1.017s] INFO:colcon.colcon_ros.task.ament_python.build:Building ROS package in '/home/koumba/robot_ws/src/battery_motor_pkg' with build type 'ament_python'
[1.018s] Level 1:colcon.colcon_core.shell:create_environment_hook('battery_motor_pkg', 'ament_prefix_path')
[1.025s] INFO:colcon.colcon_core.plugin_system:Skipping extension 'colcon_core.shell.bat': Not used on non-Windows systems
[1.026s] INFO:colcon.colcon_core.shell:Creating environment hook '/home/koumba/robot_ws/install/battery_motor_pkg/share/battery_motor_pkg/hook/ament_prefix_path.ps1'
[1.027s] INFO:colcon.colcon_core.shell:Creating environment descriptor '/home/koumba/robot_ws/install/battery_motor_pkg/share/battery_motor_pkg/hook/ament_prefix_path.dsv'
[1.028s] INFO:colcon.colcon_core.shell:Creating environment hook '/home/koumba/robot_ws/install/battery_motor_pkg/share/battery_motor_pkg/hook/ament_prefix_path.sh'
[1.030s] INFO:colcon.colcon_core.shell:Skip shell extension 'powershell' for command environment: Not usable outside of PowerShell
[1.030s] DEBUG:colcon.colcon_core.shell:Skip shell extension 'dsv' for command environment
[1.036s] INFO:colcon.colcon_ros.task.ament_python.build:Building ROS package in '/home/koumba/robot_ws/src/capteurs_pkg' with build type 'ament_python'
[1.037s] Level 1:colcon.colcon_core.shell:create_environment_hook('capteurs_pkg', 'ament_prefix_path')
[1.037s] INFO:colcon.colcon_core.shell:Creating environment hook '/home/koumba/robot_ws/install/capteurs_pkg/share/capteurs_pkg/hook/ament_prefix_path.ps1'
[1.038s] INFO:colcon.colcon_core.shell:Creating environment descriptor '/home/koumba/robot_ws/install/capteurs_pkg/share/capteurs_pkg/hook/ament_prefix_path.dsv'
[1.039s] INFO:colcon.colcon_core.shell:Creating environment hook '/home/koumba/robot_ws/install/capteurs_pkg/share/capteurs_pkg/hook/ament_prefix_path.sh'
[1.040s] INFO:colcon.colcon_core.shell:Skip shell extension 'powershell' for command environment: Not usable outside of PowerShell
[1.040s] DEBUG:colcon.colcon_core.shell:Skip shell extension 'dsv' for command environment
[1.045s] INFO:colcon.colcon_ros.task.ament_python.build:Building ROS package in '/home/koumba/robot_ws/src/controle_safety_pkg' with build type 'ament_python'
[1.046s] Level 1:colcon.colcon_core.shell:create_environment_hook('controle_safety_pkg', 'ament_prefix_path')
[1.046s] INFO:colcon.colcon_core.shell:Creating environment hook '/home/koumba/robot_ws/install/controle_safety_pkg/share/controle_safety_pkg/hook/ament_prefix_path.ps1'
[1.047s] INFO:colcon.colcon_core.shell:Creating environment descriptor '/home/koumba/robot_ws/install/controle_safety_pkg/share/controle_safety_pkg/hook/ament_prefix_path.dsv'
[1.048s] INFO:colcon.colcon_core.shell:Creating environment hook '/home/koumba/robot_ws/install/controle_safety_pkg/share/controle_safety_pkg/hook/ament_prefix_path.sh'
[1.049s] INFO:colcon.colcon_core.shell:Skip shell extension 'powershell' for command environment: Not usable outside of PowerShell
[1.049s] DEBUG:colcon.colcon_core.shell:Skip shell extension 'dsv' for command environment
[1.054s] INFO:colcon.colcon_ros.task.ament_python.build:Building ROS package in '/home/koumba/robot_ws/src/led_supervision_pkg' with build type 'ament_python'
[1.054s] Level 1:colcon.colcon_core.shell:create_environment_hook('led_supervision_pkg', 'ament_prefix_path')
[1.055s] INFO:colcon.colcon_core.shell:Creating environment hook '/home/koumba/robot_ws/install/led_supervision_pkg/share/led_supervision_pkg/hook/ament_prefix_path.ps1'
[1.056s] INFO:colcon.colcon_core.shell:Creating environment descriptor '/home/koumba/robot_ws/install/led_supervision_pkg/share/led_supervision_pkg/hook/ament_prefix_path.dsv'
[1.057s] INFO:colcon.colcon_core.shell:Creating environment hook '/home/koumba/robot_ws/install/led_supervision_pkg/share/led_supervision_pkg/hook/ament_prefix_path.sh'
[1.058s] INFO:colcon.colcon_core.shell:Skip shell extension 'powershell' for command environment: Not usable outside of PowerShell
[1.058s] DEBUG:colcon.colcon_core.shell:Skip shell extension 'dsv' for command environment
[1.063s] INFO:colcon.colcon_ros.task.ament_python.build:Building ROS package in '/home/koumba/robot_ws/src/localisation_pkg' with build type 'ament_python'
[1.063s] Level 1:colcon.colcon_core.shell:create_environment_hook('localisation_pkg', 'ament_prefix_path')
[1.064s] INFO:colcon.colcon_core.shell:Creating environment hook '/home/koumba/robot_ws/install/localisation_pkg/share/localisation_pkg/hook/ament_prefix_path.ps1'
[1.065s] INFO:colcon.colcon_core.shell:Creating environment descriptor '/home/koumba/robot_ws/install/localisation_pkg/share/localisation_pkg/hook/ament_prefix_path.dsv'
[1.066s] INFO:colcon.colcon_core.shell:Creating environment hook '/home/koumba/robot_ws/install/localisation_pkg/share/localisation_pkg/hook/ament_prefix_path.sh'
[1.067s] INFO:colcon.colcon_core.shell:Skip shell extension 'powershell' for command environment: Not usable outside of PowerShell
[1.067s] DEBUG:colcon.colcon_core.shell:Skip shell extension 'dsv' for command environment
[1.073s] INFO:colcon.colcon_ros.task.ament_python.build:Building ROS package in '/home/koumba/robot_ws/src/navigation_cartographie_pkg' with build type 'ament_python'
[1.073s] Level 1:colcon.colcon_core.shell:create_environment_hook('navigation_cartographie_pkg', 'ament_prefix_path')
[1.074s] INFO:colcon.colcon_core.shell:Creating environment hook '/home/koumba/robot_ws/install/navigation_cartographie_pkg/share/navigation_cartographie_pkg/hook/ament_prefix_path.ps1'
[1.074s] INFO:colcon.colcon_core.shell:Creating environment descriptor '/home/koumba/robot_ws/install/navigation_cartographie_pkg/share/navigation_cartographie_pkg/hook/ament_prefix_path.dsv'
[1.075s] INFO:colcon.colcon_core.shell:Creating environment hook '/home/koumba/robot_ws/install/navigation_cartographie_pkg/share/navigation_cartographie_pkg/hook/ament_prefix_path.sh'
[1.076s] INFO:colcon.colcon_core.shell:Skip shell extension 'powershell' for command environment: Not usable outside of PowerShell
[1.076s] DEBUG:colcon.colcon_core.shell:Skip shell extension 'dsv' for command environment
[1.577s] INFO:colcon.colcon_core.task.python.build:Building Python package in '/home/koumba/robot_ws/src/battery_motor_pkg'
[1.577s] INFO:colcon.colcon_core.shell:Skip shell extension 'powershell' for command environment: Not usable outside of PowerShell
[1.577s] DEBUG:colcon.colcon_core.shell:Skip shell extension 'dsv' for command environment
[2.017s] INFO:colcon.colcon_core.task.python.build:Building Python package in '/home/koumba/robot_ws/src/capteurs_pkg'
[2.017s] INFO:colcon.colcon_core.shell:Skip shell extension 'powershell' for command environment: Not usable outside of PowerShell
[2.017s] DEBUG:colcon.colcon_core.shell:Skip shell extension 'dsv' for command environment
[3.195s] INFO:colcon.colcon_core.task.python.build:Building Python package in '/home/koumba/robot_ws/src/controle_safety_pkg'
[3.196s] INFO:colcon.colcon_core.shell:Skip shell extension 'powershell' for command environment: Not usable outside of PowerShell
[3.196s] DEBUG:colcon.colcon_core.shell:Skip shell extension 'dsv' for command environment
[3.647s] INFO:colcon.colcon_core.task.python.build:Building Python package in '/home/koumba/robot_ws/src/led_supervision_pkg'
[3.648s] INFO:colcon.colcon_core.shell:Skip shell extension 'powershell' for command environment: Not usable outside of PowerShell
[3.648s] DEBUG:colcon.colcon_core.shell:Skip shell extension 'dsv' for command environment
[4.094s] INFO:colcon.colcon_core.task.python.build:Building Python package in '/home/koumba/robot_ws/src/localisation_pkg'
[4.094s] INFO:colcon.colcon_core.shell:Skip shell extension 'powershell' for command environment: Not usable outside of PowerShell
[4.095s] DEBUG:colcon.colcon_core.shell:Skip shell extension 'dsv' for command environment
[4.567s] INFO:colcon.colcon_core.task.python.build:Building Python package in '/home/koumba/robot_ws/src/navigation_cartographie_pkg'
[4.568s] INFO:colcon.colcon_core.shell:Skip shell extension 'powershell' for command environment: Not usable outside of PowerShell
[4.568s] DEBUG:colcon.colcon_core.shell:Skip shell extension 'dsv' for command environment
[5.546s] DEBUG:colcon.colcon_core.event_handler.log_command:Invoking command in '/home/koumba/robot_ws/build/battery_motor_pkg': PYTHONPATH=/home/koumba/robot_ws/build/battery_motor_pkg/prefix_override:/usr/lib/python3/dist-packages/colcon_core/task/python/colcon_distutils_commands:/home/koumba/robot_ws/install/battery_motor_pkg/lib/python3.10/site-packages:${PYTHONPATH} /usr/bin/python3 -W ignore:setup.py install is deprecated -W ignore:easy_install command is deprecated setup.py develop --editable --build-directory /home/koumba/robot_ws/build/battery_motor_pkg/build --no-deps symlink_data
[5.556s] DEBUG:colcon.colcon_core.event_handler.log_command:Invoking command in '/home/koumba/robot_ws/build/navigation_cartographie_pkg': PYTHONPATH=/home/koumba/robot_ws/build/navigation_cartographie_pkg/prefix_override:/usr/lib/python3/dist-packages/colcon_core/task/python/colcon_distutils_commands:/home/koumba/robot_ws/install/navigation_cartographie_pkg/lib/python3.10/site-packages:${PYTHONPATH} /usr/bin/python3 -W ignore:setup.py install is deprecated -W ignore:easy_install command is deprecated setup.py develop --editable --build-directory /home/koumba/robot_ws/build/navigation_cartographie_pkg/build --no-deps symlink_data
[5.560s] DEBUG:colcon.colcon_core.event_handler.log_command:Invoking command in '/home/koumba/robot_ws/build/led_supervision_pkg': PYTHONPATH=/home/koumba/robot_ws/build/led_supervision_pkg/prefix_override:/usr/lib/python3/dist-packages/colcon_core/task/python/colcon_distutils_commands:/home/koumba/robot_ws/install/led_supervision_pkg/lib/python3.10/site-packages:${PYTHONPATH} /usr/bin/python3 -W ignore:setup.py install is deprecated -W ignore:easy_install command is deprecated setup.py develop --editable --build-directory /home/koumba/robot_ws/build/led_supervision_pkg/build --no-deps symlink_data
[5.570s] DEBUG:colcon.colcon_core.event_handler.log_command:Invoking command in '/home/koumba/robot_ws/build/capteurs_pkg': PYTHONPATH=/home/koumba/robot_ws/build/capteurs_pkg/prefix_override:/usr/lib/python3/dist-packages/colcon_core/task/python/colcon_distutils_commands:/home/koumba/robot_ws/install/capteurs_pkg/lib/python3.10/site-packages:${PYTHONPATH} /usr/bin/python3 -W ignore:setup.py install is deprecated -W ignore:easy_install command is deprecated setup.py develop --editable --build-directory /home/koumba/robot_ws/build/capteurs_pkg/build --no-deps symlink_data
[5.579s] DEBUG:colcon.colcon_core.event_handler.log_command:Invoking command in '/home/koumba/robot_ws/build/controle_safety_pkg': PYTHONPATH=/home/koumba/robot_ws/build/controle_safety_pkg/prefix_override:/usr/lib/python3/dist-packages/colcon_core/task/python/colcon_distutils_commands:/home/koumba/robot_ws/install/controle_safety_pkg/lib/python3.10/site-packages:${PYTHONPATH} /usr/bin/python3 -W ignore:setup.py install is deprecated -W ignore:easy_install command is deprecated setup.py develop --editable --build-directory /home/koumba/robot_ws/build/controle_safety_pkg/build --no-deps symlink_data
[5.582s] DEBUG:colcon.colcon_core.event_handler.log_command:Invoking command in '/home/koumba/robot_ws/build/localisation_pkg': PYTHONPATH=/home/koumba/robot_ws/build/localisation_pkg/prefix_override:/usr/lib/python3/dist-packages/colcon_core/task/python/colcon_distutils_commands:/home/koumba/robot_ws/install/localisation_pkg/lib/python3.10/site-packages:${PYTHONPATH} /usr/bin/python3 -W ignore:setup.py install is deprecated -W ignore:easy_install command is deprecated setup.py develop --editable --build-directory /home/koumba/robot_ws/build/localisation_pkg/build --no-deps symlink_data
[6.579s] Level 1:colcon.colcon_core.shell:create_environment_hook('navigation_cartographie_pkg', 'pythonpath_develop')
[6.580s] INFO:colcon.colcon_core.shell:Creating environment hook '/home/koumba/robot_ws/build/navigation_cartographie_pkg/share/navigation_cartographie_pkg/hook/pythonpath_develop.ps1'
[6.582s] DEBUG:colcon.colcon_core.event_handler.log_command:Invoked command in '/home/koumba/robot_ws/build/navigation_cartographie_pkg' returned '0': PYTHONPATH=/home/koumba/robot_ws/build/navigation_cartographie_pkg/prefix_override:/usr/lib/python3/dist-packages/colcon_core/task/python/colcon_distutils_commands:/home/koumba/robot_ws/install/navigation_cartographie_pkg/lib/python3.10/site-packages:${PYTHONPATH} /usr/bin/python3 -W ignore:setup.py install is deprecated -W ignore:easy_install command is deprecated setup.py develop --editable --build-directory /home/koumba/robot_ws/build/navigation_cartographie_pkg/build --no-deps symlink_data
[6.583s] INFO:colcon.colcon_core.shell:Creating environment descriptor '/home/koumba/robot_ws/build/navigation_cartographie_pkg/share/navigation_cartographie_pkg/hook/pythonpath_develop.dsv'
[6.584s] INFO:colcon.colcon_core.shell:Creating environment hook '/home/koumba/robot_ws/build/navigation_cartographie_pkg/share/navigation_cartographie_pkg/hook/pythonpath_develop.sh'
[6.592s] Level 1:colcon.colcon_core.environment:checking '/home/koumba/robot_ws/install/navigation_cartographie_pkg' for CMake module files
[6.593s] Level 1:colcon.colcon_core.environment:checking '/home/koumba/robot_ws/install/navigation_cartographie_pkg' for CMake config files
[6.594s] Level 1:colcon.colcon_core.environment:checking '/home/koumba/robot_ws/install/navigation_cartographie_pkg/lib'
[6.594s] Level 1:colcon.colcon_core.environment:checking '/home/koumba/robot_ws/install/navigation_cartographie_pkg/bin'
[6.594s] Level 1:colcon.colcon_core.environment:checking '/home/koumba/robot_ws/install/navigation_cartographie_pkg/lib/pkgconfig/navigation_cartographie_pkg.pc'
[6.595s] Level 1:colcon.colcon_core.environment:checking '/home/koumba/robot_ws/install/navigation_cartographie_pkg/lib/python3.10/site-packages'
[6.595s] Level 1:colcon.colcon_core.shell:create_environment_hook('navigation_cartographie_pkg', 'pythonpath')
[6.595s] INFO:colcon.colcon_core.shell:Creating environment hook '/home/koumba/robot_ws/install/navigation_cartographie_pkg/share/navigation_cartographie_pkg/hook/pythonpath.ps1'
[6.596s] INFO:colcon.colcon_core.shell:Creating environment descriptor '/home/koumba/robot_ws/install/navigation_cartographie_pkg/share/navigation_cartographie_pkg/hook/pythonpath.dsv'
[6.597s] INFO:colcon.colcon_core.shell:Creating environment hook '/home/koumba/robot_ws/install/navigation_cartographie_pkg/share/navigation_cartographie_pkg/hook/pythonpath.sh'
[6.598s] Level 1:colcon.colcon_core.environment:checking '/home/koumba/robot_ws/install/navigation_cartographie_pkg/bin'
[6.598s] Level 1:colcon.colcon_core.environment:create_environment_scripts_only(navigation_cartographie_pkg)
[6.599s] INFO:colcon.colcon_core.shell:Creating package script '/home/koumba/robot_ws/install/navigation_cartographie_pkg/share/navigation_cartographie_pkg/package.ps1'
[6.602s] INFO:colcon.colcon_core.shell:Creating package descriptor '/home/koumba/robot_ws/install/navigation_cartographie_pkg/share/navigation_cartographie_pkg/package.dsv'
[6.603s] INFO:colcon.colcon_core.shell:Creating package script '/home/koumba/robot_ws/install/navigation_cartographie_pkg/share/navigation_cartographie_pkg/package.sh'
[6.605s] INFO:colcon.colcon_core.shell:Creating package script '/home/koumba/robot_ws/install/navigation_cartographie_pkg/share/navigation_cartographie_pkg/package.bash'
[6.608s] INFO:colcon.colcon_core.shell:Creating package script '/home/koumba/robot_ws/install/navigation_cartographie_pkg/share/navigation_cartographie_pkg/package.zsh'
[6.610s] Level 1:colcon.colcon_core.environment:create_file_with_runtime_dependencies(/home/koumba/robot_ws/install/navigation_cartographie_pkg/share/colcon-core/packages/navigation_cartographie_pkg)
[6.613s] Level 1:colcon.colcon_core.shell:create_environment_hook('capteurs_pkg', 'pythonpath_develop')
[6.615s] INFO:colcon.colcon_core.shell:Creating environment hook '/home/koumba/robot_ws/build/capteurs_pkg/share/capteurs_pkg/hook/pythonpath_develop.ps1'
[6.615s] DEBUG:colcon.colcon_core.event_handler.log_command:Invoked command in '/home/koumba/robot_ws/build/capteurs_pkg' returned '0': PYTHONPATH=/home/koumba/robot_ws/build/capteurs_pkg/prefix_override:/usr/lib/python3/dist-packages/colcon_core/task/python/colcon_distutils_commands:/home/koumba/robot_ws/install/capteurs_pkg/lib/python3.10/site-packages:${PYTHONPATH} /usr/bin/python3 -W ignore:setup.py install is deprecated -W ignore:easy_install command is deprecated setup.py develop --editable --build-directory /home/koumba/robot_ws/build/capteurs_pkg/build --no-deps symlink_data
[6.616s] INFO:colcon.colcon_core.shell:Creating environment descriptor '/home/koumba/robot_ws/build/capteurs_pkg/share/capteurs_pkg/hook/pythonpath_develop.dsv'
[6.617s] INFO:colcon.colcon_core.shell:Creating environment hook '/home/koumba/robot_ws/build/capteurs_pkg/share/capteurs_pkg/hook/pythonpath_develop.sh'
[6.618s] Level 1:colcon.colcon_core.environment:checking '/home/koumba/robot_ws/install/capteurs_pkg' for CMake module files
[6.619s] Level 1:colcon.colcon_core.environment:checking '/home/koumba/robot_ws/install/capteurs_pkg' for CMake config files
[6.620s] Level 1:colcon.colcon_core.environment:checking '/home/koumba/robot_ws/install/capteurs_pkg/lib'
[6.620s] Level 1:colcon.colcon_core.environment:checking '/home/koumba/robot_ws/install/capteurs_pkg/bin'
[6.620s] Level 1:colcon.colcon_core.environment:checking '/home/koumba/robot_ws/install/capteurs_pkg/lib/pkgconfig/capteurs_pkg.pc'
[6.621s] Level 1:colcon.colcon_core.environment:checking '/home/koumba/robot_ws/install/capteurs_pkg/lib/python3.10/site-packages'
[6.621s] Level 1:colcon.colcon_core.shell:create_environment_hook('capteurs_pkg', 'pythonpath')
[6.621s] INFO:colcon.colcon_core.shell:Creating environment hook '/home/koumba/robot_ws/install/capteurs_pkg/share/capteurs_pkg/hook/pythonpath.ps1'
[6.622s] INFO:colcon.colcon_core.shell:Creating environment descriptor '/home/koumba/robot_ws/install/capteurs_pkg/share/capteurs_pkg/hook/pythonpath.dsv'
[6.623s] INFO:colcon.colcon_core.shell:Creating environment hook '/home/koumba/robot_ws/install/capteurs_pkg/share/capteurs_pkg/hook/pythonpath.sh'
[6.624s] Level 1:colcon.colcon_core.environment:checking '/home/koumba/robot_ws/install/capteurs_pkg/bin'
[6.624s] Level 1:colcon.colcon_core.environment:create_environment_scripts_only(capteurs_pkg)
[6.625s] INFO:colcon.colcon_core.shell:Creating package script '/home/koumba/robot_ws/install/capteurs_pkg/share/capteurs_pkg/package.ps1'
[6.626s] INFO:colcon.colcon_core.shell:Creating package descriptor '/home/koumba/robot_ws/install/capteurs_pkg/share/capteurs_pkg/package.dsv'
[6.627s] INFO:colcon.colcon_core.shell:Creating package script '/home/koumba/robot_ws/install/capteurs_pkg/share/capteurs_pkg/package.sh'
[6.628s] INFO:colcon.colcon_core.shell:Creating package script '/home/koumba/robot_ws/install/capteurs_pkg/share/capteurs_pkg/package.bash'
[6.630s] INFO:colcon.colcon_core.shell:Creating package script '/home/koumba/robot_ws/install/capteurs_pkg/share/capteurs_pkg/package.zsh'
[6.630s] Level 1:colcon.colcon_core.environment:create_file_with_runtime_dependencies(/home/koumba/robot_ws/install/capteurs_pkg/share/colcon-core/packages/capteurs_pkg)
[6.632s] Level 1:colcon.colcon_core.shell:create_environment_hook('localisation_pkg', 'pythonpath_develop')
[6.633s] INFO:colcon.colcon_core.shell:Creating environment hook '/home/koumba/robot_ws/build/localisation_pkg/share/localisation_pkg/hook/pythonpath_develop.ps1'
[6.634s] DEBUG:colcon.colcon_core.event_handler.log_command:Invoked command in '/home/koumba/robot_ws/build/localisation_pkg' returned '0': PYTHONPATH=/home/koumba/robot_ws/build/localisation_pkg/prefix_override:/usr/lib/python3/dist-packages/colcon_core/task/python/colcon_distutils_commands:/home/koumba/robot_ws/install/localisation_pkg/lib/python3.10/site-packages:${PYTHONPATH} /usr/bin/python3 -W ignore:setup.py install is deprecated -W ignore:easy_install command is deprecated setup.py develop --editable --build-directory /home/koumba/robot_ws/build/localisation_pkg/build --no-deps symlink_data
[6.635s] INFO:colcon.colcon_core.shell:Creating environment descriptor '/home/koumba/robot_ws/build/localisation_pkg/share/localisation_pkg/hook/pythonpath_develop.dsv'
[6.635s] INFO:colcon.colcon_core.shell:Creating environment hook '/home/koumba/robot_ws/build/localisation_pkg/share/localisation_pkg/hook/pythonpath_develop.sh'
[6.636s] Level 1:colcon.colcon_core.environment:checking '/home/koumba/robot_ws/install/localisation_pkg' for CMake module files
[6.637s] Level 1:colcon.colcon_core.environment:checking '/home/koumba/robot_ws/install/localisation_pkg' for CMake config files
[6.638s] Level 1:colcon.colcon_core.environment:checking '/home/koumba/robot_ws/install/localisation_pkg/lib'
[6.638s] Level 1:colcon.colcon_core.environment:checking '/home/koumba/robot_ws/install/localisation_pkg/bin'
[6.638s] Level 1:colcon.colcon_core.environment:checking '/home/koumba/robot_ws/install/localisation_pkg/lib/pkgconfig/localisation_pkg.pc'
[6.638s] Level 1:colcon.colcon_core.environment:checking '/home/koumba/robot_ws/install/localisation_pkg/lib/python3.10/site-packages'
[6.638s] Level 1:colcon.colcon_core.shell:create_environment_hook('localisation_pkg', 'pythonpath')
[6.639s] INFO:colcon.colcon_core.shell:Creating environment hook '/home/koumba/robot_ws/install/localisation_pkg/share/localisation_pkg/hook/pythonpath.ps1'
[6.640s] INFO:colcon.colcon_core.shell:Creating environment descriptor '/home/koumba/robot_ws/install/localisation_pkg/share/localisation_pkg/hook/pythonpath.dsv'
[6.641s] INFO:colcon.colcon_core.shell:Creating environment hook '/home/koumba/robot_ws/install/localisation_pkg/share/localisation_pkg/hook/pythonpath.sh'
[6.642s] Level 1:colcon.colcon_core.environment:checking '/home/koumba/robot_ws/install/localisation_pkg/bin'
[6.643s] Level 1:colcon.colcon_core.environment:create_environment_scripts_only(localisation_pkg)
[6.643s] INFO:colcon.colcon_core.shell:Creating package script '/home/koumba/robot_ws/install/localisation_pkg/share/localisation_pkg/package.ps1'
[6.644s] INFO:colcon.colcon_core.shell:Creating package descriptor '/home/koumba/robot_ws/install/localisation_pkg/share/localisation_pkg/package.dsv'
[6.645s] INFO:colcon.colcon_core.shell:Creating package script '/home/koumba/robot_ws/install/localisation_pkg/share/localisation_pkg/package.sh'
[6.646s] INFO:colcon.colcon_core.shell:Creating package script '/home/koumba/robot_ws/install/localisation_pkg/share/localisation_pkg/package.bash'
[6.647s] INFO:colcon.colcon_core.shell:Creating package script '/home/koumba/robot_ws/install/localisation_pkg/share/localisation_pkg/package.zsh'
[6.648s] Level 1:colcon.colcon_core.environment:create_file_with_runtime_dependencies(/home/koumba/robot_ws/install/localisation_pkg/share/colcon-core/packages/localisation_pkg)
[6.652s] Level 1:colcon.colcon_core.shell:create_environment_hook('controle_safety_pkg', 'pythonpath_develop')
[6.652s] INFO:colcon.colcon_core.shell:Creating environment hook '/home/koumba/robot_ws/build/controle_safety_pkg/share/controle_safety_pkg/hook/pythonpath_develop.ps1'
[6.655s] INFO:colcon.colcon_core.shell:Creating environment descriptor '/home/koumba/robot_ws/build/controle_safety_pkg/share/controle_safety_pkg/hook/pythonpath_develop.dsv'
[6.656s] DEBUG:colcon.colcon_core.event_handler.log_command:Invoked command in '/home/koumba/robot_ws/build/controle_safety_pkg' returned '0': PYTHONPATH=/home/koumba/robot_ws/build/controle_safety_pkg/prefix_override:/usr/lib/python3/dist-packages/colcon_core/task/python/colcon_distutils_commands:/home/koumba/robot_ws/install/controle_safety_pkg/lib/python3.10/site-packages:${PYTHONPATH} /usr/bin/python3 -W ignore:setup.py install is deprecated -W ignore:easy_install command is deprecated setup.py develop --editable --build-directory /home/koumba/robot_ws/build/controle_safety_pkg/build --no-deps symlink_data
[6.657s] INFO:colcon.colcon_core.shell:Creating environment hook '/home/koumba/robot_ws/build/controle_safety_pkg/share/controle_safety_pkg/hook/pythonpath_develop.sh'
[6.658s] Level 1:colcon.colcon_core.environment:checking '/home/koumba/robot_ws/install/controle_safety_pkg' for CMake module files
[6.659s] Level 1:colcon.colcon_core.environment:checking '/home/koumba/robot_ws/install/controle_safety_pkg' for CMake config files
[6.659s] Level 1:colcon.colcon_core.environment:checking '/home/koumba/robot_ws/install/controle_safety_pkg/lib'
[6.659s] Level 1:colcon.colcon_core.environment:checking '/home/koumba/robot_ws/install/controle_safety_pkg/bin'
[6.660s] Level 1:colcon.colcon_core.environment:checking '/home/koumba/robot_ws/install/controle_safety_pkg/lib/pkgconfig/controle_safety_pkg.pc'
[6.660s] Level 1:colcon.colcon_core.environment:checking '/home/koumba/robot_ws/install/controle_safety_pkg/lib/python3.10/site-packages'
[6.660s] Level 1:colcon.colcon_core.shell:create_environment_hook('controle_safety_pkg', 'pythonpath')
[6.660s] INFO:colcon.colcon_core.shell:Creating environment hook '/home/koumba/robot_ws/install/controle_safety_pkg/share/controle_safety_pkg/hook/pythonpath.ps1'
[6.661s] INFO:colcon.colcon_core.shell:Creating environment descriptor '/home/koumba/robot_ws/install/controle_safety_pkg/share/controle_safety_pkg/hook/pythonpath.dsv'
[6.662s] INFO:colcon.colcon_core.shell:Creating environment hook '/home/koumba/robot_ws/install/controle_safety_pkg/share/controle_safety_pkg/hook/pythonpath.sh'
[6.663s] Level 1:colcon.colcon_core.environment:checking '/home/koumba/robot_ws/install/controle_safety_pkg/bin'
[6.663s] Level 1:colcon.colcon_core.environment:create_environment_scripts_only(controle_safety_pkg)
[6.664s] INFO:colcon.colcon_core.shell:Creating package script '/home/koumba/robot_ws/install/controle_safety_pkg/share/controle_safety_pkg/package.ps1'
[6.665s] INFO:colcon.colcon_core.shell:Creating package descriptor '/home/koumba/robot_ws/install/controle_safety_pkg/share/controle_safety_pkg/package.dsv'
[6.665s] INFO:colcon.colcon_core.shell:Creating package script '/home/koumba/robot_ws/install/controle_safety_pkg/share/controle_safety_pkg/package.sh'
[6.666s] INFO:colcon.colcon_core.shell:Creating package script '/home/koumba/robot_ws/install/controle_safety_pkg/share/controle_safety_pkg/package.bash'
[6.667s] INFO:colcon.colcon_core.shell:Creating package script '/home/koumba/robot_ws/install/controle_safety_pkg/share/controle_safety_pkg/package.zsh'
[6.667s] Level 1:colcon.colcon_core.environment:create_file_with_runtime_dependencies(/home/koumba/robot_ws/install/controle_safety_pkg/share/colcon-core/packages/controle_safety_pkg)
[6.667s] Level 1:colcon.colcon_core.shell:create_environment_hook('led_supervision_pkg', 'pythonpath_develop')
[6.668s] INFO:colcon.colcon_core.shell:Creating environment hook '/home/koumba/robot_ws/build/led_supervision_pkg/share/led_supervision_pkg/hook/pythonpath_develop.ps1'
[6.670s] DEBUG:colcon.colcon_core.event_handler.log_command:Invoked command in '/home/koumba/robot_ws/build/led_supervision_pkg' returned '0': PYTHONPATH=/home/koumba/robot_ws/build/led_supervision_pkg/prefix_override:/usr/lib/python3/dist-packages/colcon_core/task/python/colcon_distutils_commands:/home/koumba/robot_ws/install/led_supervision_pkg/lib/python3.10/site-packages:${PYTHONPATH} /usr/bin/python3 -W ignore:setup.py install is deprecated -W ignore:easy_install command is deprecated setup.py develop --editable --build-directory /home/koumba/robot_ws/build/led_supervision_pkg/build --no-deps symlink_data
[6.670s] INFO:colcon.colcon_core.shell:Creating environment descriptor '/home/koumba/robot_ws/build/led_supervision_pkg/share/led_supervision_pkg/hook/pythonpath_develop.dsv'
[6.671s] INFO:colcon.colcon_core.shell:Creating environment hook '/home/koumba/robot_ws/build/led_supervision_pkg/share/led_supervision_pkg/hook/pythonpath_develop.sh'
[6.673s] Level 1:colcon.colcon_core.environment:checking '/home/koumba/robot_ws/install/led_supervision_pkg' for CMake module files
[6.673s] Level 1:colcon.colcon_core.environment:checking '/home/koumba/robot_ws/install/led_supervision_pkg' for CMake config files
[6.674s] Level 1:colcon.colcon_core.environment:checking '/home/koumba/robot_ws/install/led_supervision_pkg/lib'
[6.674s] Level 1:colcon.colcon_core.environment:checking '/home/koumba/robot_ws/install/led_supervision_pkg/bin'
[6.674s] Level 1:colcon.colcon_core.environment:checking '/home/koumba/robot_ws/install/led_supervision_pkg/lib/pkgconfig/led_supervision_pkg.pc'
[6.675s] Level 1:colcon.colcon_core.environment:checking '/home/koumba/robot_ws/install/led_supervision_pkg/lib/python3.10/site-packages'
[6.675s] Level 1:colcon.colcon_core.shell:create_environment_hook('led_supervision_pkg', 'pythonpath')
[6.676s] INFO:colcon.colcon_core.shell:Creating environment hook '/home/koumba/robot_ws/install/led_supervision_pkg/share/led_supervision_pkg/hook/pythonpath.ps1'
[6.677s] INFO:colcon.colcon_core.shell:Creating environment descriptor '/home/koumba/robot_ws/install/led_supervision_pkg/share/led_supervision_pkg/hook/pythonpath.dsv'
[6.678s] INFO:colcon.colcon_core.shell:Creating environment hook '/home/koumba/robot_ws/install/led_supervision_pkg/share/led_supervision_pkg/hook/pythonpath.sh'
[6.679s] Level 1:colcon.colcon_core.environment:checking '/home/koumba/robot_ws/install/led_supervision_pkg/bin'
[6.679s] Level 1:colcon.colcon_core.environment:create_environment_scripts_only(led_supervision_pkg)
[6.680s] INFO:colcon.colcon_core.shell:Creating package script '/home/koumba/robot_ws/install/led_supervision_pkg/share/led_supervision_pkg/package.ps1'
[6.681s] INFO:colcon.colcon_core.shell:Creating package descriptor '/home/koumba/robot_ws/install/led_supervision_pkg/share/led_supervision_pkg/package.dsv'
[6.682s] INFO:colcon.colcon_core.shell:Creating package script '/home/koumba/robot_ws/install/led_supervision_pkg/share/led_supervision_pkg/package.sh'
[6.682s] INFO:colcon.colcon_core.shell:Creating package script '/home/koumba/robot_ws/install/led_supervision_pkg/share/led_supervision_pkg/package.bash'
[6.683s] INFO:colcon.colcon_core.shell:Creating package script '/home/koumba/robot_ws/install/led_supervision_pkg/share/led_supervision_pkg/package.zsh'
[6.684s] Level 1:colcon.colcon_core.environment:create_file_with_runtime_dependencies(/home/koumba/robot_ws/install/led_supervision_pkg/share/colcon-core/packages/led_supervision_pkg)
[6.684s] Level 1:colcon.colcon_core.shell:create_environment_hook('battery_motor_pkg', 'pythonpath_develop')
[6.685s] INFO:colcon.colcon_core.shell:Creating environment hook '/home/koumba/robot_ws/build/battery_motor_pkg/share/battery_motor_pkg/hook/pythonpath_develop.ps1'
[6.687s] INFO:colcon.colcon_core.shell:Creating environment descriptor '/home/koumba/robot_ws/build/battery_motor_pkg/share/battery_motor_pkg/hook/pythonpath_develop.dsv'
[6.688s] DEBUG:colcon.colcon_core.event_handler.log_command:Invoked command in '/home/koumba/robot_ws/build/battery_motor_pkg' returned '0': PYTHONPATH=/home/koumba/robot_ws/build/battery_motor_pkg/prefix_override:/usr/lib/python3/dist-packages/colcon_core/task/python/colcon_distutils_commands:/home/koumba/robot_ws/install/battery_motor_pkg/lib/python3.10/site-packages:${PYTHONPATH} /usr/bin/python3 -W ignore:setup.py install is deprecated -W ignore:easy_install command is deprecated setup.py develop --editable --build-directory /home/koumba/robot_ws/build/battery_motor_pkg/build --no-deps symlink_data
[6.689s] INFO:colcon.colcon_core.shell:Creating environment hook '/home/koumba/robot_ws/build/battery_motor_pkg/share/battery_motor_pkg/hook/pythonpath_develop.sh'
[6.690s] Level 1:colcon.colcon_core.environment:checking '/home/koumba/robot_ws/install/battery_motor_pkg' for CMake module files
[6.691s] Level 1:colcon.colcon_core.environment:checking '/home/koumba/robot_ws/install/battery_motor_pkg' for CMake config files
[6.691s] Level 1:colcon.colcon_core.environment:checking '/home/koumba/robot_ws/install/battery_motor_pkg/lib'
[6.692s] Level 1:colcon.colcon_core.environment:checking '/home/koumba/robot_ws/install/battery_motor_pkg/bin'
[6.692s] Level 1:colcon.colcon_core.environment:checking '/home/koumba/robot_ws/install/battery_motor_pkg/lib/pkgconfig/battery_motor_pkg.pc'
[6.692s] Level 1:colcon.colcon_core.environment:checking '/home/koumba/robot_ws/install/battery_motor_pkg/lib/python3.10/site-packages'
[6.692s] Level 1:colcon.colcon_core.shell:create_environment_hook('battery_motor_pkg', 'pythonpath')
[6.693s] INFO:colcon.colcon_core.shell:Creating environment hook '/home/koumba/robot_ws/install/battery_motor_pkg/share/battery_motor_pkg/hook/pythonpath.ps1'
[6.693s] INFO:colcon.colcon_core.shell:Creating environment descriptor '/home/koumba/robot_ws/install/battery_motor_pkg/share/battery_motor_pkg/hook/pythonpath.dsv'
[6.694s] INFO:colcon.colcon_core.shell:Creating environment hook '/home/koumba/robot_ws/install/battery_motor_pkg/share/battery_motor_pkg/hook/pythonpath.sh'
[6.695s] Level 1:colcon.colcon_core.environment:checking '/home/koumba/robot_ws/install/battery_motor_pkg/bin'
[6.695s] Level 1:colcon.colcon_core.environment:create_environment_scripts_only(battery_motor_pkg)
[6.696s] INFO:colcon.colcon_core.shell:Creating package script '/home/koumba/robot_ws/install/battery_motor_pkg/share/battery_motor_pkg/package.ps1'
[6.697s] INFO:colcon.colcon_core.shell:Creating package descriptor '/home/koumba/robot_ws/install/battery_motor_pkg/share/battery_motor_pkg/package.dsv'
[6.697s] INFO:colcon.colcon_core.shell:Creating package script '/home/koumba/robot_ws/install/battery_motor_pkg/share/battery_motor_pkg/package.sh'
[6.698s] INFO:colcon.colcon_core.shell:Creating package script '/home/koumba/robot_ws/install/battery_motor_pkg/share/battery_motor_pkg/package.bash'
[6.699s] INFO:colcon.colcon_core.shell:Creating package script '/home/koumba/robot_ws/install/battery_motor_pkg/share/battery_motor_pkg/package.zsh'
[6.700s] Level 1:colcon.colcon_core.environment:create_file_with_runtime_dependencies(/home/koumba/robot_ws/install/battery_motor_pkg/share/colcon-core/packages/battery_motor_pkg)
[6.700s] DEBUG:colcon.colcon_parallel_executor.executor.parallel:closing loop
[6.701s] DEBUG:colcon.colcon_parallel_executor.executor.parallel:loop closed
[6.701s] DEBUG:colcon.colcon_parallel_executor.executor.parallel:run_until_complete finished with '0'
[6.701s] DEBUG:colcon.colcon_core.event_reactor:joining thread
[6.798s] INFO:colcon.colcon_core.plugin_system:Skipping extension 'colcon_notification.desktop_notification.notify_send': Could not find 'notify-send'
[6.798s] INFO:colcon.colcon_core.plugin_system:Skipping extension 'colcon_notification.desktop_notification.terminal_notifier': Not used on non-Darwin systems
[6.798s] INFO:colcon.colcon_core.plugin_system:Skipping extension 'colcon_notification.desktop_notification.win32': Not used on non-Windows systems
[6.799s] INFO:colcon.colcon_notification.desktop_notification:Sending desktop notification using 'notify2'
[6.799s] DEBUG:colcon.colcon_notification.desktop_notification.notify2:Failed to initialize notify2: org.freedesktop.DBus.Error.FileNotFound: Failed to connect to socket /run/user/1000/bus: No such file or directory
[6.799s] DEBUG:colcon.colcon_core.event_reactor:joined thread
[6.800s] INFO:colcon.colcon_core.shell:Creating prefix script '/home/koumba/robot_ws/install/local_setup.ps1'
[6.802s] INFO:colcon.colcon_core.shell:Creating prefix util module '/home/koumba/robot_ws/install/_local_setup_util_ps1.py'
[6.805s] INFO:colcon.colcon_core.shell:Creating prefix chain script '/home/koumba/robot_ws/install/setup.ps1'
[6.807s] INFO:colcon.colcon_core.shell:Creating prefix script '/home/koumba/robot_ws/install/local_setup.sh'
[6.809s] INFO:colcon.colcon_core.shell:Creating prefix util module '/home/koumba/robot_ws/install/_local_setup_util_sh.py'
[6.810s] INFO:colcon.colcon_core.shell:Creating prefix chain script '/home/koumba/robot_ws/install/setup.sh'
[6.813s] INFO:colcon.colcon_core.shell:Creating prefix script '/home/koumba/robot_ws/install/local_setup.bash'
[6.814s] INFO:colcon.colcon_core.shell:Creating prefix chain script '/home/koumba/robot_ws/install/setup.bash'
[6.817s] INFO:colcon.colcon_core.shell:Creating prefix script '/home/koumba/robot_ws/install/local_setup.zsh'
[6.819s] INFO:colcon.colcon_core.shell:Creating prefix chain script '/home/koumba/robot_ws/install/setup.zsh'
